time="2025-03-19T11:08:53+08:00" level=info msg="Authorization: eyJhbGciOiJIUzI1NiIsInR5cCI6IkpXVCJ9.eyJhZGRyZXNzIjoiMHhDZEY2ZDg3NjJBNTE5ZTJlMTVFMTJDOGY3ODE1NkFGMzBBNUYyNDcxIiwiZXhwIjoxNzQyMzcyNDczLCJpYXQiOjE3NDIyODYwNzMsInJvbGVzIjp7IjQiOiJkb25vciIsIjUiOiJzdGFydGVyIiwiNyI6ImRvbm9yIiwiOSI6ImRvbm9yIn19.ohAFgZPQtEtbgHAxjPfr1kTnOoZ7ELXMNMldEDbbG40"
time="2025-03-19T11:08:53+08:00" level=info msg="address: 0xCdF6d8762A519e2e15E12C8f78156AF30A5F2471"
time="2025-03-19T11:08:53+08:00" level=info msg="roles: map[4:donor 5:starter 7:donor 9:donor]"
time="2025-03-19T11:08:57+08:00" level=info msg="Authorization: eyJhbGciOiJIUzI1NiIsInR5cCI6IkpXVCJ9.eyJhZGRyZXNzIjoiMHhDZEY2ZDg3NjJBNTE5ZTJlMTVFMTJDOGY3ODE1NkFGMzBBNUYyNDcxIiwiZXhwIjoxNzQyMzcyNDczLCJpYXQiOjE3NDIyODYwNzMsInJvbGVzIjp7IjQiOiJkb25vciIsIjUiOiJzdGFydGVyIiwiNyI6ImRvbm9yIiwiOSI6ImRvbm9yIn19.ohAFgZPQtEtbgHAxjPfr1kTnOoZ7ELXMNMldEDbbG40"
time="2025-03-19T11:08:57+08:00" level=info msg="address: 0xCdF6d8762A519e2e15E12C8f78156AF30A5F2471"
time="2025-03-19T11:08:57+08:00" level=info msg="roles: map[4:donor 5:starter 7:donor 9:donor]"
time="2025-03-19T11:09:23+08:00" level=info msg="acquire lock for event event:0x2bc0efb0a381508b971ff515fd57b49ee2d168716ce268b73d384c2355dbffdb:1"
time="2025-03-19T11:09:27+08:00" level=info msg="Authorization: eyJhbGciOiJIUzI1NiIsInR5cCI6IkpXVCJ9.eyJhZGRyZXNzIjoiMHhDZEY2ZDg3NjJBNTE5ZTJlMTVFMTJDOGY3ODE1NkFGMzBBNUYyNDcxIiwiZXhwIjoxNzQyMzcyNDczLCJpYXQiOjE3NDIyODYwNzMsInJvbGVzIjp7IjQiOiJkb25vciIsIjUiOiJzdGFydGVyIiwiNyI6ImRvbm9yIiwiOSI6ImRvbm9yIn19.ohAFgZPQtEtbgHAxjPfr1kTnOoZ7ELXMNMldEDbbG40"
time="2025-03-19T11:09:27+08:00" level=info msg="address: 0xCdF6d8762A519e2e15E12C8f78156AF30A5F2471"
time="2025-03-19T11:09:27+08:00" level=info msg="roles: map[4:donor 5:starter 7:donor 9:donor]"
time="2025-03-19T11:09:32+08:00" level=info msg="Authorization: eyJhbGciOiJIUzI1NiIsInR5cCI6IkpXVCJ9.eyJhZGRyZXNzIjoiMHhDZEY2ZDg3NjJBNTE5ZTJlMTVFMTJDOGY3ODE1NkFGMzBBNUYyNDcxIiwiZXhwIjoxNzQyMzcyNDczLCJpYXQiOjE3NDIyODYwNzMsInJvbGVzIjp7IjQiOiJkb25vciIsIjUiOiJzdGFydGVyIiwiNyI6ImRvbm9yIiwiOSI6ImRvbm9yIn19.ohAFgZPQtEtbgHAxjPfr1kTnOoZ7ELXMNMldEDbbG40"
time="2025-03-19T11:09:32+08:00" level=info msg="address: 0xCdF6d8762A519e2e15E12C8f78156AF30A5F2471"
time="2025-03-19T11:09:32+08:00" level=info msg="roles: map[4:donor 5:starter 7:donor 9:donor]"
time="2025-03-19T11:09:46+08:00" level=info msg="Authorization: eyJhbGciOiJIUzI1NiIsInR5cCI6IkpXVCJ9.eyJhZGRyZXNzIjoiMHhDZEY2ZDg3NjJBNTE5ZTJlMTVFMTJDOGY3ODE1NkFGMzBBNUYyNDcxIiwiZXhwIjoxNzQyNDQwMTc0LCJpYXQiOjE3NDIzNTM3NzQsInJvbGVzIjp7IjQiOiJkb25vciIsIjUiOiJzdGFydGVyIiwiNyI6ImRvbm9yIiwiOSI6ImRvbm9yIn19.XrTjlz3KYhIUU1aEQlt8aVLL6OlJ--UmfMlYzMMSox8"
time="2025-03-19T11:09:46+08:00" level=info msg="address: 0xCdF6d8762A519e2e15E12C8f78156AF30A5F2471"
time="2025-03-19T11:09:46+08:00" level=info msg="roles: map[4:donor 5:starter 7:donor 9:donor]"
time="2025-03-19T11:20:39+08:00" level=info msg="acquire lock for event event:0x97322ed73b3bf8042b96f4c38628fb0d2e437441c4f3fc6ad0754c187d79faef:1"
time="2025-03-19T11:20:40+08:00" level=info msg="Authorization: eyJhbGciOiJIUzI1NiIsInR5cCI6IkpXVCJ9.eyJhZGRyZXNzIjoiMHhDZEY2ZDg3NjJBNTE5ZTJlMTVFMTJDOGY3ODE1NkFGMzBBNUYyNDcxIiwiZXhwIjoxNzQyNDQwMTc0LCJpYXQiOjE3NDIzNTM3NzQsInJvbGVzIjp7IjQiOiJkb25vciIsIjUiOiJzdGFydGVyIiwiNyI6ImRvbm9yIiwiOSI6ImRvbm9yIn19.XrTjlz3KYhIUU1aEQlt8aVLL6OlJ--UmfMlYzMMSox8"
time="2025-03-19T11:20:40+08:00" level=info msg="address: 0xCdF6d8762A519e2e15E12C8f78156AF30A5F2471"
time="2025-03-19T11:20:40+08:00" level=info msg="roles: map[4:donor 5:starter 7:donor 9:donor]"
time="2025-03-19T11:20:45+08:00" level=info msg="Authorization: eyJhbGciOiJIUzI1NiIsInR5cCI6IkpXVCJ9.eyJhZGRyZXNzIjoiMHhDZEY2ZDg3NjJBNTE5ZTJlMTVFMTJDOGY3ODE1NkFGMzBBNUYyNDcxIiwiZXhwIjoxNzQyNDQwMTc0LCJpYXQiOjE3NDIzNTM3NzQsInJvbGVzIjp7IjQiOiJkb25vciIsIjUiOiJzdGFydGVyIiwiNyI6ImRvbm9yIiwiOSI6ImRvbm9yIn19.XrTjlz3KYhIUU1aEQlt8aVLL6OlJ--UmfMlYzMMSox8"
time="2025-03-19T11:20:45+08:00" level=info msg="address: 0xCdF6d8762A519e2e15E12C8f78156AF30A5F2471"
time="2025-03-19T11:20:45+08:00" level=info msg="roles: map[4:donor 5:starter 7:donor 9:donor]"
time="2025-03-19T11:20:48+08:00" level=info msg="Authorization: eyJhbGciOiJIUzI1NiIsInR5cCI6IkpXVCJ9.eyJhZGRyZXNzIjoiMHhDZEY2ZDg3NjJBNTE5ZTJlMTVFMTJDOGY3ODE1NkFGMzBBNUYyNDcxIiwiZXhwIjoxNzQyNDQwODQ3LCJpYXQiOjE3NDIzNTQ0NDcsInJvbGVzIjp7IjQiOiJkb25vciIsIjUiOiJzdGFydGVyIiwiNyI6ImRvbm9yIiwiOSI6ImRvbm9yIn19.8xAtTYYlw9CGo-h8C1jyXJ5Q15XTO3FUw3hA2cdENYo"
time="2025-03-19T11:20:48+08:00" level=info msg="address: 0xCdF6d8762A519e2e15E12C8f78156AF30A5F2471"
time="2025-03-19T11:20:48+08:00" level=info msg="roles: map[4:donor 5:starter 7:donor 9:donor]"
time="2025-03-19T11:27:49+08:00" level=info msg="Authorization: eyJhbGciOiJIUzI1NiIsInR5cCI6IkpXVCJ9.eyJhZGRyZXNzIjoiMHhDZEY2ZDg3NjJBNTE5ZTJlMTVFMTJDOGY3ODE1NkFGMzBBNUYyNDcxIiwiZXhwIjoxNzQyNDQwODQ3LCJpYXQiOjE3NDIzNTQ0NDcsInJvbGVzIjp7IjQiOiJkb25vciIsIjUiOiJzdGFydGVyIiwiNyI6ImRvbm9yIiwiOSI6ImRvbm9yIn19.8xAtTYYlw9CGo-h8C1jyXJ5Q15XTO3FUw3hA2cdENYo"
time="2025-03-19T11:27:49+08:00" level=info msg="address: 0xCdF6d8762A519e2e15E12C8f78156AF30A5F2471"
time="2025-03-19T11:27:49+08:00" level=info msg="roles: map[4:donor 5:starter 7:donor 9:donor]"
time="2025-03-19T11:28:36+08:00" level=info msg="acquire lock for event event:0x420d2a4ccbee3c78aed9a8c38d2543357456d0d3057e598f6af8535b0c9e7bb3:1"
time="2025-03-19T11:28:40+08:00" level=info msg="Authorization: eyJhbGciOiJIUzI1NiIsInR5cCI6IkpXVCJ9.eyJhZGRyZXNzIjoiMHhmMjFhN2U3MjU3ODdkN2YyY2IxZDZjMzNlMjkwOTFjYWQ1MjIwMDhiIiwiZXhwIjoxNzQyNDQxMjkzLCJpYXQiOjE3NDIzNTQ4OTMsInJvbGVzIjp7IjYiOiJzdGFydGVyIiwiOCI6InN0YXJ0ZXIifX0.M8grQWIyRnKcwYo6S4GvWQ7B54ous3rJGxmdx3FDPuo"
time="2025-03-19T11:28:40+08:00" level=info msg="address: 0xf21a7e725787d7f2cb1d6c33e29091cad522008b"
time="2025-03-19T11:28:40+08:00" level=info msg="roles: map[6:starter 8:starter]"
time="2025-03-19T11:28:45+08:00" level=info msg="Authorization: eyJhbGciOiJIUzI1NiIsInR5cCI6IkpXVCJ9.eyJhZGRyZXNzIjoiMHhmMjFhN2U3MjU3ODdkN2YyY2IxZDZjMzNlMjkwOTFjYWQ1MjIwMDhiIiwiZXhwIjoxNzQyNDQxMjkzLCJpYXQiOjE3NDIzNTQ4OTMsInJvbGVzIjp7IjYiOiJzdGFydGVyIiwiOCI6InN0YXJ0ZXIifX0.M8grQWIyRnKcwYo6S4GvWQ7B54ous3rJGxmdx3FDPuo"
time="2025-03-19T11:28:45+08:00" level=info msg="address: 0xf21a7e725787d7f2cb1d6c33e29091cad522008b"
time="2025-03-19T11:28:45+08:00" level=info msg="roles: map[6:starter 8:starter]"
time="2025-03-19T11:29:03+08:00" level=info msg="Authorization: eyJhbGciOiJIUzI1NiIsInR5cCI6IkpXVCJ9.eyJhZGRyZXNzIjoiMHhGMjFhN2U3MjU3ODdkN0YyQ2IxZDZjMzNlMjkwOTFDQUQ1MjIwMDhiIiwiZXhwIjoxNzQyNDQxMzI3LCJpYXQiOjE3NDIzNTQ5MjcsInJvbGVzIjp7IjYiOiJzdGFydGVyIiwiOCI6InN0YXJ0ZXIifX0.cxFucsSv_Pn_LK4ClMO4So3YI6ymLNUBjAF9mMpKP9Q"
time="2025-03-19T11:29:03+08:00" level=info msg="address: 0xF21a7e725787d7F2Cb1d6c33e29091CAD522008b"
time="2025-03-19T11:29:03+08:00" level=info msg="roles: map[6:starter 8:starter]"
time="2025-03-19T11:32:45+08:00" level=info msg="acquire lock for event event:0x6be3fc5942b1bc22233d69a16adbbe737b16b4db307b1f23aaf7927de051c90b:1"
time="2025-03-19T11:32:48+08:00" level=info msg="Authorization: eyJhbGciOiJIUzI1NiIsInR5cCI6IkpXVCJ9.eyJhZGRyZXNzIjoiMHhGMjFhN2U3MjU3ODdkN0YyQ2IxZDZjMzNlMjkwOTFDQUQ1MjIwMDhiIiwiZXhwIjoxNzQyNDQxMzI3LCJpYXQiOjE3NDIzNTQ5MjcsInJvbGVzIjp7IjYiOiJzdGFydGVyIiwiOCI6InN0YXJ0ZXIifX0.cxFucsSv_Pn_LK4ClMO4So3YI6ymLNUBjAF9mMpKP9Q"
time="2025-03-19T11:32:48+08:00" level=info msg="address: 0xF21a7e725787d7F2Cb1d6c33e29091CAD522008b"
time="2025-03-19T11:32:48+08:00" level=info msg="roles: map[6:starter 8:starter]"
time="2025-03-19T11:32:53+08:00" level=info msg="Authorization: eyJhbGciOiJIUzI1NiIsInR5cCI6IkpXVCJ9.eyJhZGRyZXNzIjoiMHhGMjFhN2U3MjU3ODdkN0YyQ2IxZDZjMzNlMjkwOTFDQUQ1MjIwMDhiIiwiZXhwIjoxNzQyNDQxMzI3LCJpYXQiOjE3NDIzNTQ5MjcsInJvbGVzIjp7IjYiOiJzdGFydGVyIiwiOCI6InN0YXJ0ZXIifX0.cxFucsSv_Pn_LK4ClMO4So3YI6ymLNUBjAF9mMpKP9Q"
time="2025-03-19T11:32:53+08:00" level=info msg="address: 0xF21a7e725787d7F2Cb1d6c33e29091CAD522008b"
time="2025-03-19T11:32:53+08:00" level=info msg="roles: map[6:starter 8:starter]"
time="2025-03-19T11:33:30+08:00" level=info msg="Authorization: eyJhbGciOiJIUzI1NiIsInR5cCI6IkpXVCJ9.eyJhZGRyZXNzIjoiMHhGMjFhN2U3MjU3ODdkN0YyQ2IxZDZjMzNlMjkwOTFDQUQ1MjIwMDhiIiwiZXhwIjoxNzQyNDQxNTc1LCJpYXQiOjE3NDIzNTUxNzUsInJvbGVzIjp7IjYiOiJzdGFydGVyIiwiOCI6InN0YXJ0ZXIifX0.sH8dr-gdglozfFjDic9lPeYYJHPths-ivhoEkN-jwEk"
time="2025-03-19T11:33:30+08:00" level=info msg="address: 0xF21a7e725787d7F2Cb1d6c33e29091CAD522008b"
time="2025-03-19T11:33:30+08:00" level=info msg="roles: map[6:starter 8:starter]"
time="2025-03-19T11:33:49+08:00" level=info msg="acquire lock for event event:0x44d05b68c9446c8acce4027b9ccad5134968deec71dd049af59d845149968cfa:1"
time="2025-03-19T11:33:52+08:00" level=info msg="Authorization: eyJhbGciOiJIUzI1NiIsInR5cCI6IkpXVCJ9.eyJhZGRyZXNzIjoiMHhGMjFhN2U3MjU3ODdkN0YyQ2IxZDZjMzNlMjkwOTFDQUQ1MjIwMDhiIiwiZXhwIjoxNzQyNDQxNTc1LCJpYXQiOjE3NDIzNTUxNzUsInJvbGVzIjp7IjYiOiJzdGFydGVyIiwiOCI6InN0YXJ0ZXIifX0.sH8dr-gdglozfFjDic9lPeYYJHPths-ivhoEkN-jwEk"
time="2025-03-19T11:33:52+08:00" level=info msg="address: 0xF21a7e725787d7F2Cb1d6c33e29091CAD522008b"
time="2025-03-19T11:33:52+08:00" level=info msg="roles: map[6:starter 8:starter]"
time="2025-03-19T11:33:57+08:00" level=info msg="Authorization: eyJhbGciOiJIUzI1NiIsInR5cCI6IkpXVCJ9.eyJhZGRyZXNzIjoiMHhGMjFhN2U3MjU3ODdkN0YyQ2IxZDZjMzNlMjkwOTFDQUQ1MjIwMDhiIiwiZXhwIjoxNzQyNDQxNTc1LCJpYXQiOjE3NDIzNTUxNzUsInJvbGVzIjp7IjYiOiJzdGFydGVyIiwiOCI6InN0YXJ0ZXIifX0.sH8dr-gdglozfFjDic9lPeYYJHPths-ivhoEkN-jwEk"
time="2025-03-19T11:33:57+08:00" level=info msg="address: 0xF21a7e725787d7F2Cb1d6c33e29091CAD522008b"
time="2025-03-19T11:33:57+08:00" level=info msg="roles: map[6:starter 8:starter]"
time="2025-03-19T11:34:01+08:00" level=info msg="Authorization: eyJhbGciOiJIUzI1NiIsInR5cCI6IkpXVCJ9.eyJhZGRyZXNzIjoiMHhGMjFhN2U3MjU3ODdkN0YyQ2IxZDZjMzNlMjkwOTFDQUQ1MjIwMDhiIiwiZXhwIjoxNzQyNDQxNjM5LCJpYXQiOjE3NDIzNTUyMzksInJvbGVzIjp7IjYiOiJzdGFydGVyIiwiNyI6ImRvbm9yIiwiOCI6InN0YXJ0ZXIifX0.MErZUKssOnYZtvJggTdnVyddI9CLLYsB0A4iqZKm66Q"
time="2025-03-19T11:34:01+08:00" level=info msg="address: 0xF21a7e725787d7F2Cb1d6c33e29091CAD522008b"
time="2025-03-19T11:34:01+08:00" level=info msg="roles: map[6:starter 7:donor 8:starter]"
time="2025-03-19T11:34:05+08:00" level=info msg="Authorization: eyJhbGciOiJIUzI1NiIsInR5cCI6IkpXVCJ9.eyJhZGRyZXNzIjoiMHhGMjFhN2U3MjU3ODdkN0YyQ2IxZDZjMzNlMjkwOTFDQUQ1MjIwMDhiIiwiZXhwIjoxNzQyNDQxNjM5LCJpYXQiOjE3NDIzNTUyMzksInJvbGVzIjp7IjYiOiJzdGFydGVyIiwiNyI6ImRvbm9yIiwiOCI6InN0YXJ0ZXIifX0.MErZUKssOnYZtvJggTdnVyddI9CLLYsB0A4iqZKm66Q"
time="2025-03-19T11:34:05+08:00" level=info msg="address: 0xF21a7e725787d7F2Cb1d6c33e29091CAD522008b"
time="2025-03-19T11:34:05+08:00" level=info msg="roles: map[6:starter 7:donor 8:starter]"
