time="2025-03-07T11:47:25+08:00" level=info msg="Authorization: eyJhbGciOiJIUzI1NiIsInR5cCI6IkpXVCJ9.eyJhZGRyZXNzIjoiMHhjRThEZTk3NDJCQkEzYTVEMDM5Q2Y3NTE2ZkNDNmE5ZUMwODM5QjZBIiwiZXhwIjoxNzQxMDYwNTQxLCJpYXQiOjE3NDA5NzQxNDEsInJvbGVzIjp7IjQiOiJzdGFydGVyIiwiNyI6InN0YXJ0ZXIifX0.giKEieFk0vKeQLAr8xOk90dl7oAZHPxo7LkGSm5Jn8Y"
time="2025-03-07T11:47:47+08:00" level=info msg="Authorization: eyJhbGciOiJIUzI1NiIsInR5cCI6IkpXVCJ9.eyJhZGRyZXNzIjoiMHhjRThEZTk3NDJCQkEzYTVEMDM5Q2Y3NTE2ZkNDNmE5ZUMwODM5QjZBIiwiZXhwIjoxNzQxMDYwNTQxLCJpYXQiOjE3NDA5NzQxNDEsInJvbGVzIjp7IjQiOiJzdGFydGVyIiwiNyI6InN0YXJ0ZXIifX0.giKEieFk0vKeQLAr8xOk90dl7oAZHPxo7LkGSm5Jn8Y"
time="2025-03-07T11:48:29+08:00" level=info msg="Authorization: eyJhbGciOiJIUzI1NiIsInR5cCI6IkpXVCJ9.eyJhZGRyZXNzIjoiMHhjRThEZTk3NDJCQkEzYTVEMDM5Q2Y3NTE2ZkNDNmE5ZUMwODM5QjZBIiwiZXhwIjoxNzQxMDYwNTQxLCJpYXQiOjE3NDA5NzQxNDEsInJvbGVzIjp7IjQiOiJzdGFydGVyIiwiNyI6InN0YXJ0ZXIifX0.giKEieFk0vKeQLAr8xOk90dl7oAZHPxo7LkGSm5Jn8Y"
time="2025-03-07T11:48:49+08:00" level=info msg="Authorization: eyJhbGciOiJIUzI1NiIsInR5cCI6IkpXVCJ9.eyJhZGRyZXNzIjoiMHhjRThEZTk3NDJCQkEzYTVEMDM5Q2Y3NTE2ZkNDNmE5ZUMwODM5QjZBIiwiZXhwIjoxNzQxMDYwNTQxLCJpYXQiOjE3NDA5NzQxNDEsInJvbGVzIjp7IjQiOiJzdGFydGVyIiwiNyI6InN0YXJ0ZXIifX0.giKEieFk0vKeQLAr8xOk90dl7oAZHPxo7LkGSm5Jn8Y"
time="2025-03-07T11:52:46+08:00" level=info msg="Authorization: eyJhbGciOiJIUzI1NiIsInR5cCI6IkpXVCJ9.eyJhZGRyZXNzIjoiMHhmMjFhN2U3MjU3ODdkN2YyY2IxZDZjMzNlMjkwOTFjYWQ1MjIwMDhiIiwiZXhwIjoxNzQxNDA1OTYyLCJpYXQiOjE3NDEzMTk1NjIsInJvbGVzIjp7IjYiOiJzdGFydGVyIn19.dG_KIxnPDi5gVk_yhEgPW03QBRexhEq6B6D2JiMRzXo"
time="2025-03-07T11:52:46+08:00" level=info msg="address: 0xf21a7e725787d7f2cb1d6c33e29091cad522008b"
time="2025-03-07T11:52:46+08:00" level=info msg="roles: map[6:starter]"
time="2025-03-07T11:53:41+08:00" level=info msg="acquire lock for event event:0x210b375063f4714e7e02cb2ea92e04e12ccacbb4b8807c262c1aa8d202fac7ba:1"
time="2025-03-07T11:53:47+08:00" level=info msg="Authorization: eyJhbGciOiJIUzI1NiIsInR5cCI6IkpXVCJ9.eyJhZGRyZXNzIjoiMHhmMjFhN2U3MjU3ODdkN2YyY2IxZDZjMzNlMjkwOTFjYWQ1MjIwMDhiIiwiZXhwIjoxNzQxNDA1OTYyLCJpYXQiOjE3NDEzMTk1NjIsInJvbGVzIjp7IjYiOiJzdGFydGVyIn19.dG_KIxnPDi5gVk_yhEgPW03QBRexhEq6B6D2JiMRzXo"
time="2025-03-07T11:53:47+08:00" level=info msg="address: 0xf21a7e725787d7f2cb1d6c33e29091cad522008b"
time="2025-03-07T11:53:47+08:00" level=info msg="roles: map[6:starter]"
time="2025-03-07T11:53:54+08:00" level=info msg="Authorization: eyJhbGciOiJIUzI1NiIsInR5cCI6IkpXVCJ9.eyJhZGRyZXNzIjoiMHhGMjFhN2U3MjU3ODdkN0YyQ2IxZDZjMzNlMjkwOTFDQUQ1MjIwMDhiIiwiZXhwIjoxNzQxNDA2MDI5LCJpYXQiOjE3NDEzMTk2MjksInJvbGVzIjp7IjYiOiJzdGFydGVyIiwiOCI6InN0YXJ0ZXIifX0.mI56v8GYMDMIhGQUzlNUr3BGbHlO0znSi4Mu49SoNi0"
time="2025-03-07T11:53:54+08:00" level=info msg="address: 0xF21a7e725787d7F2Cb1d6c33e29091CAD522008b"
time="2025-03-07T11:53:54+08:00" level=info msg="roles: map[6:starter 8:starter]"
time="2025-03-07T11:53:57+08:00" level=info msg="Authorization: eyJhbGciOiJIUzI1NiIsInR5cCI6IkpXVCJ9.eyJhZGRyZXNzIjoiMHhGMjFhN2U3MjU3ODdkN0YyQ2IxZDZjMzNlMjkwOTFDQUQ1MjIwMDhiIiwiZXhwIjoxNzQxNDA2MDI5LCJpYXQiOjE3NDEzMTk2MjksInJvbGVzIjp7IjYiOiJzdGFydGVyIiwiOCI6InN0YXJ0ZXIifX0.mI56v8GYMDMIhGQUzlNUr3BGbHlO0znSi4Mu49SoNi0"
time="2025-03-07T11:53:57+08:00" level=info msg="address: 0xF21a7e725787d7F2Cb1d6c33e29091CAD522008b"
time="2025-03-07T11:53:57+08:00" level=info msg="roles: map[6:starter 8:starter]"
time="2025-03-07T11:54:04+08:00" level=info msg="Authorization: eyJhbGciOiJIUzI1NiIsInR5cCI6IkpXVCJ9.eyJhZGRyZXNzIjoiMHhGMjFhN2U3MjU3ODdkN0YyQ2IxZDZjMzNlMjkwOTFDQUQ1MjIwMDhiIiwiZXhwIjoxNzQxNDA2MDI5LCJpYXQiOjE3NDEzMTk2MjksInJvbGVzIjp7IjYiOiJzdGFydGVyIiwiOCI6InN0YXJ0ZXIifX0.mI56v8GYMDMIhGQUzlNUr3BGbHlO0znSi4Mu49SoNi0"
time="2025-03-07T11:54:04+08:00" level=info msg="address: 0xF21a7e725787d7F2Cb1d6c33e29091CAD522008b"
time="2025-03-07T11:54:04+08:00" level=info msg="roles: map[6:starter 8:starter]"
