time="2025-02-28T09:51:51+08:00" level=info msg="Authorization: Bearer eyJhbGciOiJIUzI1NiIsInR5cCI6IkpXVCJ9.eyJhZGRyZXNzIjoiMHhDZEY2ZDg3NjJBNTE5ZTJlMTVFMTJDOGY3ODE1NkFGMzBBNUYyNDcxIiwiZXhwIjoxNzQwNzkwODIxLCJpYXQiOjE3NDA3MDQ0MjEsInJvbGUiOiJ1c2VyIn0.YjXTZVWwIHZbQJVoUzZtLl18Nh3EcOmwmX6CLYAJ5Ww"
time="2025-02-28T09:52:15+08:00" level=info msg="Authorization: Bearer eyJhbGciOiJIUzI1NiIsInR5cCI6IkpXVCJ9.eyJhZGRyZXNzIjoiMHhDZEY2ZDg3NjJBNTE5ZTJlMTVFMTJDOGY3ODE1NkFGMzBBNUYyNDcxIiwiZXhwIjoxNzQwNzkwODIxLCJpYXQiOjE3NDA3MDQ0MjEsInJvbGUiOiJ1c2VyIn0.YjXTZVWwIHZbQJVoUzZtLl18Nh3EcOmwmX6CLYAJ5Ww"
time="2025-02-28T09:54:01+08:00" level=info msg="Authorization: Bearer eyJhbGciOiJIUzI1NiIsInR5cCI6IkpXVCJ9.eyJhZGRyZXNzIjoiMHhDZEY2ZDg3NjJBNTE5ZTJlMTVFMTJDOGY3ODE1NkFGMzBBNUYyNDcxIiwiZXhwIjoxNzQwNzkwODIxLCJpYXQiOjE3NDA3MDQ0MjEsInJvbGUiOiJ1c2VyIn0.YjXTZVWwIHZbQJVoUzZtLl18Nh3EcOmwmX6CLYAJ5Ww"
time="2025-02-28T09:54:55+08:00" level=info msg="Authorization: eyJhbGciOiJIUzI1NiIsInR5cCI6IkpXVCJ9.eyJhZGRyZXNzIjoiMHhDZEY2ZDg3NjJBNTE5ZTJlMTVFMTJDOGY3ODE1NkFGMzBBNUYyNDcxIiwiZXhwIjoxNzQwNzkwODIxLCJpYXQiOjE3NDA3MDQ0MjEsInJvbGUiOiJ1c2VyIn0.YjXTZVWwIHZbQJVoUzZtLl18Nh3EcOmwmX6CLYAJ5Ww"
time="2025-02-28T09:54:55+08:00" level=info msg="Authorization: eyJhbGciOiJIUzI1NiIsInR5cCI6IkpXVCJ9.eyJhZGRyZXNzIjoiMHhDZEY2ZDg3NjJBNTE5ZTJlMTVFMTJDOGY3ODE1NkFGMzBBNUYyNDcxIiwiZXhwIjoxNzQwNzkwODIxLCJpYXQiOjE3NDA3MDQ0MjEsInJvbGUiOiJ1c2VyIn0.YjXTZVWwIHZbQJVoUzZtLl18Nh3EcOmwmX6CLYAJ5Ww"
time="2025-02-28T09:54:55+08:00" level=info msg="address: 0xCdF6d8762A519e2e15E12C8f78156AF30A5F2471"
time="2025-02-28T09:54:55+08:00" level=info msg="role: user"
time="2025-02-28T09:54:55+08:00" level=info msg="address: 0xCdF6d8762A519e2e15E12C8f78156AF30A5F2471"
time="2025-02-28T09:54:55+08:00" level=info msg="role: user"
time="2025-02-28T09:54:55+08:00" level=info msg="Authorization: eyJhbGciOiJIUzI1NiIsInR5cCI6IkpXVCJ9.eyJhZGRyZXNzIjoiMHhDZEY2ZDg3NjJBNTE5ZTJlMTVFMTJDOGY3ODE1NkFGMzBBNUYyNDcxIiwiZXhwIjoxNzQwNzkwODIxLCJpYXQiOjE3NDA3MDQ0MjEsInJvbGUiOiJ1c2VyIn0.YjXTZVWwIHZbQJVoUzZtLl18Nh3EcOmwmX6CLYAJ5Ww"
time="2025-02-28T09:54:55+08:00" level=info msg="address: 0xCdF6d8762A519e2e15E12C8f78156AF30A5F2471"
time="2025-02-28T09:54:55+08:00" level=info msg="role: user"
time="2025-02-28T09:55:14+08:00" level=info msg="Authorization: eyJhbGciOiJIUzI1NiIsInR5cCI6IkpXVCJ9.eyJhZGRyZXNzIjoiMHhDZEY2ZDg3NjJBNTE5ZTJlMTVFMTJDOGY3ODE1NkFGMzBBNUYyNDcxIiwiZXhwIjoxNzQwNzkwODIxLCJpYXQiOjE3NDA3MDQ0MjEsInJvbGUiOiJ1c2VyIn0.YjXTZVWwIHZbQJVoUzZtLl18Nh3EcOmwmX6CLYAJ5Ww"
time="2025-02-28T09:55:14+08:00" level=info msg="address: 0xCdF6d8762A519e2e15E12C8f78156AF30A5F2471"
time="2025-02-28T09:55:14+08:00" level=info msg="role: user"
time="2025-02-28T09:55:35+08:00" level=info msg="Authorization: eyJhbGciOiJIUzI1NiIsInR5cCI6IkpXVCJ9.eyJhZGRyZXNzIjoiMHhjRThEZTk3NDJCQkEzYTVEMDM5Q2Y3NTE2ZkNDNmE5ZUMwODM5QjZBIiwiZXhwIjoxNzQwNzkzNjIxLCJpYXQiOjE3NDA3MDcyMjEsInJvbGUiOiJ1c2VyIn0.8z-MmcU5jR2thwXwRtd4XlhQGI4EPV7MZwI6LdzCxLY"
time="2025-02-28T09:55:35+08:00" level=info msg="address: 0xcE8De9742BBA3a5D039Cf7516fCC6a9eC0839B6A"
time="2025-02-28T09:55:35+08:00" level=info msg="role: user"
time="2025-02-28T09:55:51+08:00" level=info msg="Authorization: eyJhbGciOiJIUzI1NiIsInR5cCI6IkpXVCJ9.eyJhZGRyZXNzIjoiMHhjRThEZTk3NDJCQkEzYTVEMDM5Q2Y3NTE2ZkNDNmE5ZUMwODM5QjZBIiwiZXhwIjoxNzQwNzkzNjIxLCJpYXQiOjE3NDA3MDcyMjEsInJvbGUiOiJ1c2VyIn0.8z-MmcU5jR2thwXwRtd4XlhQGI4EPV7MZwI6LdzCxLY"
time="2025-02-28T09:55:51+08:00" level=info msg="address: 0xcE8De9742BBA3a5D039Cf7516fCC6a9eC0839B6A"
time="2025-02-28T09:55:51+08:00" level=info msg="role: user"
time="2025-02-28T09:55:51+08:00" level=info msg="Authorization: eyJhbGciOiJIUzI1NiIsInR5cCI6IkpXVCJ9.eyJhZGRyZXNzIjoiMHhjRThEZTk3NDJCQkEzYTVEMDM5Q2Y3NTE2ZkNDNmE5ZUMwODM5QjZBIiwiZXhwIjoxNzQwNzkzNjIxLCJpYXQiOjE3NDA3MDcyMjEsInJvbGUiOiJ1c2VyIn0.8z-MmcU5jR2thwXwRtd4XlhQGI4EPV7MZwI6LdzCxLY"
time="2025-02-28T09:55:51+08:00" level=info msg="address: 0xcE8De9742BBA3a5D039Cf7516fCC6a9eC0839B6A"
time="2025-02-28T09:55:51+08:00" level=info msg="role: user"
time="2025-02-28T09:55:51+08:00" level=info msg="Authorization: eyJhbGciOiJIUzI1NiIsInR5cCI6IkpXVCJ9.eyJhZGRyZXNzIjoiMHhjRThEZTk3NDJCQkEzYTVEMDM5Q2Y3NTE2ZkNDNmE5ZUMwODM5QjZBIiwiZXhwIjoxNzQwNzkzNjIxLCJpYXQiOjE3NDA3MDcyMjEsInJvbGUiOiJ1c2VyIn0.8z-MmcU5jR2thwXwRtd4XlhQGI4EPV7MZwI6LdzCxLY"
time="2025-02-28T09:55:51+08:00" level=info msg="address: 0xcE8De9742BBA3a5D039Cf7516fCC6a9eC0839B6A"
time="2025-02-28T09:55:51+08:00" level=info msg="Authorization: eyJhbGciOiJIUzI1NiIsInR5cCI6IkpXVCJ9.eyJhZGRyZXNzIjoiMHhjRThEZTk3NDJCQkEzYTVEMDM5Q2Y3NTE2ZkNDNmE5ZUMwODM5QjZBIiwiZXhwIjoxNzQwNzkzNjIxLCJpYXQiOjE3NDA3MDcyMjEsInJvbGUiOiJ1c2VyIn0.8z-MmcU5jR2thwXwRtd4XlhQGI4EPV7MZwI6LdzCxLY"
time="2025-02-28T09:55:51+08:00" level=info msg="role: user"
time="2025-02-28T09:55:51+08:00" level=info msg="address: 0xcE8De9742BBA3a5D039Cf7516fCC6a9eC0839B6A"
time="2025-02-28T09:55:51+08:00" level=info msg="role: user"
time="2025-02-28T09:56:12+08:00" level=info msg="Authorization: eyJhbGciOiJIUzI1NiIsInR5cCI6IkpXVCJ9.eyJhZGRyZXNzIjoiMHhjRThEZTk3NDJCQkEzYTVEMDM5Q2Y3NTE2ZkNDNmE5ZUMwODM5QjZBIiwiZXhwIjoxNzQwNzkzNjIxLCJpYXQiOjE3NDA3MDcyMjEsInJvbGUiOiJ1c2VyIn0.8z-MmcU5jR2thwXwRtd4XlhQGI4EPV7MZwI6LdzCxLY"
time="2025-02-28T09:56:12+08:00" level=info msg="address: 0xcE8De9742BBA3a5D039Cf7516fCC6a9eC0839B6A"
time="2025-02-28T09:56:12+08:00" level=info msg="role: user"
time="2025-02-28T09:56:12+08:00" level=info msg="Authorization: eyJhbGciOiJIUzI1NiIsInR5cCI6IkpXVCJ9.eyJhZGRyZXNzIjoiMHhjRThEZTk3NDJCQkEzYTVEMDM5Q2Y3NTE2ZkNDNmE5ZUMwODM5QjZBIiwiZXhwIjoxNzQwNzkzNjIxLCJpYXQiOjE3NDA3MDcyMjEsInJvbGUiOiJ1c2VyIn0.8z-MmcU5jR2thwXwRtd4XlhQGI4EPV7MZwI6LdzCxLY"
time="2025-02-28T09:56:12+08:00" level=info msg="address: 0xcE8De9742BBA3a5D039Cf7516fCC6a9eC0839B6A"
time="2025-02-28T09:56:12+08:00" level=info msg="role: user"
time="2025-02-28T09:56:12+08:00" level=info msg="Authorization: eyJhbGciOiJIUzI1NiIsInR5cCI6IkpXVCJ9.eyJhZGRyZXNzIjoiMHhjRThEZTk3NDJCQkEzYTVEMDM5Q2Y3NTE2ZkNDNmE5ZUMwODM5QjZBIiwiZXhwIjoxNzQwNzkzNjIxLCJpYXQiOjE3NDA3MDcyMjEsInJvbGUiOiJ1c2VyIn0.8z-MmcU5jR2thwXwRtd4XlhQGI4EPV7MZwI6LdzCxLY"
time="2025-02-28T09:56:12+08:00" level=info msg="address: 0xcE8De9742BBA3a5D039Cf7516fCC6a9eC0839B6A"
time="2025-02-28T09:56:12+08:00" level=info msg="Authorization: eyJhbGciOiJIUzI1NiIsInR5cCI6IkpXVCJ9.eyJhZGRyZXNzIjoiMHhjRThEZTk3NDJCQkEzYTVEMDM5Q2Y3NTE2ZkNDNmE5ZUMwODM5QjZBIiwiZXhwIjoxNzQwNzkzNjIxLCJpYXQiOjE3NDA3MDcyMjEsInJvbGUiOiJ1c2VyIn0.8z-MmcU5jR2thwXwRtd4XlhQGI4EPV7MZwI6LdzCxLY"
time="2025-02-28T09:56:12+08:00" level=info msg="role: user"
time="2025-02-28T09:56:12+08:00" level=info msg="address: 0xcE8De9742BBA3a5D039Cf7516fCC6a9eC0839B6A"
time="2025-02-28T09:56:12+08:00" level=info msg="role: user"
time="2025-02-28T09:56:17+08:00" level=info msg="Authorization: eyJhbGciOiJIUzI1NiIsInR5cCI6IkpXVCJ9.eyJhZGRyZXNzIjoiMHhjRThEZTk3NDJCQkEzYTVEMDM5Q2Y3NTE2ZkNDNmE5ZUMwODM5QjZBIiwiZXhwIjoxNzQwNzkzNjIxLCJpYXQiOjE3NDA3MDcyMjEsInJvbGUiOiJ1c2VyIn0.8z-MmcU5jR2thwXwRtd4XlhQGI4EPV7MZwI6LdzCxLY"
time="2025-02-28T09:56:17+08:00" level=info msg="address: 0xcE8De9742BBA3a5D039Cf7516fCC6a9eC0839B6A"
time="2025-02-28T09:56:17+08:00" level=info msg="role: user"
time="2025-02-28T10:12:16+08:00" level=info msg="Authorization: eyJhbGciOiJIUzI1NiIsInR5cCI6IkpXVCJ9.eyJhZGRyZXNzIjoiMHhjRThEZTk3NDJCQkEzYTVEMDM5Q2Y3NTE2ZkNDNmE5ZUMwODM5QjZBIiwiZXhwIjoxNzQwNzkzNjIxLCJpYXQiOjE3NDA3MDcyMjEsInJvbGUiOiJ1c2VyIn0.8z-MmcU5jR2thwXwRtd4XlhQGI4EPV7MZwI6LdzCxLY"
time="2025-02-28T10:12:16+08:00" level=info msg="address: 0xcE8De9742BBA3a5D039Cf7516fCC6a9eC0839B6A"
time="2025-02-28T10:12:16+08:00" level=info msg="role: user"
time="2025-02-28T10:12:16+08:00" level=info msg="Authorization: eyJhbGciOiJIUzI1NiIsInR5cCI6IkpXVCJ9.eyJhZGRyZXNzIjoiMHhjRThEZTk3NDJCQkEzYTVEMDM5Q2Y3NTE2ZkNDNmE5ZUMwODM5QjZBIiwiZXhwIjoxNzQwNzkzNjIxLCJpYXQiOjE3NDA3MDcyMjEsInJvbGUiOiJ1c2VyIn0.8z-MmcU5jR2thwXwRtd4XlhQGI4EPV7MZwI6LdzCxLY"
time="2025-02-28T10:12:16+08:00" level=info msg="address: 0xcE8De9742BBA3a5D039Cf7516fCC6a9eC0839B6A"
time="2025-02-28T10:12:16+08:00" level=info msg="role: user"
time="2025-02-28T10:12:16+08:00" level=info msg="Authorization: eyJhbGciOiJIUzI1NiIsInR5cCI6IkpXVCJ9.eyJhZGRyZXNzIjoiMHhjRThEZTk3NDJCQkEzYTVEMDM5Q2Y3NTE2ZkNDNmE5ZUMwODM5QjZBIiwiZXhwIjoxNzQwNzkzNjIxLCJpYXQiOjE3NDA3MDcyMjEsInJvbGUiOiJ1c2VyIn0.8z-MmcU5jR2thwXwRtd4XlhQGI4EPV7MZwI6LdzCxLY"
time="2025-02-28T10:12:16+08:00" level=info msg="address: 0xcE8De9742BBA3a5D039Cf7516fCC6a9eC0839B6A"
time="2025-02-28T10:12:16+08:00" level=info msg="role: user"
time="2025-02-28T10:12:16+08:00" level=info msg="Authorization: eyJhbGciOiJIUzI1NiIsInR5cCI6IkpXVCJ9.eyJhZGRyZXNzIjoiMHhjRThEZTk3NDJCQkEzYTVEMDM5Q2Y3NTE2ZkNDNmE5ZUMwODM5QjZBIiwiZXhwIjoxNzQwNzkzNjIxLCJpYXQiOjE3NDA3MDcyMjEsInJvbGUiOiJ1c2VyIn0.8z-MmcU5jR2thwXwRtd4XlhQGI4EPV7MZwI6LdzCxLY"
time="2025-02-28T10:12:16+08:00" level=info msg="address: 0xcE8De9742BBA3a5D039Cf7516fCC6a9eC0839B6A"
time="2025-02-28T10:12:16+08:00" level=info msg="role: user"
time="2025-02-28T10:12:16+08:00" level=info msg="Authorization: eyJhbGciOiJIUzI1NiIsInR5cCI6IkpXVCJ9.eyJhZGRyZXNzIjoiMHhjRThEZTk3NDJCQkEzYTVEMDM5Q2Y3NTE2ZkNDNmE5ZUMwODM5QjZBIiwiZXhwIjoxNzQwNzkzNjIxLCJpYXQiOjE3NDA3MDcyMjEsInJvbGUiOiJ1c2VyIn0.8z-MmcU5jR2thwXwRtd4XlhQGI4EPV7MZwI6LdzCxLY"
time="2025-02-28T10:12:16+08:00" level=info msg="address: 0xcE8De9742BBA3a5D039Cf7516fCC6a9eC0839B6A"
time="2025-02-28T10:12:16+08:00" level=info msg="role: user"
time="2025-02-28T10:12:16+08:00" level=info msg="Authorization: eyJhbGciOiJIUzI1NiIsInR5cCI6IkpXVCJ9.eyJhZGRyZXNzIjoiMHhjRThEZTk3NDJCQkEzYTVEMDM5Q2Y3NTE2ZkNDNmE5ZUMwODM5QjZBIiwiZXhwIjoxNzQwNzkzNjIxLCJpYXQiOjE3NDA3MDcyMjEsInJvbGUiOiJ1c2VyIn0.8z-MmcU5jR2thwXwRtd4XlhQGI4EPV7MZwI6LdzCxLY"
time="2025-02-28T10:12:16+08:00" level=info msg="address: 0xcE8De9742BBA3a5D039Cf7516fCC6a9eC0839B6A"
time="2025-02-28T10:12:16+08:00" level=info msg="role: user"
time="2025-02-28T10:12:56+08:00" level=info msg="Authorization: eyJhbGciOiJIUzI1NiIsInR5cCI6IkpXVCJ9.eyJhZGRyZXNzIjoiMHhjRThEZTk3NDJCQkEzYTVEMDM5Q2Y3NTE2ZkNDNmE5ZUMwODM5QjZBIiwiZXhwIjoxNzQwNzkzNjIxLCJpYXQiOjE3NDA3MDcyMjEsInJvbGUiOiJ1c2VyIn0.8z-MmcU5jR2thwXwRtd4XlhQGI4EPV7MZwI6LdzCxLY"
time="2025-02-28T10:12:56+08:00" level=info msg="address: 0xcE8De9742BBA3a5D039Cf7516fCC6a9eC0839B6A"
time="2025-02-28T10:12:56+08:00" level=info msg="role: user"
time="2025-02-28T10:12:56+08:00" level=info msg="Authorization: eyJhbGciOiJIUzI1NiIsInR5cCI6IkpXVCJ9.eyJhZGRyZXNzIjoiMHhjRThEZTk3NDJCQkEzYTVEMDM5Q2Y3NTE2ZkNDNmE5ZUMwODM5QjZBIiwiZXhwIjoxNzQwNzkzNjIxLCJpYXQiOjE3NDA3MDcyMjEsInJvbGUiOiJ1c2VyIn0.8z-MmcU5jR2thwXwRtd4XlhQGI4EPV7MZwI6LdzCxLY"
time="2025-02-28T10:12:56+08:00" level=info msg="Authorization: eyJhbGciOiJIUzI1NiIsInR5cCI6IkpXVCJ9.eyJhZGRyZXNzIjoiMHhjRThEZTk3NDJCQkEzYTVEMDM5Q2Y3NTE2ZkNDNmE5ZUMwODM5QjZBIiwiZXhwIjoxNzQwNzkzNjIxLCJpYXQiOjE3NDA3MDcyMjEsInJvbGUiOiJ1c2VyIn0.8z-MmcU5jR2thwXwRtd4XlhQGI4EPV7MZwI6LdzCxLY"
time="2025-02-28T10:12:56+08:00" level=info msg="address: 0xcE8De9742BBA3a5D039Cf7516fCC6a9eC0839B6A"
time="2025-02-28T10:12:56+08:00" level=info msg="role: user"
time="2025-02-28T10:12:56+08:00" level=info msg="address: 0xcE8De9742BBA3a5D039Cf7516fCC6a9eC0839B6A"
time="2025-02-28T10:12:56+08:00" level=info msg="role: user"
time="2025-02-28T10:12:56+08:00" level=info msg="Authorization: eyJhbGciOiJIUzI1NiIsInR5cCI6IkpXVCJ9.eyJhZGRyZXNzIjoiMHhjRThEZTk3NDJCQkEzYTVEMDM5Q2Y3NTE2ZkNDNmE5ZUMwODM5QjZBIiwiZXhwIjoxNzQwNzkzNjIxLCJpYXQiOjE3NDA3MDcyMjEsInJvbGUiOiJ1c2VyIn0.8z-MmcU5jR2thwXwRtd4XlhQGI4EPV7MZwI6LdzCxLY"
time="2025-02-28T10:12:56+08:00" level=info msg="Authorization: eyJhbGciOiJIUzI1NiIsInR5cCI6IkpXVCJ9.eyJhZGRyZXNzIjoiMHhjRThEZTk3NDJCQkEzYTVEMDM5Q2Y3NTE2ZkNDNmE5ZUMwODM5QjZBIiwiZXhwIjoxNzQwNzkzNjIxLCJpYXQiOjE3NDA3MDcyMjEsInJvbGUiOiJ1c2VyIn0.8z-MmcU5jR2thwXwRtd4XlhQGI4EPV7MZwI6LdzCxLY"
time="2025-02-28T10:12:56+08:00" level=info msg="address: 0xcE8De9742BBA3a5D039Cf7516fCC6a9eC0839B6A"
time="2025-02-28T10:12:56+08:00" level=info msg="address: 0xcE8De9742BBA3a5D039Cf7516fCC6a9eC0839B6A"
time="2025-02-28T10:12:56+08:00" level=info msg="role: user"
time="2025-02-28T10:12:56+08:00" level=info msg="role: user"
time="2025-02-28T10:12:56+08:00" level=info msg="Authorization: eyJhbGciOiJIUzI1NiIsInR5cCI6IkpXVCJ9.eyJhZGRyZXNzIjoiMHhjRThEZTk3NDJCQkEzYTVEMDM5Q2Y3NTE2ZkNDNmE5ZUMwODM5QjZBIiwiZXhwIjoxNzQwNzkzNjIxLCJpYXQiOjE3NDA3MDcyMjEsInJvbGUiOiJ1c2VyIn0.8z-MmcU5jR2thwXwRtd4XlhQGI4EPV7MZwI6LdzCxLY"
time="2025-02-28T10:12:56+08:00" level=info msg="address: 0xcE8De9742BBA3a5D039Cf7516fCC6a9eC0839B6A"
time="2025-02-28T10:12:56+08:00" level=info msg="role: user"
time="2025-02-28T19:24:38+08:00" level=info msg="Authorization: "
time="2025-02-28T19:37:52+08:00" level=info msg="Authorization: eyJhbGciOiJIUzI1NiIsInR5cCI6IkpXVCJ9.eyJhZGRyZXNzIjoiMHhjRThEZTk3NDJCQkEzYTVEMDM5Q2Y3NTE2ZkNDNmE5ZUMwODM5QjZBIiwiZXhwIjoxNzQwODI5MDUyLCJpYXQiOjE3NDA3NDI2NTIsInJvbGVzIjp7fX0._uYjPZ-YTMOFDDm6yYtOJOM4_qIPGQJZotuU7GRRKeI"
time="2025-02-28T19:37:52+08:00" level=info msg="address: 0xcE8De9742BBA3a5D039Cf7516fCC6a9eC0839B6A"
time="2025-02-28T19:37:52+08:00" level=info msg="roles: map[]"
time="2025-02-28T19:39:18+08:00" level=info msg="Authorization: eyJhbGciOiJIUzI1NiIsInR5cCI6IkpXVCJ9.eyJhZGRyZXNzIjoiMHhjRThEZTk3NDJCQkEzYTVEMDM5Q2Y3NTE2ZkNDNmE5ZUMwODM5QjZBIiwiZXhwIjoxNzQwODI5MDUyLCJpYXQiOjE3NDA3NDI2NTIsInJvbGVzIjp7fX0._uYjPZ-YTMOFDDm6yYtOJOM4_qIPGQJZotuU7GRRKeI"
time="2025-02-28T19:39:18+08:00" level=info msg="address: 0xcE8De9742BBA3a5D039Cf7516fCC6a9eC0839B6A"
time="2025-02-28T19:39:18+08:00" level=info msg="roles: map[]"
time="2025-02-28T19:42:29+08:00" level=info msg="Authorization: eyJhbGciOiJIUzI1NiIsInR5cCI6IkpXVCJ9.eyJhZGRyZXNzIjoiMHhjRThEZTk3NDJCQkEzYTVEMDM5Q2Y3NTE2ZkNDNmE5ZUMwODM5QjZBIiwiZXhwIjoxNzQwODI5MDUyLCJpYXQiOjE3NDA3NDI2NTIsInJvbGVzIjp7fX0._uYjPZ-YTMOFDDm6yYtOJOM4_qIPGQJZotuU7GRRKeI"
time="2025-02-28T19:42:29+08:00" level=info msg="address: 0xcE8De9742BBA3a5D039Cf7516fCC6a9eC0839B6A"
time="2025-02-28T19:42:29+08:00" level=info msg="roles: map[]"
time="2025-02-28T19:43:09+08:00" level=info msg="Authorization: eyJhbGciOiJIUzI1NiIsInR5cCI6IkpXVCJ9.eyJhZGRyZXNzIjoiMHhjRThEZTk3NDJCQkEzYTVEMDM5Q2Y3NTE2ZkNDNmE5ZUMwODM5QjZBIiwiZXhwIjoxNzQwODI5MDUyLCJpYXQiOjE3NDA3NDI2NTIsInJvbGVzIjp7fX0._uYjPZ-YTMOFDDm6yYtOJOM4_qIPGQJZotuU7GRRKeI"
time="2025-02-28T19:43:09+08:00" level=info msg="address: 0xcE8De9742BBA3a5D039Cf7516fCC6a9eC0839B6A"
time="2025-02-28T19:43:09+08:00" level=info msg="roles: map[]"
time="2025-02-28T19:43:40+08:00" level=info msg="Authorization: "
time="2025-02-28T19:45:10+08:00" level=info msg="Authorization: eyJhbGciOiJIUzI1NiIsInR5cCI6IkpXVCJ9.eyJhZGRyZXNzIjoiMHhjRThEZTk3NDJCQkEzYTVEMDM5Q2Y3NTE2ZkNDNmE5ZUMwODM5QjZBIiwiZXhwIjoxNzQwODI5NDYwLCJpYXQiOjE3NDA3NDMwNjAsInJvbGVzIjp7fX0.tMXj3PXO4QVUEQnZNGVsuLB9e16Vg55HWOFgV6cmYcg"
time="2025-02-28T19:45:10+08:00" level=info msg="address: 0xcE8De9742BBA3a5D039Cf7516fCC6a9eC0839B6A"
time="2025-02-28T19:45:10+08:00" level=info msg="roles: map[]"
time="2025-02-28T19:49:19+08:00" level=info msg="Authorization: eyJhbGciOiJIUzI1NiIsInR5cCI6IkpXVCJ9.eyJhZGRyZXNzIjoiMHhjRThEZTk3NDJCQkEzYTVEMDM5Q2Y3NTE2ZkNDNmE5ZUMwODM5QjZBIiwiZXhwIjoxNzQwODI5NDYwLCJpYXQiOjE3NDA3NDMwNjAsInJvbGVzIjp7fX0.tMXj3PXO4QVUEQnZNGVsuLB9e16Vg55HWOFgV6cmYcg"
time="2025-02-28T19:49:19+08:00" level=info msg="address: 0xcE8De9742BBA3a5D039Cf7516fCC6a9eC0839B6A"
time="2025-02-28T19:49:19+08:00" level=info msg="roles: map[]"
time="2025-02-28T19:58:58+08:00" level=info msg="Authorization: eyJhbGciOiJIUzI1NiIsInR5cCI6IkpXVCJ9.eyJhZGRyZXNzIjoiMHhDZEY2ZDg3NjJBNTE5ZTJlMTVFMTJDOGY3ODE1NkFGMzBBNUYyNDcxIiwiZXhwIjoxNzQwODMwMzE4LCJpYXQiOjE3NDA3NDM5MTgsInJvbGVzIjp7fX0.6PiUNDNUDd6iNZTpa6-gg-JgP6GJziobUY70SJMRiKA"
time="2025-02-28T19:58:58+08:00" level=info msg="address: 0xCdF6d8762A519e2e15E12C8f78156AF30A5F2471"
time="2025-02-28T19:58:58+08:00" level=info msg="roles: map[]"
time="2025-02-28T19:59:36+08:00" level=info msg="Authorization: eyJhbGciOiJIUzI1NiIsInR5cCI6IkpXVCJ9.eyJhZGRyZXNzIjoiMHhDZEY2ZDg3NjJBNTE5ZTJlMTVFMTJDOGY3ODE1NkFGMzBBNUYyNDcxIiwiZXhwIjoxNzQwODMwMzE4LCJpYXQiOjE3NDA3NDM5MTgsInJvbGVzIjp7fX0.6PiUNDNUDd6iNZTpa6-gg-JgP6GJziobUY70SJMRiKA"
time="2025-02-28T19:59:36+08:00" level=info msg="address: 0xCdF6d8762A519e2e15E12C8f78156AF30A5F2471"
time="2025-02-28T19:59:36+08:00" level=info msg="roles: map[]"
time="2025-02-28T20:02:31+08:00" level=info msg="Authorization: eyJhbGciOiJIUzI1NiIsInR5cCI6IkpXVCJ9.eyJhZGRyZXNzIjoiMHhDZEY2ZDg3NjJBNTE5ZTJlMTVFMTJDOGY3ODE1NkFGMzBBNUYyNDcxIiwiZXhwIjoxNzQwODMwMzE4LCJpYXQiOjE3NDA3NDM5MTgsInJvbGVzIjp7fX0.6PiUNDNUDd6iNZTpa6-gg-JgP6GJziobUY70SJMRiKA"
time="2025-02-28T20:02:31+08:00" level=info msg="address: 0xCdF6d8762A519e2e15E12C8f78156AF30A5F2471"
time="2025-02-28T20:02:31+08:00" level=info msg="roles: map[]"
time="2025-02-28T20:02:55+08:00" level=info msg="Authorization: eyJhbGciOiJIUzI1NiIsInR5cCI6IkpXVCJ9.eyJhZGRyZXNzIjoiMHhDZEY2ZDg3NjJBNTE5ZTJlMTVFMTJDOGY3ODE1NkFGMzBBNUYyNDcxIiwiZXhwIjoxNzQwODMwMzE4LCJpYXQiOjE3NDA3NDM5MTgsInJvbGVzIjp7fX0.6PiUNDNUDd6iNZTpa6-gg-JgP6GJziobUY70SJMRiKA"
time="2025-02-28T20:02:55+08:00" level=info msg="address: 0xCdF6d8762A519e2e15E12C8f78156AF30A5F2471"
time="2025-02-28T20:02:55+08:00" level=info msg="roles: map[]"
time="2025-02-28T20:03:48+08:00" level=info msg="Authorization: eyJhbGciOiJIUzI1NiIsInR5cCI6IkpXVCJ9.eyJhZGRyZXNzIjoiMHhDZEY2ZDg3NjJBNTE5ZTJlMTVFMTJDOGY3ODE1NkFGMzBBNUYyNDcxIiwiZXhwIjoxNzQwODMwNjEwLCJpYXQiOjE3NDA3NDQyMTAsInJvbGVzIjp7IjQiOiJkb25vciJ9fQ.UoVuayO1vfZa7DTrFux7VahclbmQxar_Pnqzf6ViYow"
time="2025-02-28T20:03:48+08:00" level=info msg="address: 0xCdF6d8762A519e2e15E12C8f78156AF30A5F2471"
time="2025-02-28T20:03:48+08:00" level=info msg="roles: map[4:donor]"
time="2025-02-28T20:05:22+08:00" level=info msg="Authorization: eyJhbGciOiJIUzI1NiIsInR5cCI6IkpXVCJ9.eyJhZGRyZXNzIjoiMHhDZEY2ZDg3NjJBNTE5ZTJlMTVFMTJDOGY3ODE1NkFGMzBBNUYyNDcxIiwiZXhwIjoxNzQwODMwNjEwLCJpYXQiOjE3NDA3NDQyMTAsInJvbGVzIjp7IjQiOiJkb25vciJ9fQ.UoVuayO1vfZa7DTrFux7VahclbmQxar_Pnqzf6ViYow"
time="2025-02-28T20:05:22+08:00" level=info msg="address: 0xCdF6d8762A519e2e15E12C8f78156AF30A5F2471"
time="2025-02-28T20:05:22+08:00" level=info msg="roles: map[4:donor]"
time="2025-02-28T20:06:04+08:00" level=info msg="Authorization: eyJhbGciOiJIUzI1NiIsInR5cCI6IkpXVCJ9.eyJhZGRyZXNzIjoiMHhDZEY2ZDg3NjJBNTE5ZTJlMTVFMTJDOGY3ODE1NkFGMzBBNUYyNDcxIiwiZXhwIjoxNzQwODMwNzI0LCJpYXQiOjE3NDA3NDQzMjQsInJvbGVzIjp7IjQiOiJkb25vciIsIjUiOiJzdGFydGVyIn19.aa3r9saiEFAknX2ckVzgzYtos5Ob-s82gdWNRaKguIg"
time="2025-02-28T20:06:04+08:00" level=info msg="address: 0xCdF6d8762A519e2e15E12C8f78156AF30A5F2471"
time="2025-02-28T20:06:04+08:00" level=info msg="roles: map[4:donor 5:starter]"
time="2025-02-28T20:06:09+08:00" level=info msg="Authorization: eyJhbGciOiJIUzI1NiIsInR5cCI6IkpXVCJ9.eyJhZGRyZXNzIjoiMHhDZEY2ZDg3NjJBNTE5ZTJlMTVFMTJDOGY3ODE1NkFGMzBBNUYyNDcxIiwiZXhwIjoxNzQwODMwNzI0LCJpYXQiOjE3NDA3NDQzMjQsInJvbGVzIjp7IjQiOiJkb25vciIsIjUiOiJzdGFydGVyIn19.aa3r9saiEFAknX2ckVzgzYtos5Ob-s82gdWNRaKguIg"
time="2025-02-28T20:06:09+08:00" level=info msg="address: 0xCdF6d8762A519e2e15E12C8f78156AF30A5F2471"
time="2025-02-28T20:06:09+08:00" level=info msg="roles: map[4:donor 5:starter]"
time="2025-02-28T20:07:57+08:00" level=info msg="Authorization: eyJhbGciOiJIUzI1NiIsInR5cCI6IkpXVCJ9.eyJhZGRyZXNzIjoiMHhDZEY2ZDg3NjJBNTE5ZTJlMTVFMTJDOGY3ODE1NkFGMzBBNUYyNDcxIiwiZXhwIjoxNzQwODMwNzI0LCJpYXQiOjE3NDA3NDQzMjQsInJvbGVzIjp7IjQiOiJkb25vciIsIjUiOiJzdGFydGVyIn19.aa3r9saiEFAknX2ckVzgzYtos5Ob-s82gdWNRaKguIg"
time="2025-02-28T20:07:57+08:00" level=info msg="address: 0xCdF6d8762A519e2e15E12C8f78156AF30A5F2471"
time="2025-02-28T20:07:57+08:00" level=info msg="roles: map[4:donor 5:starter]"
