time="2025-03-18T15:55:10+08:00" level=info msg="Authorization: eyJhbGciOiJIUzI1NiIsInR5cCI6IkpXVCJ9.eyJhZGRyZXNzIjoiMHhDZEY2ZDg3NjJBNTE5ZTJlMTVFMTJDOGY3ODE1NkFGMzBBNUYyNDcxIiwiZXhwIjoxNzQxODcyMTY4LCJpYXQiOjE3NDE3ODU3NjgsInJvbGVzIjp7IjQiOiJkb25vciIsIjUiOiJzdGFydGVyIiwiOSI6ImRvbm9yIn19.VMZFnnZXt45Ms3qiaVDMh11-m-DLWoynFe2HSVA4xBU"
time="2025-03-18T15:55:33+08:00" level=info msg="Authorization: "
time="2025-03-18T15:56:33+08:00" level=info msg="Authorization: "
time="2025-03-18T15:56:43+08:00" level=info msg="Authorization: "
time="2025-03-18T16:00:04+08:00" level=info msg="Authorization: "
time="2025-03-18T16:19:58+08:00" level=info msg="Authorization: eyJhbGciOiJIUzI1NiIsInR5cCI6IkpXVCJ9.eyJhZGRyZXNzIjoiMHhjZThkZTk3NDJiYmEzYTVkMDM5Y2Y3NTE2ZmNjNmE5ZWMwODM5YjZhIiwiZXhwIjoxNzQyMzcyMzkxLCJpYXQiOjE3NDIyODU5OTEsInJvbGVzIjp7IjQiOiJzdGFydGVyIiwiNSI6ImRvbm9yIiwiNiI6ImRvbm9yIiwiNyI6InN0YXJ0ZXIiLCI5Ijoic3RhcnRlciJ9fQ.ETPwwjUUIVXJ4sZ7qJ4JoalDhH5PTI4W7jcbmUG714o"
time="2025-03-18T16:19:58+08:00" level=info msg="address: 0xce8de9742bba3a5d039cf7516fcc6a9ec0839b6a"
time="2025-03-18T16:19:58+08:00" level=info msg="roles: map[4:starter 5:donor 6:donor 7:starter 9:starter]"
time="2025-03-18T16:20:03+08:00" level=info msg="Authorization: eyJhbGciOiJIUzI1NiIsInR5cCI6IkpXVCJ9.eyJhZGRyZXNzIjoiMHhjZThkZTk3NDJiYmEzYTVkMDM5Y2Y3NTE2ZmNjNmE5ZWMwODM5YjZhIiwiZXhwIjoxNzQyMzcyMzkxLCJpYXQiOjE3NDIyODU5OTEsInJvbGVzIjp7IjQiOiJzdGFydGVyIiwiNSI6ImRvbm9yIiwiNiI6ImRvbm9yIiwiNyI6InN0YXJ0ZXIiLCI5Ijoic3RhcnRlciJ9fQ.ETPwwjUUIVXJ4sZ7qJ4JoalDhH5PTI4W7jcbmUG714o"
time="2025-03-18T16:20:03+08:00" level=info msg="address: 0xce8de9742bba3a5d039cf7516fcc6a9ec0839b6a"
time="2025-03-18T16:20:03+08:00" level=info msg="roles: map[4:starter 5:donor 6:donor 7:starter 9:starter]"
time="2025-03-18T16:21:01+08:00" level=info msg="acquire lock for event event:0x711234c371ac04f0858cb55ac655f588dc9d7283797a88b3c655a2deca79d649:3"
time="2025-03-18T16:21:06+08:00" level=info msg="Authorization: eyJhbGciOiJIUzI1NiIsInR5cCI6IkpXVCJ9.eyJhZGRyZXNzIjoiMHhjZGY2ZDg3NjJhNTE5ZTJlMTVlMTJjOGY3ODE1NmFmMzBhNWYyNDcxIiwiZXhwIjoxNzQyMzcyNDI2LCJpYXQiOjE3NDIyODYwMjYsInJvbGVzIjp7IjQiOiJkb25vciIsIjUiOiJzdGFydGVyIiwiOSI6ImRvbm9yIn19.X4UYtLENdoJaSdpGSgOjArfAtqRt8VucMdrVojAV-SQ"
time="2025-03-18T16:21:06+08:00" level=info msg="address: 0xcdf6d8762a519e2e15e12c8f78156af30a5f2471"
time="2025-03-18T16:21:06+08:00" level=info msg="roles: map[4:donor 5:starter 9:donor]"
time="2025-03-18T16:21:11+08:00" level=info msg="Authorization: eyJhbGciOiJIUzI1NiIsInR5cCI6IkpXVCJ9.eyJhZGRyZXNzIjoiMHhjZGY2ZDg3NjJhNTE5ZTJlMTVlMTJjOGY3ODE1NmFmMzBhNWYyNDcxIiwiZXhwIjoxNzQyMzcyNDI2LCJpYXQiOjE3NDIyODYwMjYsInJvbGVzIjp7IjQiOiJkb25vciIsIjUiOiJzdGFydGVyIiwiOSI6ImRvbm9yIn19.X4UYtLENdoJaSdpGSgOjArfAtqRt8VucMdrVojAV-SQ"
time="2025-03-18T16:21:11+08:00" level=info msg="address: 0xcdf6d8762a519e2e15e12c8f78156af30a5f2471"
time="2025-03-18T16:21:11+08:00" level=info msg="roles: map[4:donor 5:starter 9:donor]"
time="2025-03-18T16:21:19+08:00" level=info msg="Authorization: eyJhbGciOiJIUzI1NiIsInR5cCI6IkpXVCJ9.eyJhZGRyZXNzIjoiMHhDZEY2ZDg3NjJBNTE5ZTJlMTVFMTJDOGY3ODE1NkFGMzBBNUYyNDcxIiwiZXhwIjoxNzQyMzcyNDczLCJpYXQiOjE3NDIyODYwNzMsInJvbGVzIjp7IjQiOiJkb25vciIsIjUiOiJzdGFydGVyIiwiNyI6ImRvbm9yIiwiOSI6ImRvbm9yIn19.ohAFgZPQtEtbgHAxjPfr1kTnOoZ7ELXMNMldEDbbG40"
time="2025-03-18T16:21:19+08:00" level=info msg="address: 0xCdF6d8762A519e2e15E12C8f78156AF30A5F2471"
time="2025-03-18T16:21:19+08:00" level=info msg="roles: map[4:donor 5:starter 7:donor 9:donor]"
