time="2025-03-31T08:53:57+08:00" level=info msg="Authorization: eyJhbGciOiJIUzI1NiIsInR5cCI6IkpXVCJ9.eyJhZGRyZXNzIjoiMHhjRThEZTk3NDJCQkEzYTVEMDM5Q2Y3NTE2ZkNDNmE5ZUMwODM5QjZBIiwiZXhwIjoxNzQzMTI4MzQwLCJpYXQiOjE3NDMwNDE5NDAsInJvbGVzIjp7IjQiOiJzdGFydGVyIiwiNSI6ImRvbm9yIiwiNiI6ImRvbm9yIiwiNyI6InN0YXJ0ZXIiLCI5Ijoic3RhcnRlciJ9fQ.ip5B8JgtxkSYS5GaRTDRLAS7sy15BwbpsChjIumBKR0"
time="2025-03-31T09:12:20+08:00" level=info msg="Authorization: eyJhbGciOiJIUzI1NiIsInR5cCI6IkpXVCJ9.eyJhZGRyZXNzIjoiMHhjZThkZTk3NDJiYmEzYTVkMDM5Y2Y3NTE2ZmNjNmE5ZWMwODM5YjZhIiwiZXhwIjoxNzQzNDY5ODk0LCJpYXQiOjE3NDMzODM0OTQsInJvbGVzIjp7fX0.R5jC9zwY9TegVu8xrBRiCnmAUdbdnoCKKZMX1Z48S_4"
time="2025-03-31T09:12:20+08:00" level=info msg="address: 0xce8de9742bba3a5d039cf7516fcc6a9ec0839b6a"
time="2025-03-31T09:12:20+08:00" level=info msg="roles: map[]"
time="2025-03-31T09:12:28+08:00" level=info msg="Authorization: eyJhbGciOiJIUzI1NiIsInR5cCI6IkpXVCJ9.eyJhZGRyZXNzIjoiMHhjRThEZTk3NDJCQkEzYTVEMDM5Q2Y3NTE2ZkNDNmE5ZUMwODM5QjZBIiwiZXhwIjoxNzQzNDY5OTQyLCJpYXQiOjE3NDMzODM1NDIsInJvbGVzIjp7fX0.2j72MXVvZGNHzJSW5nYq8lanEdGSn4wccb-xb0Hw1DQ"
time="2025-03-31T09:12:28+08:00" level=info msg="address: 0xcE8De9742BBA3a5D039Cf7516fCC6a9eC0839B6A"
time="2025-03-31T09:12:28+08:00" level=info msg="roles: map[]"
time="2025-03-31T09:13:07+08:00" level=info msg="Authorization: eyJhbGciOiJIUzI1NiIsInR5cCI6IkpXVCJ9.eyJhZGRyZXNzIjoiMHhjRThEZTk3NDJCQkEzYTVEMDM5Q2Y3NTE2ZkNDNmE5ZUMwODM5QjZBIiwiZXhwIjoxNzQzNDY5OTQyLCJpYXQiOjE3NDMzODM1NDIsInJvbGVzIjp7fX0.2j72MXVvZGNHzJSW5nYq8lanEdGSn4wccb-xb0Hw1DQ"
time="2025-03-31T09:13:07+08:00" level=info msg="address: 0xcE8De9742BBA3a5D039Cf7516fCC6a9eC0839B6A"
time="2025-03-31T09:13:07+08:00" level=info msg="roles: map[]"
time="2025-03-31T09:16:01+08:00" level=info msg="Authorization: eyJhbGciOiJIUzI1NiIsInR5cCI6IkpXVCJ9.eyJhZGRyZXNzIjoiMHhjRThEZTk3NDJCQkEzYTVEMDM5Q2Y3NTE2ZkNDNmE5ZUMwODM5QjZBIiwiZXhwIjoxNzQzNDY5OTQyLCJpYXQiOjE3NDMzODM1NDIsInJvbGVzIjp7fX0.2j72MXVvZGNHzJSW5nYq8lanEdGSn4wccb-xb0Hw1DQ"
time="2025-03-31T09:16:01+08:00" level=info msg="address: 0xcE8De9742BBA3a5D039Cf7516fCC6a9eC0839B6A"
time="2025-03-31T09:16:01+08:00" level=info msg="roles: map[]"
time="2025-03-31T09:20:54+08:00" level=info msg="checkBlockConfirmations,in.length:0"
time="2025-03-31T09:21:01+08:00" level=info msg="Authorization: eyJhbGciOiJIUzI1NiIsInR5cCI6IkpXVCJ9.eyJhZGRyZXNzIjoiMHhjRThEZTk3NDJCQkEzYTVEMDM5Q2Y3NTE2ZkNDNmE5ZUMwODM5QjZBIiwiZXhwIjoxNzQzNDY5OTQyLCJpYXQiOjE3NDMzODM1NDIsInJvbGVzIjp7fX0.2j72MXVvZGNHzJSW5nYq8lanEdGSn4wccb-xb0Hw1DQ"
time="2025-03-31T09:21:01+08:00" level=info msg="address: 0xcE8De9742BBA3a5D039Cf7516fCC6a9eC0839B6A"
time="2025-03-31T09:21:01+08:00" level=info msg="roles: map[]"
time="2025-03-31T09:21:46+08:00" level=info msg="Authorization: eyJhbGciOiJIUzI1NiIsInR5cCI6IkpXVCJ9.eyJhZGRyZXNzIjoiMHhjRThEZTk3NDJCQkEzYTVEMDM5Q2Y3NTE2ZkNDNmE5ZUMwODM5QjZBIiwiZXhwIjoxNzQzNDY5OTQyLCJpYXQiOjE3NDMzODM1NDIsInJvbGVzIjp7fX0.2j72MXVvZGNHzJSW5nYq8lanEdGSn4wccb-xb0Hw1DQ"
time="2025-03-31T09:21:46+08:00" level=info msg="address: 0xcE8De9742BBA3a5D039Cf7516fCC6a9eC0839B6A"
time="2025-03-31T09:21:46+08:00" level=info msg="roles: map[]"
time="2025-03-31T09:29:11+08:00" level=info msg="checkBlockConfirmations,in.length:0"
time="2025-03-31T09:29:14+08:00" level=info msg="checkBlockConfirmations,in.length:0"
time="2025-03-31T09:29:17+08:00" level=info msg="checkBlockConfirmations,in.length:0"
time="2025-03-31T09:29:20+08:00" level=info msg="checkBlockConfirmations,in.length:0"
time="2025-03-31T09:29:23+08:00" level=info msg="checkBlockConfirmations,in.length:0"
time="2025-03-31T09:29:26+08:00" level=info msg="checkBlockConfirmations,in.length:0"
time="2025-03-31T09:29:29+08:00" level=info msg="checkBlockConfirmations,in.length:0"
time="2025-03-31T09:29:32+08:00" level=info msg="checkBlockConfirmations,in.length:0"
time="2025-03-31T09:29:35+08:00" level=info msg="checkBlockConfirmations,in.length:0"
time="2025-03-31T09:29:38+08:00" level=info msg="checkBlockConfirmations,in.length:0"
time="2025-03-31T09:29:41+08:00" level=info msg="checkBlockConfirmations,in.length:0"
time="2025-03-31T09:29:44+08:00" level=info msg="checkBlockConfirmations,in.length:0"
time="2025-03-31T09:29:47+08:00" level=info msg="checkBlockConfirmations,in.length:0"
time="2025-03-31T09:29:50+08:00" level=info msg="checkBlockConfirmations,in.length:0"
time="2025-03-31T09:29:53+08:00" level=info msg="checkBlockConfirmations,in.length:0"
time="2025-03-31T09:29:56+08:00" level=info msg="checkBlockConfirmations,in.length:0"
time="2025-03-31T09:29:59+08:00" level=info msg="checkBlockConfirmations,in.length:0"
time="2025-03-31T09:30:02+08:00" level=info msg="checkBlockConfirmations,in.length:0"
time="2025-03-31T09:30:05+08:00" level=info msg="checkBlockConfirmations,in.length:0"
time="2025-03-31T09:30:08+08:00" level=info msg="checkBlockConfirmations,in.length:0"
time="2025-03-31T09:30:11+08:00" level=info msg="checkBlockConfirmations,in.length:0"
time="2025-03-31T09:30:14+08:00" level=info msg="checkBlockConfirmations,in.length:0"
time="2025-03-31T09:30:17+08:00" level=info msg="checkBlockConfirmations,in.length:0"
time="2025-03-31T09:30:20+08:00" level=info msg="checkBlockConfirmations,in.length:0"
time="2025-03-31T09:30:23+08:00" level=info msg="checkBlockConfirmations,in.length:0"
time="2025-03-31T09:30:26+08:00" level=info msg="checkBlockConfirmations,in.length:0"
time="2025-03-31T09:30:29+08:00" level=info msg="checkBlockConfirmations,in.length:0"
time="2025-03-31T09:30:32+08:00" level=info msg="checkBlockConfirmations,in.length:0"
time="2025-03-31T09:30:35+08:00" level=info msg="checkBlockConfirmations,in.length:0"
time="2025-03-31T09:30:38+08:00" level=info msg="checkBlockConfirmations,in.length:0"
time="2025-03-31T09:30:41+08:00" level=info msg="checkBlockConfirmations,in.length:0"
time="2025-03-31T09:30:44+08:00" level=info msg="checkBlockConfirmations,in.length:0"
time="2025-03-31T09:30:47+08:00" level=info msg="Authorization: eyJhbGciOiJIUzI1NiIsInR5cCI6IkpXVCJ9.eyJhZGRyZXNzIjoiMHhjRThEZTk3NDJCQkEzYTVEMDM5Q2Y3NTE2ZkNDNmE5ZUMwODM5QjZBIiwiZXhwIjoxNzQzNDcwNTA4LCJpYXQiOjE3NDMzODQxMDgsInJvbGVzIjp7fX0.HX7kAlt2I9htx_2u7OZp3sGd1MEe2r9FhMu5baFUjI4"
time="2025-03-31T09:30:47+08:00" level=info msg="address: 0xcE8De9742BBA3a5D039Cf7516fCC6a9eC0839B6A"
time="2025-03-31T09:30:47+08:00" level=info msg="roles: map[]"
time="2025-03-31T09:30:47+08:00" level=info msg="checkBlockConfirmations,in.length:0"
time="2025-03-31T09:30:50+08:00" level=info msg="checkBlockConfirmations,in.length:0"
time="2025-03-31T09:30:53+08:00" level=info msg="checkBlockConfirmations,in.length:0"
time="2025-03-31T09:30:56+08:00" level=info msg="checkBlockConfirmations,in.length:0"
time="2025-03-31T09:30:59+08:00" level=info msg="checkBlockConfirmations,in.length:0"
time="2025-03-31T09:31:02+08:00" level=info msg="checkBlockConfirmations,in.length:0"
time="2025-03-31T09:31:05+08:00" level=info msg="checkBlockConfirmations,in.length:0"
time="2025-03-31T09:31:08+08:00" level=info msg="checkBlockConfirmations,in.length:0"
time="2025-03-31T09:31:11+08:00" level=info msg="checkBlockConfirmations,in.length:0"
time="2025-03-31T09:31:14+08:00" level=info msg="checkBlockConfirmations,in.length:0"
time="2025-03-31T09:31:17+08:00" level=info msg="checkBlockConfirmations,in.length:0"
time="2025-03-31T09:31:20+08:00" level=info msg="checkBlockConfirmations,in.length:0"
time="2025-03-31T09:31:23+08:00" level=info msg="checkBlockConfirmations,in.length:0"
time="2025-03-31T09:31:26+08:00" level=info msg="checkBlockConfirmations,in.length:0"
time="2025-03-31T09:31:29+08:00" level=info msg="checkBlockConfirmations,in.length:0"
time="2025-03-31T09:31:32+08:00" level=info msg="checkBlockConfirmations,in.length:0"
time="2025-03-31T09:31:35+08:00" level=info msg="checkBlockConfirmations,in.length:0"
time="2025-03-31T09:31:38+08:00" level=info msg="checkBlockConfirmations,in.length:0"
time="2025-03-31T09:31:41+08:00" level=info msg="checkBlockConfirmations,in.length:0"
time="2025-03-31T09:31:44+08:00" level=info msg="checkBlockConfirmations,in.length:0"
time="2025-03-31T09:31:47+08:00" level=info msg="checkBlockConfirmations,in.length:0"
time="2025-03-31T09:31:50+08:00" level=info msg="checkBlockConfirmations,in.length:0"
time="2025-03-31T09:31:53+08:00" level=info msg="checkBlockConfirmations,in.length:0"
time="2025-03-31T09:31:56+08:00" level=info msg="checkBlockConfirmations,in.length:0"
time="2025-03-31T09:31:59+08:00" level=info msg="checkBlockConfirmations,in.length:0"
time="2025-03-31T09:32:02+08:00" level=info msg="checkBlockConfirmations,in.length:0"
time="2025-03-31T09:32:05+08:00" level=info msg="checkBlockConfirmations,in.length:0"
time="2025-03-31T09:32:08+08:00" level=info msg="checkBlockConfirmations,in.length:0"
time="2025-03-31T09:32:11+08:00" level=info msg="checkBlockConfirmations,in.length:0"
time="2025-03-31T09:32:14+08:00" level=info msg="checkBlockConfirmations,in.length:0"
time="2025-03-31T09:32:17+08:00" level=info msg="checkBlockConfirmations,in.length:0"
time="2025-03-31T09:32:20+08:00" level=info msg="checkBlockConfirmations,in.length:0"
time="2025-03-31T09:32:23+08:00" level=info msg="checkBlockConfirmations,in.length:0"
time="2025-03-31T09:32:26+08:00" level=info msg="checkBlockConfirmations,in.length:0"
time="2025-03-31T09:32:29+08:00" level=info msg="checkBlockConfirmations,in.length:0"
time="2025-03-31T09:32:32+08:00" level=info msg="checkBlockConfirmations,in.length:0"
time="2025-03-31T09:32:35+08:00" level=info msg="checkBlockConfirmations,in.length:0"
time="2025-03-31T09:32:38+08:00" level=info msg="checkBlockConfirmations,in.length:0"
time="2025-03-31T09:32:41+08:00" level=info msg="checkBlockConfirmations,in.length:0"
time="2025-03-31T09:32:44+08:00" level=info msg="checkBlockConfirmations,in.length:0"
time="2025-03-31T09:32:47+08:00" level=info msg="checkBlockConfirmations,in.length:0"
time="2025-03-31T09:32:50+08:00" level=info msg="checkBlockConfirmations,in.length:0"
time="2025-03-31T09:32:53+08:00" level=info msg="checkBlockConfirmations,in.length:0"
time="2025-03-31T09:32:56+08:00" level=info msg="checkBlockConfirmations,in.length:0"
time="2025-03-31T09:32:59+08:00" level=info msg="checkBlockConfirmations,in.length:0"
time="2025-03-31T09:33:02+08:00" level=info msg="checkBlockConfirmations,in.length:0"
time="2025-03-31T09:33:05+08:00" level=info msg="checkBlockConfirmations,in.length:0"
time="2025-03-31T09:33:08+08:00" level=info msg="checkBlockConfirmations,in.length:0"
time="2025-03-31T09:33:11+08:00" level=info msg="checkBlockConfirmations,in.length:0"
time="2025-03-31T09:33:14+08:00" level=info msg="checkBlockConfirmations,in.length:0"
time="2025-03-31T09:33:17+08:00" level=info msg="checkBlockConfirmations,in.length:0"
time="2025-03-31T09:33:20+08:00" level=info msg="checkBlockConfirmations,in.length:0"
time="2025-03-31T09:33:23+08:00" level=info msg="checkBlockConfirmations,in.length:0"
time="2025-03-31T09:33:26+08:00" level=info msg="checkBlockConfirmations,in.length:0"
time="2025-03-31T09:33:29+08:00" level=info msg="checkBlockConfirmations,in.length:0"
time="2025-03-31T09:33:32+08:00" level=info msg="checkBlockConfirmations,in.length:0"
time="2025-03-31T09:33:35+08:00" level=info msg="checkBlockConfirmations,in.length:0"
time="2025-03-31T09:33:38+08:00" level=info msg="checkBlockConfirmations,in.length:0"
time="2025-03-31T09:33:41+08:00" level=info msg="checkBlockConfirmations,in.length:0"
time="2025-03-31T09:33:44+08:00" level=info msg="checkBlockConfirmations,in.length:0"
time="2025-03-31T09:33:47+08:00" level=info msg="checkBlockConfirmations,in.length:0"
time="2025-03-31T09:33:50+08:00" level=info msg="checkBlockConfirmations,in.length:0"
time="2025-03-31T09:33:53+08:00" level=info msg="checkBlockConfirmations,in.length:0"
time="2025-03-31T09:33:56+08:00" level=info msg="checkBlockConfirmations,in.length:0"
time="2025-03-31T09:33:59+08:00" level=info msg="checkBlockConfirmations,in.length:0"
time="2025-03-31T09:34:02+08:00" level=info msg="checkBlockConfirmations,in.length:0"
time="2025-03-31T09:34:05+08:00" level=info msg="checkBlockConfirmations,in.length:0"
time="2025-03-31T09:34:08+08:00" level=info msg="checkBlockConfirmations,in.length:0"
time="2025-03-31T09:34:11+08:00" level=info msg="checkBlockConfirmations,in.length:0"
time="2025-03-31T09:34:14+08:00" level=info msg="checkBlockConfirmations,in.length:0"
time="2025-03-31T09:34:17+08:00" level=info msg="checkBlockConfirmations,in.length:0"
time="2025-03-31T09:34:20+08:00" level=info msg="checkBlockConfirmations,in.length:0"
time="2025-03-31T09:34:23+08:00" level=info msg="checkBlockConfirmations,in.length:0"
time="2025-03-31T09:34:26+08:00" level=info msg="checkBlockConfirmations,in.length:0"
time="2025-03-31T09:34:29+08:00" level=info msg="checkBlockConfirmations,in.length:0"
time="2025-03-31T09:34:32+08:00" level=info msg="checkBlockConfirmations,in.length:0"
time="2025-03-31T09:34:35+08:00" level=info msg="checkBlockConfirmations,in.length:0"
time="2025-03-31T09:34:38+08:00" level=info msg="checkBlockConfirmations,in.length:0"
time="2025-03-31T09:34:41+08:00" level=info msg="checkBlockConfirmations,in.length:0"
time="2025-03-31T09:34:44+08:00" level=info msg="checkBlockConfirmations,in.length:0"
time="2025-03-31T09:34:47+08:00" level=info msg="checkBlockConfirmations,in.length:0"
time="2025-03-31T09:34:50+08:00" level=info msg="checkBlockConfirmations,in.length:0"
time="2025-03-31T09:34:53+08:00" level=info msg="checkBlockConfirmations,in.length:0"
time="2025-03-31T09:34:56+08:00" level=info msg="checkBlockConfirmations,in.length:0"
time="2025-03-31T09:34:59+08:00" level=info msg="checkBlockConfirmations,in.length:0"
time="2025-03-31T09:35:02+08:00" level=info msg="checkBlockConfirmations,in.length:0"
time="2025-03-31T09:35:05+08:00" level=info msg="checkBlockConfirmations,in.length:0"
time="2025-03-31T09:35:08+08:00" level=info msg="checkBlockConfirmations,in.length:0"
time="2025-03-31T09:35:11+08:00" level=info msg="checkBlockConfirmations,in.length:0"
time="2025-03-31T09:35:14+08:00" level=info msg="checkBlockConfirmations,in.length:0"
time="2025-03-31T09:35:17+08:00" level=info msg="checkBlockConfirmations,in.length:0"
time="2025-03-31T09:35:20+08:00" level=info msg="checkBlockConfirmations,in.length:0"
time="2025-03-31T09:35:23+08:00" level=info msg="checkBlockConfirmations,in.length:0"
time="2025-03-31T09:35:26+08:00" level=info msg="checkBlockConfirmations,in.length:0"
time="2025-03-31T09:35:29+08:00" level=info msg="checkBlockConfirmations,in.length:0"
time="2025-03-31T09:35:32+08:00" level=info msg="checkBlockConfirmations,in.length:0"
time="2025-03-31T09:35:35+08:00" level=info msg="checkBlockConfirmations,in.length:0"
time="2025-03-31T09:35:38+08:00" level=info msg="checkBlockConfirmations,in.length:0"
time="2025-03-31T09:35:41+08:00" level=info msg="checkBlockConfirmations,in.length:0"
time="2025-03-31T09:35:44+08:00" level=info msg="checkBlockConfirmations,in.length:0"
time="2025-03-31T09:35:47+08:00" level=info msg="checkBlockConfirmations,in.length:0"
time="2025-03-31T09:35:50+08:00" level=info msg="checkBlockConfirmations,in.length:0"
time="2025-03-31T09:35:53+08:00" level=info msg="checkBlockConfirmations,in.length:0"
time="2025-03-31T09:35:56+08:00" level=info msg="checkBlockConfirmations,in.length:0"
time="2025-03-31T09:35:59+08:00" level=info msg="checkBlockConfirmations,in.length:0"
time="2025-03-31T09:36:02+08:00" level=info msg="checkBlockConfirmations,in.length:0"
time="2025-03-31T09:36:05+08:00" level=info msg="checkBlockConfirmations,in.length:0"
time="2025-03-31T09:36:08+08:00" level=info msg="checkBlockConfirmations,in.length:0"
time="2025-03-31T09:36:11+08:00" level=info msg="checkBlockConfirmations,in.length:0"
time="2025-03-31T09:36:14+08:00" level=info msg="checkBlockConfirmations,in.length:0"
time="2025-03-31T09:36:17+08:00" level=info msg="checkBlockConfirmations,in.length:0"
time="2025-03-31T09:36:20+08:00" level=info msg="checkBlockConfirmations,in.length:0"
time="2025-03-31T09:36:23+08:00" level=info msg="checkBlockConfirmations,in.length:0"
time="2025-03-31T09:36:26+08:00" level=info msg="checkBlockConfirmations,in.length:0"
time="2025-03-31T09:36:29+08:00" level=info msg="checkBlockConfirmations,in.length:0"
time="2025-03-31T09:36:32+08:00" level=info msg="checkBlockConfirmations,in.length:0"
time="2025-03-31T09:36:35+08:00" level=info msg="checkBlockConfirmations,in.length:0"
time="2025-03-31T09:36:38+08:00" level=info msg="checkBlockConfirmations,in.length:0"
time="2025-03-31T09:36:41+08:00" level=info msg="checkBlockConfirmations,in.length:0"
time="2025-03-31T09:36:44+08:00" level=info msg="checkBlockConfirmations,in.length:0"
time="2025-03-31T09:36:47+08:00" level=info msg="checkBlockConfirmations,in.length:0"
time="2025-03-31T09:36:50+08:00" level=info msg="checkBlockConfirmations,in.length:0"
time="2025-03-31T09:36:53+08:00" level=info msg="checkBlockConfirmations,in.length:0"
time="2025-03-31T09:36:56+08:00" level=info msg="checkBlockConfirmations,in.length:0"
time="2025-03-31T09:36:59+08:00" level=info msg="checkBlockConfirmations,in.length:0"
time="2025-03-31T09:37:02+08:00" level=info msg="checkBlockConfirmations,in.length:0"
time="2025-03-31T09:37:05+08:00" level=info msg="checkBlockConfirmations,in.length:0"
time="2025-03-31T09:37:08+08:00" level=info msg="checkBlockConfirmations,in.length:0"
time="2025-03-31T09:37:11+08:00" level=info msg="checkBlockConfirmations,in.length:0"
time="2025-03-31T09:37:14+08:00" level=info msg="checkBlockConfirmations,in.length:0"
time="2025-03-31T09:37:17+08:00" level=info msg="checkBlockConfirmations,in.length:0"
time="2025-03-31T09:37:20+08:00" level=info msg="checkBlockConfirmations,in.length:0"
time="2025-03-31T09:37:23+08:00" level=info msg="checkBlockConfirmations,in.length:0"
time="2025-03-31T09:37:26+08:00" level=info msg="checkBlockConfirmations,in.length:0"
time="2025-03-31T09:37:29+08:00" level=info msg="checkBlockConfirmations,in.length:0"
time="2025-03-31T09:37:32+08:00" level=info msg="checkBlockConfirmations,in.length:0"
time="2025-03-31T09:37:35+08:00" level=info msg="checkBlockConfirmations,in.length:0"
time="2025-03-31T09:37:38+08:00" level=info msg="checkBlockConfirmations,in.length:0"
time="2025-03-31T09:37:41+08:00" level=info msg="checkBlockConfirmations,in.length:0"
time="2025-03-31T09:37:44+08:00" level=info msg="checkBlockConfirmations,in.length:0"
time="2025-03-31T09:37:47+08:00" level=info msg="checkBlockConfirmations,in.length:0"
time="2025-03-31T09:37:50+08:00" level=info msg="checkBlockConfirmations,in.length:0"
time="2025-03-31T09:37:53+08:00" level=info msg="checkBlockConfirmations,in.length:0"
time="2025-03-31T09:37:56+08:00" level=info msg="checkBlockConfirmations,in.length:0"
time="2025-03-31T09:37:59+08:00" level=info msg="checkBlockConfirmations,in.length:0"
time="2025-03-31T09:38:02+08:00" level=info msg="checkBlockConfirmations,in.length:0"
time="2025-03-31T09:38:05+08:00" level=info msg="checkBlockConfirmations,in.length:0"
time="2025-03-31T09:38:08+08:00" level=info msg="checkBlockConfirmations,in.length:0"
time="2025-03-31T09:38:11+08:00" level=info msg="checkBlockConfirmations,in.length:0"
time="2025-03-31T09:38:14+08:00" level=info msg="checkBlockConfirmations,in.length:0"
time="2025-03-31T09:38:17+08:00" level=info msg="checkBlockConfirmations,in.length:0"
time="2025-03-31T09:38:20+08:00" level=info msg="checkBlockConfirmations,in.length:0"
time="2025-03-31T09:38:23+08:00" level=info msg="checkBlockConfirmations,in.length:0"
time="2025-03-31T10:05:41+08:00" level=info msg="start listen contracts:0x0b1CB195Eb77b8F64020eD798878602e012e75CC and 0x4E965Fa95De310fB0CF092C0E0Fe01A909049A4C"
time="2025-03-31T10:05:41+08:00" level=info msg="checkBlockConfirmations,in.length:0"
time="2025-03-31T10:05:44+08:00" level=info msg="checkBlockConfirmations,in.length:0"
time="2025-03-31T10:05:47+08:00" level=info msg="checkBlockConfirmations,in.length:0"
time="2025-03-31T10:05:50+08:00" level=info msg="checkBlockConfirmations,in.length:0"
time="2025-03-31T10:05:53+08:00" level=info msg="checkBlockConfirmations,in.length:0"
time="2025-03-31T10:05:56+08:00" level=info msg="checkBlockConfirmations,in.length:0"
time="2025-03-31T10:05:59+08:00" level=info msg="checkBlockConfirmations,in.length:0"
time="2025-03-31T10:06:02+08:00" level=info msg="checkBlockConfirmations,in.length:0"
time="2025-03-31T10:06:03+08:00" level=info msg="Authorization: eyJhbGciOiJIUzI1NiIsInR5cCI6IkpXVCJ9.eyJhZGRyZXNzIjoiMHhjRThEZTk3NDJCQkEzYTVEMDM5Q2Y3NTE2ZkNDNmE5ZUMwODM5QjZBIiwiZXhwIjoxNzQzNDcxMDQ5LCJpYXQiOjE3NDMzODQ2NDksInJvbGVzIjp7fX0.1sfG7QGnirP9JAFr6COEkjwG871yYjYVCUmX5R_L9wE"
time="2025-03-31T10:06:03+08:00" level=info msg="address: 0xcE8De9742BBA3a5D039Cf7516fCC6a9eC0839B6A"
time="2025-03-31T10:06:03+08:00" level=info msg="roles: map[]"
time="2025-03-31T10:06:05+08:00" level=info msg="checkBlockConfirmations,in.length:0"
time="2025-03-31T10:06:08+08:00" level=info msg="checkBlockConfirmations,in.length:0"
time="2025-03-31T10:06:11+08:00" level=info msg="checkBlockConfirmations,in.length:0"
time="2025-03-31T10:06:14+08:00" level=info msg="checkBlockConfirmations,in.length:0"
time="2025-03-31T10:06:17+08:00" level=info msg="checkBlockConfirmations,in.length:0"
time="2025-03-31T10:06:20+08:00" level=info msg="checkBlockConfirmations,in.length:0"
time="2025-03-31T10:06:23+08:00" level=info msg="checkBlockConfirmations,in.length:0"
time="2025-03-31T10:06:26+08:00" level=info msg="checkBlockConfirmations,in.length:0"
time="2025-03-31T10:06:29+08:00" level=info msg="checkBlockConfirmations,in.length:0"
time="2025-03-31T10:06:32+08:00" level=info msg="checkBlockConfirmations,in.length:0"
time="2025-03-31T10:06:35+08:00" level=info msg="checkBlockConfirmations,in.length:0"
time="2025-03-31T10:06:38+08:00" level=info msg="checkBlockConfirmations,in.length:0"
time="2025-03-31T10:06:41+08:00" level=info msg="checkBlockConfirmations,in.length:0"
time="2025-03-31T10:06:44+08:00" level=info msg="checkBlockConfirmations,in.length:0"
time="2025-03-31T10:06:47+08:00" level=info msg="checkBlockConfirmations,in.length:0"
time="2025-03-31T10:06:48+08:00" level=info msg="Authorization: eyJhbGciOiJIUzI1NiIsInR5cCI6IkpXVCJ9.eyJhZGRyZXNzIjoiMHhjRThEZTk3NDJCQkEzYTVEMDM5Q2Y3NTE2ZkNDNmE5ZUMwODM5QjZBIiwiZXhwIjoxNzQzNDcxMDQ5LCJpYXQiOjE3NDMzODQ2NDksInJvbGVzIjp7fX0.1sfG7QGnirP9JAFr6COEkjwG871yYjYVCUmX5R_L9wE"
time="2025-03-31T10:06:48+08:00" level=info msg="address: 0xcE8De9742BBA3a5D039Cf7516fCC6a9eC0839B6A"
time="2025-03-31T10:06:48+08:00" level=info msg="roles: map[]"
time="2025-03-31T10:06:50+08:00" level=info msg="checkBlockConfirmations,in.length:0"
time="2025-03-31T10:06:53+08:00" level=info msg="checkBlockConfirmations,in.length:0"
time="2025-03-31T10:06:56+08:00" level=info msg="checkBlockConfirmations,in.length:0"
time="2025-03-31T10:06:59+08:00" level=info msg="checkBlockConfirmations,in.length:0"
time="2025-03-31T10:07:02+08:00" level=info msg="checkBlockConfirmations,in.length:0"
time="2025-03-31T10:07:05+08:00" level=info msg="checkBlockConfirmations,in.length:0"
time="2025-03-31T10:07:08+08:00" level=info msg="checkBlockConfirmations,in.length:0"
time="2025-03-31T10:07:11+08:00" level=info msg="checkBlockConfirmations,in.length:0"
time="2025-03-31T10:07:14+08:00" level=info msg="checkBlockConfirmations,in.length:0"
time="2025-03-31T10:07:17+08:00" level=info msg="checkBlockConfirmations,in.length:0"
time="2025-03-31T10:07:20+08:00" level=info msg="checkBlockConfirmations,in.length:0"
time="2025-03-31T10:07:23+08:00" level=info msg="checkBlockConfirmations,in.length:0"
time="2025-03-31T10:07:26+08:00" level=info msg="checkBlockConfirmations,in.length:0"
time="2025-03-31T10:07:29+08:00" level=info msg="checkBlockConfirmations,in.length:0"
time="2025-03-31T10:07:32+08:00" level=info msg="checkBlockConfirmations,in.length:0"
time="2025-03-31T10:07:35+08:00" level=info msg="checkBlockConfirmations,in.length:0"
time="2025-03-31T10:07:38+08:00" level=info msg="checkBlockConfirmations,in.length:0"
time="2025-03-31T10:07:41+08:00" level=info msg="checkBlockConfirmations,in.length:0"
time="2025-03-31T10:07:44+08:00" level=info msg="checkBlockConfirmations,in.length:0"
time="2025-03-31T10:07:47+08:00" level=info msg="checkBlockConfirmations,in.length:0"
time="2025-03-31T10:07:50+08:00" level=info msg="checkBlockConfirmations,in.length:0"
time="2025-03-31T10:07:53+08:00" level=info msg="checkBlockConfirmations,in.length:0"
time="2025-03-31T10:07:56+08:00" level=info msg="checkBlockConfirmations,in.length:0"
time="2025-03-31T10:07:59+08:00" level=info msg="checkBlockConfirmations,in.length:0"
time="2025-03-31T10:08:02+08:00" level=info msg="checkBlockConfirmations,in.length:0"
time="2025-03-31T10:08:05+08:00" level=info msg="checkBlockConfirmations,in.length:0"
time="2025-03-31T10:08:08+08:00" level=info msg="checkBlockConfirmations,in.length:0"
time="2025-03-31T10:08:11+08:00" level=info msg="checkBlockConfirmations,in.length:0"
time="2025-03-31T10:08:14+08:00" level=info msg="checkBlockConfirmations,in.length:0"
time="2025-03-31T10:08:17+08:00" level=info msg="checkBlockConfirmations,in.length:0"
time="2025-03-31T10:08:20+08:00" level=info msg="checkBlockConfirmations,in.length:0"
time="2025-03-31T10:08:23+08:00" level=info msg="checkBlockConfirmations,in.length:0"
time="2025-03-31T10:08:26+08:00" level=info msg="checkBlockConfirmations,in.length:0"
time="2025-03-31T10:08:29+08:00" level=info msg="checkBlockConfirmations,in.length:0"
time="2025-03-31T10:08:32+08:00" level=info msg="checkBlockConfirmations,in.length:0"
time="2025-03-31T10:08:35+08:00" level=info msg="checkBlockConfirmations,in.length:0"
time="2025-03-31T10:08:38+08:00" level=info msg="checkBlockConfirmations,in.length:0"
time="2025-03-31T10:08:41+08:00" level=info msg="checkBlockConfirmations,in.length:0"
time="2025-03-31T10:08:44+08:00" level=info msg="checkBlockConfirmations,in.length:0"
time="2025-03-31T10:08:47+08:00" level=info msg="checkBlockConfirmations,in.length:0"
time="2025-03-31T10:08:50+08:00" level=info msg="checkBlockConfirmations,in.length:0"
time="2025-03-31T10:08:53+08:00" level=info msg="checkBlockConfirmations,in.length:0"
time="2025-03-31T10:08:56+08:00" level=info msg="checkBlockConfirmations,in.length:0"
time="2025-03-31T10:08:59+08:00" level=info msg="checkBlockConfirmations,in.length:0"
time="2025-03-31T10:09:02+08:00" level=info msg="checkBlockConfirmations,in.length:0"
time="2025-03-31T10:09:05+08:00" level=info msg="checkBlockConfirmations,in.length:0"
time="2025-03-31T10:09:08+08:00" level=info msg="checkBlockConfirmations,in.length:0"
time="2025-03-31T10:09:11+08:00" level=info msg="checkBlockConfirmations,in.length:0"
time="2025-03-31T10:09:14+08:00" level=info msg="checkBlockConfirmations,in.length:0"
time="2025-03-31T10:09:17+08:00" level=info msg="checkBlockConfirmations,in.length:0"
time="2025-03-31T10:09:20+08:00" level=info msg="checkBlockConfirmations,in.length:0"
time="2025-03-31T10:09:23+08:00" level=info msg="checkBlockConfirmations,in.length:0"
time="2025-03-31T10:09:26+08:00" level=info msg="checkBlockConfirmations,in.length:0"
time="2025-03-31T10:09:29+08:00" level=info msg="checkBlockConfirmations,in.length:0"
time="2025-03-31T10:09:32+08:00" level=info msg="checkBlockConfirmations,in.length:0"
time="2025-03-31T10:09:35+08:00" level=info msg="checkBlockConfirmations,in.length:0"
time="2025-03-31T10:09:38+08:00" level=info msg="checkBlockConfirmations,in.length:0"
time="2025-03-31T10:09:41+08:00" level=info msg="checkBlockConfirmations,in.length:0"
time="2025-03-31T10:09:44+08:00" level=info msg="checkBlockConfirmations,in.length:0"
time="2025-03-31T10:09:47+08:00" level=info msg="checkBlockConfirmations,in.length:0"
time="2025-03-31T10:09:50+08:00" level=info msg="checkBlockConfirmations,in.length:0"
time="2025-03-31T10:09:53+08:00" level=info msg="checkBlockConfirmations,in.length:0"
time="2025-03-31T10:09:56+08:00" level=info msg="checkBlockConfirmations,in.length:0"
time="2025-03-31T10:09:59+08:00" level=info msg="checkBlockConfirmations,in.length:0"
time="2025-03-31T10:10:02+08:00" level=info msg="checkBlockConfirmations,in.length:0"
time="2025-03-31T10:10:05+08:00" level=info msg="checkBlockConfirmations,in.length:0"
time="2025-03-31T10:10:08+08:00" level=info msg="checkBlockConfirmations,in.length:0"
time="2025-03-31T10:10:11+08:00" level=info msg="checkBlockConfirmations,in.length:0"
time="2025-03-31T10:10:14+08:00" level=info msg="checkBlockConfirmations,in.length:0"
time="2025-03-31T10:10:17+08:00" level=info msg="checkBlockConfirmations,in.length:0"
time="2025-03-31T10:10:20+08:00" level=info msg="checkBlockConfirmations,in.length:0"
time="2025-03-31T10:10:23+08:00" level=info msg="checkBlockConfirmations,in.length:0"
time="2025-03-31T10:10:26+08:00" level=info msg="checkBlockConfirmations,in.length:0"
time="2025-03-31T10:10:29+08:00" level=info msg="checkBlockConfirmations,in.length:0"
time="2025-03-31T10:10:32+08:00" level=info msg="checkBlockConfirmations,in.length:0"
time="2025-03-31T10:10:35+08:00" level=info msg="checkBlockConfirmations,in.length:0"
time="2025-03-31T10:10:38+08:00" level=info msg="checkBlockConfirmations,in.length:0"
time="2025-03-31T10:10:41+08:00" level=info msg="checkBlockConfirmations,in.length:0"
time="2025-03-31T10:10:44+08:00" level=info msg="checkBlockConfirmations,in.length:0"
time="2025-03-31T10:10:47+08:00" level=info msg="checkBlockConfirmations,in.length:0"
time="2025-03-31T10:10:50+08:00" level=info msg="checkBlockConfirmations,in.length:0"
time="2025-03-31T10:10:53+08:00" level=info msg="checkBlockConfirmations,in.length:0"
time="2025-03-31T10:10:56+08:00" level=info msg="checkBlockConfirmations,in.length:0"
time="2025-03-31T10:10:59+08:00" level=info msg="checkBlockConfirmations,in.length:0"
time="2025-03-31T10:11:02+08:00" level=info msg="checkBlockConfirmations,in.length:0"
time="2025-03-31T10:11:05+08:00" level=info msg="checkBlockConfirmations,in.length:0"
time="2025-03-31T10:11:08+08:00" level=info msg="checkBlockConfirmations,in.length:0"
time="2025-03-31T10:11:11+08:00" level=info msg="checkBlockConfirmations,in.length:0"
time="2025-03-31T10:11:14+08:00" level=info msg="checkBlockConfirmations,in.length:0"
time="2025-03-31T10:11:17+08:00" level=info msg="checkBlockConfirmations,in.length:0"
time="2025-03-31T10:11:20+08:00" level=info msg="checkBlockConfirmations,in.length:0"
time="2025-03-31T10:11:23+08:00" level=info msg="checkBlockConfirmations,in.length:0"
time="2025-03-31T10:11:26+08:00" level=info msg="checkBlockConfirmations,in.length:0"
time="2025-03-31T10:11:29+08:00" level=info msg="checkBlockConfirmations,in.length:0"
time="2025-03-31T10:11:32+08:00" level=info msg="checkBlockConfirmations,in.length:0"
time="2025-03-31T10:11:35+08:00" level=info msg="checkBlockConfirmations,in.length:0"
time="2025-03-31T10:11:38+08:00" level=info msg="checkBlockConfirmations,in.length:0"
time="2025-03-31T10:11:41+08:00" level=info msg="checkBlockConfirmations,in.length:0"
time="2025-03-31T10:11:44+08:00" level=info msg="checkBlockConfirmations,in.length:0"
time="2025-03-31T10:11:47+08:00" level=info msg="checkBlockConfirmations,in.length:0"
time="2025-03-31T10:11:50+08:00" level=info msg="checkBlockConfirmations,in.length:0"
time="2025-03-31T10:11:53+08:00" level=info msg="checkBlockConfirmations,in.length:0"
time="2025-03-31T10:11:56+08:00" level=info msg="checkBlockConfirmations,in.length:0"
time="2025-03-31T10:11:59+08:00" level=info msg="checkBlockConfirmations,in.length:0"
time="2025-03-31T10:12:02+08:00" level=info msg="checkBlockConfirmations,in.length:0"
time="2025-03-31T10:12:05+08:00" level=info msg="checkBlockConfirmations,in.length:0"
time="2025-03-31T10:12:08+08:00" level=info msg="checkBlockConfirmations,in.length:0"
time="2025-03-31T10:12:11+08:00" level=info msg="checkBlockConfirmations,in.length:0"
time="2025-03-31T10:12:14+08:00" level=info msg="checkBlockConfirmations,in.length:0"
time="2025-03-31T10:12:17+08:00" level=info msg="checkBlockConfirmations,in.length:0"
time="2025-03-31T10:12:20+08:00" level=info msg="checkBlockConfirmations,in.length:0"
time="2025-03-31T10:12:23+08:00" level=info msg="checkBlockConfirmations,in.length:0"
time="2025-03-31T10:12:26+08:00" level=info msg="checkBlockConfirmations,in.length:0"
time="2025-03-31T10:12:29+08:00" level=info msg="checkBlockConfirmations,in.length:0"
time="2025-03-31T10:12:32+08:00" level=info msg="checkBlockConfirmations,in.length:0"
time="2025-03-31T10:12:35+08:00" level=info msg="checkBlockConfirmations,in.length:0"
time="2025-03-31T10:12:38+08:00" level=info msg="checkBlockConfirmations,in.length:0"
time="2025-03-31T10:12:41+08:00" level=info msg="checkBlockConfirmations,in.length:0"
time="2025-03-31T10:12:44+08:00" level=info msg="checkBlockConfirmations,in.length:0"
time="2025-03-31T10:12:47+08:00" level=info msg="checkBlockConfirmations,in.length:0"
time="2025-03-31T10:12:50+08:00" level=info msg="checkBlockConfirmations,in.length:0"
time="2025-03-31T10:12:53+08:00" level=info msg="checkBlockConfirmations,in.length:0"
time="2025-03-31T10:12:56+08:00" level=info msg="checkBlockConfirmations,in.length:0"
time="2025-03-31T10:12:59+08:00" level=info msg="checkBlockConfirmations,in.length:0"
time="2025-03-31T10:13:02+08:00" level=info msg="checkBlockConfirmations,in.length:0"
time="2025-03-31T10:13:05+08:00" level=info msg="checkBlockConfirmations,in.length:0"
time="2025-03-31T10:13:08+08:00" level=info msg="checkBlockConfirmations,in.length:0"
time="2025-03-31T10:13:11+08:00" level=info msg="checkBlockConfirmations,in.length:0"
time="2025-03-31T10:13:14+08:00" level=info msg="checkBlockConfirmations,in.length:0"
time="2025-03-31T10:13:17+08:00" level=info msg="checkBlockConfirmations,in.length:0"
time="2025-03-31T10:13:20+08:00" level=info msg="checkBlockConfirmations,in.length:0"
time="2025-03-31T10:13:23+08:00" level=info msg="checkBlockConfirmations,in.length:0"
time="2025-03-31T10:13:26+08:00" level=info msg="checkBlockConfirmations,in.length:0"
time="2025-03-31T10:13:29+08:00" level=info msg="checkBlockConfirmations,in.length:0"
time="2025-03-31T10:13:32+08:00" level=info msg="checkBlockConfirmations,in.length:0"
time="2025-03-31T10:13:35+08:00" level=info msg="checkBlockConfirmations,in.length:0"
time="2025-03-31T10:13:38+08:00" level=info msg="checkBlockConfirmations,in.length:0"
time="2025-03-31T10:13:41+08:00" level=info msg="checkBlockConfirmations,in.length:0"
time="2025-03-31T10:13:44+08:00" level=info msg="checkBlockConfirmations,in.length:0"
time="2025-03-31T10:13:47+08:00" level=info msg="checkBlockConfirmations,in.length:0"
time="2025-03-31T10:13:50+08:00" level=info msg="checkBlockConfirmations,in.length:0"
time="2025-03-31T10:13:53+08:00" level=info msg="checkBlockConfirmations,in.length:0"
time="2025-03-31T10:13:56+08:00" level=info msg="checkBlockConfirmations,in.length:0"
time="2025-03-31T10:13:59+08:00" level=info msg="checkBlockConfirmations,in.length:0"
time="2025-03-31T10:14:02+08:00" level=info msg="checkBlockConfirmations,in.length:0"
time="2025-03-31T10:14:05+08:00" level=info msg="checkBlockConfirmations,in.length:0"
time="2025-03-31T10:14:08+08:00" level=info msg="checkBlockConfirmations,in.length:0"
time="2025-03-31T10:14:11+08:00" level=info msg="checkBlockConfirmations,in.length:0"
time="2025-03-31T10:14:14+08:00" level=info msg="checkBlockConfirmations,in.length:0"
time="2025-03-31T10:14:17+08:00" level=info msg="checkBlockConfirmations,in.length:0"
time="2025-03-31T10:14:20+08:00" level=info msg="checkBlockConfirmations,in.length:0"
time="2025-03-31T10:14:23+08:00" level=info msg="checkBlockConfirmations,in.length:0"
time="2025-03-31T10:14:26+08:00" level=info msg="checkBlockConfirmations,in.length:0"
time="2025-03-31T10:14:29+08:00" level=info msg="checkBlockConfirmations,in.length:0"
time="2025-03-31T10:14:32+08:00" level=info msg="checkBlockConfirmations,in.length:0"
time="2025-03-31T10:14:35+08:00" level=info msg="checkBlockConfirmations,in.length:0"
time="2025-03-31T10:14:38+08:00" level=info msg="checkBlockConfirmations,in.length:0"
time="2025-03-31T10:14:41+08:00" level=info msg="checkBlockConfirmations,in.length:0"
time="2025-03-31T10:14:44+08:00" level=info msg="checkBlockConfirmations,in.length:0"
time="2025-03-31T10:14:47+08:00" level=info msg="checkBlockConfirmations,in.length:0"
time="2025-03-31T10:14:50+08:00" level=info msg="checkBlockConfirmations,in.length:0"
time="2025-03-31T10:14:53+08:00" level=info msg="checkBlockConfirmations,in.length:0"
time="2025-03-31T10:14:56+08:00" level=info msg="checkBlockConfirmations,in.length:0"
time="2025-03-31T10:14:59+08:00" level=info msg="checkBlockConfirmations,in.length:0"
time="2025-03-31T10:15:02+08:00" level=info msg="checkBlockConfirmations,in.length:0"
time="2025-03-31T10:15:05+08:00" level=info msg="checkBlockConfirmations,in.length:0"
time="2025-03-31T10:15:08+08:00" level=info msg="checkBlockConfirmations,in.length:0"
time="2025-03-31T10:15:11+08:00" level=info msg="checkBlockConfirmations,in.length:0"
time="2025-03-31T10:15:14+08:00" level=info msg="checkBlockConfirmations,in.length:0"
time="2025-03-31T10:15:17+08:00" level=info msg="checkBlockConfirmations,in.length:0"
time="2025-03-31T10:15:20+08:00" level=info msg="checkBlockConfirmations,in.length:0"
time="2025-03-31T10:15:23+08:00" level=info msg="checkBlockConfirmations,in.length:0"
time="2025-03-31T10:15:26+08:00" level=info msg="checkBlockConfirmations,in.length:0"
time="2025-03-31T10:15:29+08:00" level=info msg="checkBlockConfirmations,in.length:0"
time="2025-03-31T10:15:32+08:00" level=info msg="checkBlockConfirmations,in.length:0"
time="2025-03-31T10:15:35+08:00" level=info msg="checkBlockConfirmations,in.length:0"
time="2025-03-31T10:15:38+08:00" level=info msg="checkBlockConfirmations,in.length:0"
time="2025-03-31T10:15:41+08:00" level=info msg="checkBlockConfirmations,in.length:0"
time="2025-03-31T10:15:44+08:00" level=info msg="checkBlockConfirmations,in.length:0"
time="2025-03-31T10:15:47+08:00" level=info msg="checkBlockConfirmations,in.length:0"
time="2025-03-31T10:15:50+08:00" level=info msg="checkBlockConfirmations,in.length:0"
time="2025-03-31T10:15:53+08:00" level=info msg="checkBlockConfirmations,in.length:0"
time="2025-03-31T10:15:56+08:00" level=info msg="checkBlockConfirmations,in.length:0"
time="2025-03-31T10:15:59+08:00" level=info msg="checkBlockConfirmations,in.length:0"
time="2025-03-31T10:16:02+08:00" level=info msg="checkBlockConfirmations,in.length:0"
time="2025-03-31T10:16:05+08:00" level=info msg="checkBlockConfirmations,in.length:0"
time="2025-03-31T10:16:08+08:00" level=info msg="checkBlockConfirmations,in.length:0"
time="2025-03-31T10:16:11+08:00" level=info msg="checkBlockConfirmations,in.length:0"
time="2025-03-31T10:16:14+08:00" level=info msg="checkBlockConfirmations,in.length:0"
time="2025-03-31T10:16:17+08:00" level=info msg="checkBlockConfirmations,in.length:0"
time="2025-03-31T10:16:20+08:00" level=info msg="checkBlockConfirmations,in.length:0"
time="2025-03-31T10:16:23+08:00" level=info msg="checkBlockConfirmations,in.length:0"
time="2025-03-31T10:16:26+08:00" level=info msg="checkBlockConfirmations,in.length:0"
time="2025-03-31T10:16:29+08:00" level=info msg="checkBlockConfirmations,in.length:0"
time="2025-03-31T10:16:32+08:00" level=info msg="checkBlockConfirmations,in.length:0"
time="2025-03-31T10:16:35+08:00" level=info msg="checkBlockConfirmations,in.length:0"
time="2025-03-31T10:16:38+08:00" level=info msg="checkBlockConfirmations,in.length:0"
time="2025-03-31T10:16:41+08:00" level=info msg="checkBlockConfirmations,in.length:0"
time="2025-03-31T10:16:44+08:00" level=info msg="checkBlockConfirmations,in.length:0"
time="2025-03-31T10:16:47+08:00" level=info msg="checkBlockConfirmations,in.length:0"
time="2025-03-31T10:16:50+08:00" level=info msg="checkBlockConfirmations,in.length:0"
time="2025-03-31T10:16:53+08:00" level=info msg="checkBlockConfirmations,in.length:0"
time="2025-03-31T10:16:56+08:00" level=info msg="checkBlockConfirmations,in.length:0"
time="2025-03-31T10:16:59+08:00" level=info msg="checkBlockConfirmations,in.length:0"
time="2025-03-31T10:17:02+08:00" level=info msg="checkBlockConfirmations,in.length:0"
time="2025-03-31T10:17:05+08:00" level=info msg="checkBlockConfirmations,in.length:0"
time="2025-03-31T10:17:08+08:00" level=info msg="checkBlockConfirmations,in.length:0"
time="2025-03-31T10:17:11+08:00" level=info msg="checkBlockConfirmations,in.length:0"
time="2025-03-31T10:17:14+08:00" level=info msg="checkBlockConfirmations,in.length:0"
time="2025-03-31T10:17:17+08:00" level=info msg="checkBlockConfirmations,in.length:0"
time="2025-03-31T10:17:20+08:00" level=info msg="checkBlockConfirmations,in.length:0"
time="2025-03-31T10:17:23+08:00" level=info msg="checkBlockConfirmations,in.length:0"
time="2025-03-31T10:17:26+08:00" level=info msg="checkBlockConfirmations,in.length:0"
time="2025-03-31T10:17:29+08:00" level=info msg="checkBlockConfirmations,in.length:0"
time="2025-03-31T10:17:32+08:00" level=info msg="checkBlockConfirmations,in.length:0"
time="2025-03-31T10:17:35+08:00" level=info msg="checkBlockConfirmations,in.length:0"
time="2025-03-31T10:17:38+08:00" level=info msg="checkBlockConfirmations,in.length:0"
time="2025-03-31T10:17:41+08:00" level=info msg="checkBlockConfirmations,in.length:0"
time="2025-03-31T10:17:44+08:00" level=info msg="checkBlockConfirmations,in.length:0"
time="2025-03-31T10:17:47+08:00" level=info msg="checkBlockConfirmations,in.length:0"
time="2025-03-31T10:17:50+08:00" level=info msg="checkBlockConfirmations,in.length:0"
time="2025-03-31T10:17:53+08:00" level=info msg="checkBlockConfirmations,in.length:0"
time="2025-03-31T10:17:56+08:00" level=info msg="checkBlockConfirmations,in.length:0"
time="2025-03-31T10:17:59+08:00" level=info msg="checkBlockConfirmations,in.length:0"
time="2025-03-31T10:18:02+08:00" level=info msg="checkBlockConfirmations,in.length:0"
time="2025-03-31T10:18:05+08:00" level=info msg="checkBlockConfirmations,in.length:0"
time="2025-03-31T10:18:08+08:00" level=info msg="checkBlockConfirmations,in.length:0"
time="2025-03-31T10:18:11+08:00" level=info msg="checkBlockConfirmations,in.length:0"
time="2025-03-31T10:18:14+08:00" level=info msg="checkBlockConfirmations,in.length:0"
time="2025-03-31T10:18:17+08:00" level=info msg="checkBlockConfirmations,in.length:0"
time="2025-03-31T10:18:20+08:00" level=info msg="checkBlockConfirmations,in.length:0"
time="2025-03-31T10:18:23+08:00" level=info msg="checkBlockConfirmations,in.length:0"
time="2025-03-31T10:18:26+08:00" level=info msg="checkBlockConfirmations,in.length:0"
time="2025-03-31T10:18:29+08:00" level=info msg="checkBlockConfirmations,in.length:0"
time="2025-03-31T10:18:32+08:00" level=info msg="checkBlockConfirmations,in.length:0"
time="2025-03-31T10:18:35+08:00" level=info msg="checkBlockConfirmations,in.length:0"
time="2025-03-31T10:18:38+08:00" level=info msg="checkBlockConfirmations,in.length:0"
time="2025-03-31T10:18:41+08:00" level=info msg="checkBlockConfirmations,in.length:0"
time="2025-03-31T10:18:44+08:00" level=info msg="checkBlockConfirmations,in.length:0"
time="2025-03-31T10:18:47+08:00" level=info msg="checkBlockConfirmations,in.length:0"
time="2025-03-31T10:18:50+08:00" level=info msg="checkBlockConfirmations,in.length:0"
time="2025-03-31T10:18:53+08:00" level=info msg="checkBlockConfirmations,in.length:0"
time="2025-03-31T10:18:56+08:00" level=info msg="checkBlockConfirmations,in.length:0"
time="2025-03-31T10:18:59+08:00" level=info msg="checkBlockConfirmations,in.length:0"
time="2025-03-31T10:19:02+08:00" level=info msg="checkBlockConfirmations,in.length:0"
time="2025-03-31T10:19:05+08:00" level=info msg="checkBlockConfirmations,in.length:0"
time="2025-03-31T10:19:08+08:00" level=info msg="checkBlockConfirmations,in.length:0"
time="2025-03-31T10:19:11+08:00" level=info msg="checkBlockConfirmations,in.length:0"
time="2025-03-31T10:19:14+08:00" level=info msg="checkBlockConfirmations,in.length:0"
time="2025-03-31T10:19:17+08:00" level=info msg="checkBlockConfirmations,in.length:0"
time="2025-03-31T10:19:20+08:00" level=info msg="checkBlockConfirmations,in.length:0"
time="2025-03-31T10:19:23+08:00" level=info msg="checkBlockConfirmations,in.length:0"
time="2025-03-31T10:19:26+08:00" level=info msg="checkBlockConfirmations,in.length:0"
time="2025-03-31T10:19:29+08:00" level=info msg="checkBlockConfirmations,in.length:0"
time="2025-03-31T10:19:32+08:00" level=info msg="checkBlockConfirmations,in.length:0"
time="2025-03-31T10:19:35+08:00" level=info msg="checkBlockConfirmations,in.length:0"
time="2025-03-31T10:40:56+08:00" level=info msg="start listen contracts:0x0b1CB195Eb77b8F64020eD798878602e012e75CC and 0x4E965Fa95De310fB0CF092C0E0Fe01A909049A4C"
time="2025-03-31T10:41:40+08:00" level=info msg="enter not confirme"
time="2025-03-31T10:41:45+08:00" level=info msg="Authorization: eyJhbGciOiJIUzI1NiIsInR5cCI6IkpXVCJ9.eyJhZGRyZXNzIjoiMHhjRThEZTk3NDJCQkEzYTVEMDM5Q2Y3NTE2ZkNDNmE5ZUMwODM5QjZBIiwiZXhwIjoxNzQzNDczMjEwLCJpYXQiOjE3NDMzODY4MTAsInJvbGVzIjp7fX0.RMJuWMAC5aTRpy80tRebvBlXlFRnH68eG5GoAwb5fXA"
time="2025-03-31T10:41:45+08:00" level=info msg="address: 0xcE8De9742BBA3a5D039Cf7516fCC6a9eC0839B6A"
time="2025-03-31T10:41:45+08:00" level=info msg="roles: map[]"
time="2025-03-31T10:42:10+08:00" level=info msg="enter not confirme"
time="2025-03-31T10:42:40+08:00" level=info msg="enter not confirme"
time="2025-03-31T10:43:11+08:00" level=info msg="enter confirme"
time="2025-03-31T10:43:11+08:00" level=info msg="acquire lock for event event:0x4daa01a229777c2b59f5b8eea463db582ce5c54bd8306807b7bd7649efd6e29a:31"
time="2025-03-31T10:43:26+08:00" level=info msg="Authorization: eyJhbGciOiJIUzI1NiIsInR5cCI6IkpXVCJ9.eyJhZGRyZXNzIjoiMHhjRThEZTk3NDJCQkEzYTVEMDM5Q2Y3NTE2ZkNDNmE5ZUMwODM5QjZBIiwiZXhwIjoxNzQzNDc1MzA3LCJpYXQiOjE3NDMzODg5MDcsInJvbGVzIjp7fX0.TDP6kwtyMe7oEs8lewr7Seu-tX3j3f57HaS6ZSupUj8"
time="2025-03-31T10:43:26+08:00" level=info msg="address: 0xcE8De9742BBA3a5D039Cf7516fCC6a9eC0839B6A"
time="2025-03-31T10:43:26+08:00" level=info msg="roles: map[]"
time="2025-03-31T11:40:18+08:00" level=info msg="Authorization: eyJhbGciOiJIUzI1NiIsInR5cCI6IkpXVCJ9.eyJhZGRyZXNzIjoiMHhjRThEZTk3NDJCQkEzYTVEMDM5Q2Y3NTE2ZkNDNmE5ZUMwODM5QjZBIiwiZXhwIjoxNzQzNDc1MzA3LCJpYXQiOjE3NDMzODg5MDcsInJvbGVzIjp7fX0.TDP6kwtyMe7oEs8lewr7Seu-tX3j3f57HaS6ZSupUj8"
time="2025-03-31T11:40:18+08:00" level=info msg="address: 0xcE8De9742BBA3a5D039Cf7516fCC6a9eC0839B6A"
time="2025-03-31T11:40:18+08:00" level=info msg="roles: map[]"
time="2025-03-31T11:43:22+08:00" level=info msg="start listen contracts:0x2B308E5dd52380Db745cFAce62060a5f938e9abE and 0x4E965Fa95De310fB0CF092C0E0Fe01A909049A4C"
time="2025-03-31T11:44:57+08:00" level=info msg="Authorization: eyJhbGciOiJIUzI1NiIsInR5cCI6IkpXVCJ9.eyJhZGRyZXNzIjoiMHhjZThkZTk3NDJiYmEzYTVkMDM5Y2Y3NTE2ZmNjNmE5ZWMwODM5YjZhIiwiZXhwIjoxNzQzNDc5MDgzLCJpYXQiOjE3NDMzOTI2ODMsInJvbGVzIjp7fX0.2V2_p8h8-cs66QMlneYIjecuOkljEzzWyhHERfIzGKU"
time="2025-03-31T11:44:57+08:00" level=info msg="address: 0xce8de9742bba3a5d039cf7516fcc6a9ec0839b6a"
time="2025-03-31T11:44:57+08:00" level=info msg="roles: map[]"
time="2025-03-31T11:45:25+08:00" level=info msg="enter not confirme"
time="2025-03-31T11:45:32+08:00" level=info msg="Authorization: eyJhbGciOiJIUzI1NiIsInR5cCI6IkpXVCJ9.eyJhZGRyZXNzIjoiMHhjZThkZTk3NDJiYmEzYTVkMDM5Y2Y3NTE2ZmNjNmE5ZWMwODM5YjZhIiwiZXhwIjoxNzQzNDc5MDgzLCJpYXQiOjE3NDMzOTI2ODMsInJvbGVzIjp7fX0.2V2_p8h8-cs66QMlneYIjecuOkljEzzWyhHERfIzGKU"
time="2025-03-31T11:45:32+08:00" level=info msg="address: 0xce8de9742bba3a5d039cf7516fcc6a9ec0839b6a"
time="2025-03-31T11:45:32+08:00" level=info msg="roles: map[]"
time="2025-03-31T11:45:55+08:00" level=info msg="enter not confirme"
time="2025-03-31T11:46:26+08:00" level=info msg="enter not confirme"
time="2025-03-31T11:46:56+08:00" level=info msg="enter confirme"
time="2025-03-31T11:46:56+08:00" level=info msg="acquire lock for event event:0x18b71257d65421824481e3cb3f14f1ca0bc18d4a08226ae07eeba37d972f9c22:91"
time="2025-03-31T11:59:40+08:00" level=info msg="Authorization: eyJhbGciOiJIUzI1NiIsInR5cCI6IkpXVCJ9.eyJhZGRyZXNzIjoiMHhjRThEZTk3NDJCQkEzYTVEMDM5Q2Y3NTE2ZkNDNmE5ZUMwODM5QjZBIiwiZXhwIjoxNzQzNDc5MTM0LCJpYXQiOjE3NDMzOTI3MzQsInJvbGVzIjp7IjUiOiJzdGFydGVyIn19.W8fwztlkhT38yeVc0OZ8gLbkJbk2aGymeow0lr4Za0s"
time="2025-03-31T11:59:40+08:00" level=info msg="address: 0xcE8De9742BBA3a5D039Cf7516fCC6a9eC0839B6A"
time="2025-03-31T11:59:40+08:00" level=info msg="roles: map[5:starter]"
