time="2025-04-21T10:01:09+08:00" level=info msg="ConfimationMode(hard),Init EventDispatchers and Start WatchDataFinalizedV3"
time="2025-04-21T10:01:10+08:00" level=fatal msg="Failed to subscribe to logs: Invalid logs options in second param to eth_subscribe."
time="2025-04-21T10:02:51+08:00" level=info msg="ConfimationMode(soft)"
time="2025-04-21T10:02:52+08:00" level=fatal msg="Failed to subscribe to logs: Invalid logs options in second param to eth_subscribe."
time="2025-04-21T10:07:21+08:00" level=info msg="ConfimationMode(soft)"
time="2025-04-21T10:07:21+08:00" level=fatal msg="Failed to subscribe to logs: Invalid logs options in second param to eth_subscribe."
time="2025-04-21T10:59:13+08:00" level=info msg="Authorization: eyJhbGciOiJIUzI1NiIsInR5cCI6IkpXVCJ9.eyJhZGRyZXNzIjoiMHhjZThkZTk3NDJiYmEzYTVkMDM5Y2Y3NTE2ZmNjNmE5ZWMwODM5YjZhIiwiZXhwIjoxNzQ1MjExNTI4LCJpYXQiOjE3NDUyMDQzMjgsInJvbGVzIjp7fSwidHlwZSI6ImFjY2VzcyJ9.GBTMnxiIrhC4KREdJeLpyBT5hGzVWVrk9J95pQPni14"
time="2025-04-21T10:59:13+08:00" level=info msg="address: 0xce8de9742bba3a5d039cf7516fcc6a9ec0839b6a"
time="2025-04-21T10:59:13+08:00" level=info msg="roles: map[]"
time="2025-04-21T11:00:29+08:00" level=info msg="Authorization: eyJhbGciOiJIUzI1NiIsInR5cCI6IkpXVCJ9.eyJhZGRyZXNzIjoiMHhjZThkZTk3NDJiYmEzYTVkMDM5Y2Y3NTE2ZmNjNmE5ZWMwODM5YjZhIiwiZXhwIjoxNzQ1MjExNTI4LCJpYXQiOjE3NDUyMDQzMjgsInJvbGVzIjp7fSwidHlwZSI6ImFjY2VzcyJ9.GBTMnxiIrhC4KREdJeLpyBT5hGzVWVrk9J95pQPni14"
time="2025-04-21T11:00:29+08:00" level=info msg="address: 0xce8de9742bba3a5d039cf7516fcc6a9ec0839b6a"
time="2025-04-21T11:00:29+08:00" level=info msg="roles: map[]"
time="2025-04-21T11:01:40+08:00" level=info msg="acquire lock for event event:0xcb8572bd95a04a512ad1f1b5d57d6244b204ca970f7c2ded020373ff3eae0583:95"
time="2025-04-21T11:03:23+08:00" level=info msg="Authorization: eyJhbGciOiJIUzI1NiIsInR5cCI6IkpXVCJ9.eyJhZGRyZXNzIjoiMHhjRThEZTk3NDJCQkEzYTVEMDM5Q2Y3NTE2ZkNDNmE5ZUMwODM5QjZBIiwiZXhwIjoxNzQ1MjExNzA4LCJpYXQiOjE3NDUyMDQ1MDgsInJvbGVzIjp7fSwidHlwZSI6ImFjY2VzcyJ9.37FzZZL9jEEAA90XNABZXPXEI5To7-YS2B7DgeBAkuA"
time="2025-04-21T11:03:23+08:00" level=info msg="address: 0xcE8De9742BBA3a5D039Cf7516fCC6a9eC0839B6A"
time="2025-04-21T11:03:23+08:00" level=info msg="roles: map[]"
time="2025-04-21T11:03:51+08:00" level=info msg="acquire lock for event event:0x149817c8a5755eff4ce6baed5fe70420fdf2afa734296aae0b18b470f01c7d50:51"
time="2025-04-21T11:03:53+08:00" level=info msg="POST JSON Response [0]: \n"
time="2025-04-21T11:04:39+08:00" level=info msg="Authorization: eyJhbGciOiJIUzI1NiIsInR5cCI6IkpXVCJ9.eyJhZGRyZXNzIjoiMHhjRThEZTk3NDJCQkEzYTVEMDM5Q2Y3NTE2ZkNDNmE5ZUMwODM5QjZBIiwiZXhwIjoxNzQ1MjExODM4LCJpYXQiOjE3NDUyMDQ2MzgsInJvbGVzIjp7fSwidHlwZSI6ImFjY2VzcyJ9.dpFw9Je4KzMyx4kkQrZAfz_wCgdNRZCdCSAlY2SbZSE"
time="2025-04-21T11:04:39+08:00" level=info msg="address: 0xcE8De9742BBA3a5D039Cf7516fCC6a9eC0839B6A"
time="2025-04-21T11:04:39+08:00" level=info msg="roles: map[]"
time="2025-04-21T11:08:40+08:00" level=info msg="acquire lock for event event:0xec3f3d2c649dd17dae02c9c55e1b9767d4c484a468faf971583574dccbe89869:285"
time="2025-04-21T11:08:41+08:00" level=info msg="POST JSON Response [0]: \n"
time="2025-04-21T11:16:18+08:00" level=info msg="Authorization: eyJhbGciOiJIUzI1NiIsInR5cCI6IkpXVCJ9.eyJhZGRyZXNzIjoiMHhjRThEZTk3NDJCQkEzYTVEMDM5Q2Y3NTE2ZkNDNmE5ZUMwODM5QjZBIiwiZXhwIjoxNzQ1MjEyMTI2LCJpYXQiOjE3NDUyMDQ5MjYsInJvbGVzIjp7fSwidHlwZSI6ImFjY2VzcyJ9.QSlxhKA3pQtovNri8Hm9jxnAz5n5ML9HtcKbQL2nB4c"
time="2025-04-21T11:16:18+08:00" level=info msg="address: 0xcE8De9742BBA3a5D039Cf7516fCC6a9eC0839B6A"
time="2025-04-21T11:16:18+08:00" level=info msg="roles: map[]"
time="2025-04-21T11:16:51+08:00" level=info msg="acquire lock for event event:0x138306961229d5ee0b59387d96d1b9da7d010ea5bd8729912839d10e9394e24b:128"
time="2025-04-21T11:16:53+08:00" level=info msg="POST JSON Response [200]: {\"code\":200,\"msg\":\"success\",\"data\":null,\"count\":-1}\n"
