time="2025-04-04T17:46:14+08:00" level=info msg="Init EventDispatchers and Start WatchDataFinalizedV3"
time="2025-04-04T17:47:27+08:00" level=info msg="Authorization: eyJhbGciOiJIUzI1NiIsInR5cCI6IkpXVCJ9.eyJhZGRyZXNzIjoiMHhjRThEZTk3NDJCQkEzYTVEMDM5Q2Y3NTE2ZkNDNmE5ZUMwODM5QjZBIiwiZXhwIjoxNzQzNzYyNDA5LCJpYXQiOjE3NDM2NzYwMDksInJvbGVzIjp7IjEwIjoiZG9ub3IiLCI0Ijoic3RhcnRlciIsIjUiOiJkb25vciIsIjYiOiJkb25vciIsIjciOiJzdGFydGVyIiwiOSI6InN0YXJ0ZXIifX0.YLhc_AZm4xtzGjfVUEOUBngCdVRwpappMxpjl01ID7U"
time="2025-04-04T17:47:27+08:00" level=info msg="address: 0xcE8De9742BBA3a5D039Cf7516fCC6a9eC0839B6A"
time="2025-04-04T17:47:27+08:00" level=info msg="roles: map[10:donor 4:starter 5:donor 6:donor 7:starter 9:starter]"
time="2025-04-04T17:47:31+08:00" level=info msg="Authorization: eyJhbGciOiJIUzI1NiIsInR5cCI6IkpXVCJ9.eyJhZGRyZXNzIjoiMHhjRThEZTk3NDJCQkEzYTVEMDM5Q2Y3NTE2ZkNDNmE5ZUMwODM5QjZBIiwiZXhwIjoxNzQzNzYyNDA5LCJpYXQiOjE3NDM2NzYwMDksInJvbGVzIjp7IjEwIjoiZG9ub3IiLCI0Ijoic3RhcnRlciIsIjUiOiJkb25vciIsIjYiOiJkb25vciIsIjciOiJzdGFydGVyIiwiOSI6InN0YXJ0ZXIifX0.YLhc_AZm4xtzGjfVUEOUBngCdVRwpappMxpjl01ID7U"
time="2025-04-04T17:47:31+08:00" level=info msg="address: 0xcE8De9742BBA3a5D039Cf7516fCC6a9eC0839B6A"
time="2025-04-04T17:47:31+08:00" level=info msg="roles: map[10:donor 4:starter 5:donor 6:donor 7:starter 9:starter]"
time="2025-04-04T17:47:34+08:00" level=info msg="Authorization: eyJhbGciOiJIUzI1NiIsInR5cCI6IkpXVCJ9.eyJhZGRyZXNzIjoiMHhjRThEZTk3NDJCQkEzYTVEMDM5Q2Y3NTE2ZkNDNmE5ZUMwODM5QjZBIiwiZXhwIjoxNzQzNzYyNDA5LCJpYXQiOjE3NDM2NzYwMDksInJvbGVzIjp7IjEwIjoiZG9ub3IiLCI0Ijoic3RhcnRlciIsIjUiOiJkb25vciIsIjYiOiJkb25vciIsIjciOiJzdGFydGVyIiwiOSI6InN0YXJ0ZXIifX0.YLhc_AZm4xtzGjfVUEOUBngCdVRwpappMxpjl01ID7U"
time="2025-04-04T17:47:34+08:00" level=info msg="address: 0xcE8De9742BBA3a5D039Cf7516fCC6a9eC0839B6A"
time="2025-04-04T17:47:34+08:00" level=info msg="roles: map[10:donor 4:starter 5:donor 6:donor 7:starter 9:starter]"
time="2025-04-04T17:47:52+08:00" level=info msg="l2 0x6b1178fc46ca490aed842572cdfbb09da32ceeb62c775c504c127176f9c6379f(11429116) Subscribe l1 confimation event"
time="2025-04-04T17:47:56+08:00" level=info msg="Authorization: eyJhbGciOiJIUzI1NiIsInR5cCI6IkpXVCJ9.eyJhZGRyZXNzIjoiMHhjRThEZTk3NDJCQkEzYTVEMDM5Q2Y3NTE2ZkNDNmE5ZUMwODM5QjZBIiwiZXhwIjoxNzQzNzYyNDA5LCJpYXQiOjE3NDM2NzYwMDksInJvbGVzIjp7IjEwIjoiZG9ub3IiLCI0Ijoic3RhcnRlciIsIjUiOiJkb25vciIsIjYiOiJkb25vciIsIjciOiJzdGFydGVyIiwiOSI6InN0YXJ0ZXIifX0.YLhc_AZm4xtzGjfVUEOUBngCdVRwpappMxpjl01ID7U"
time="2025-04-04T17:47:56+08:00" level=info msg="address: 0xcE8De9742BBA3a5D039Cf7516fCC6a9eC0839B6A"
time="2025-04-04T17:47:56+08:00" level=info msg="roles: map[10:donor 4:starter 5:donor 6:donor 7:starter 9:starter]"
time="2025-04-04T17:48:01+08:00" level=info msg="Authorization: eyJhbGciOiJIUzI1NiIsInR5cCI6IkpXVCJ9.eyJhZGRyZXNzIjoiMHhjRThEZTk3NDJCQkEzYTVEMDM5Q2Y3NTE2ZkNDNmE5ZUMwODM5QjZBIiwiZXhwIjoxNzQzNzYyNDA5LCJpYXQiOjE3NDM2NzYwMDksInJvbGVzIjp7IjEwIjoiZG9ub3IiLCI0Ijoic3RhcnRlciIsIjUiOiJkb25vciIsIjYiOiJkb25vciIsIjciOiJzdGFydGVyIiwiOSI6InN0YXJ0ZXIifX0.YLhc_AZm4xtzGjfVUEOUBngCdVRwpappMxpjl01ID7U"
time="2025-04-04T17:48:01+08:00" level=info msg="address: 0xcE8De9742BBA3a5D039Cf7516fCC6a9eC0839B6A"
time="2025-04-04T17:48:01+08:00" level=info msg="roles: map[10:donor 4:starter 5:donor 6:donor 7:starter 9:starter]"
time="2025-04-04T17:50:37+08:00" level=info msg="Init EventDispatchers and Start WatchDataFinalizedV3"
time="2025-04-04T18:09:38+08:00" level=info msg="Init EventDispatchers and Start WatchDataFinalizedV3"
time="2025-04-04T18:09:42+08:00" level=info msg="Authorization: eyJhbGciOiJIUzI1NiIsInR5cCI6IkpXVCJ9.eyJhZGRyZXNzIjoiMHhjRThEZTk3NDJCQkEzYTVEMDM5Q2Y3NTE2ZkNDNmE5ZUMwODM5QjZBIiwiZXhwIjoxNzQzODQ2NDgzLCJpYXQiOjE3NDM3NjAwODMsInJvbGVzIjp7IjEwIjoiZG9ub3IiLCI0Ijoic3RhcnRlciIsIjUiOiJkb25vciIsIjYiOiJkb25vciIsIjciOiJzdGFydGVyIiwiOSI6InN0YXJ0ZXIifX0.J4fuTpZQ6Ez72hhGAnZ4PdBb2IoryWOzzwsBI1Bznts"
time="2025-04-04T18:09:42+08:00" level=info msg="address: 0xcE8De9742BBA3a5D039Cf7516fCC6a9eC0839B6A"
time="2025-04-04T18:09:42+08:00" level=info msg="roles: map[10:donor 4:starter 5:donor 6:donor 7:starter 9:starter]"
time="2025-04-04T18:09:45+08:00" level=info msg="Authorization: eyJhbGciOiJIUzI1NiIsInR5cCI6IkpXVCJ9.eyJhZGRyZXNzIjoiMHhjRThEZTk3NDJCQkEzYTVEMDM5Q2Y3NTE2ZkNDNmE5ZUMwODM5QjZBIiwiZXhwIjoxNzQzODQ2NDgzLCJpYXQiOjE3NDM3NjAwODMsInJvbGVzIjp7IjEwIjoiZG9ub3IiLCI0Ijoic3RhcnRlciIsIjUiOiJkb25vciIsIjYiOiJkb25vciIsIjciOiJzdGFydGVyIiwiOSI6InN0YXJ0ZXIifX0.J4fuTpZQ6Ez72hhGAnZ4PdBb2IoryWOzzwsBI1Bznts"
time="2025-04-04T18:09:45+08:00" level=info msg="address: 0xcE8De9742BBA3a5D039Cf7516fCC6a9eC0839B6A"
time="2025-04-04T18:09:45+08:00" level=info msg="roles: map[10:donor 4:starter 5:donor 6:donor 7:starter 9:starter]"
time="2025-04-04T18:09:50+08:00" level=info msg="Authorization: eyJhbGciOiJIUzI1NiIsInR5cCI6IkpXVCJ9.eyJhZGRyZXNzIjoiMHhjRThEZTk3NDJCQkEzYTVEMDM5Q2Y3NTE2ZkNDNmE5ZUMwODM5QjZBIiwiZXhwIjoxNzQzODQ2NDgzLCJpYXQiOjE3NDM3NjAwODMsInJvbGVzIjp7IjEwIjoiZG9ub3IiLCI0Ijoic3RhcnRlciIsIjUiOiJkb25vciIsIjYiOiJkb25vciIsIjciOiJzdGFydGVyIiwiOSI6InN0YXJ0ZXIifX0.J4fuTpZQ6Ez72hhGAnZ4PdBb2IoryWOzzwsBI1Bznts"
time="2025-04-04T18:09:50+08:00" level=info msg="address: 0xcE8De9742BBA3a5D039Cf7516fCC6a9eC0839B6A"
time="2025-04-04T18:09:50+08:00" level=info msg="roles: map[10:donor 4:starter 5:donor 6:donor 7:starter 9:starter]"
time="2025-04-04T18:10:14+08:00" level=info msg="l2BlockNum 11429775 subscribe L1 Verfify hash"
time="2025-04-04T18:10:18+08:00" level=info msg="Authorization: eyJhbGciOiJIUzI1NiIsInR5cCI6IkpXVCJ9.eyJhZGRyZXNzIjoiMHhjRThEZTk3NDJCQkEzYTVEMDM5Q2Y3NTE2ZkNDNmE5ZUMwODM5QjZBIiwiZXhwIjoxNzQzODQ2NDgzLCJpYXQiOjE3NDM3NjAwODMsInJvbGVzIjp7IjEwIjoiZG9ub3IiLCI0Ijoic3RhcnRlciIsIjUiOiJkb25vciIsIjYiOiJkb25vciIsIjciOiJzdGFydGVyIiwiOSI6InN0YXJ0ZXIifX0.J4fuTpZQ6Ez72hhGAnZ4PdBb2IoryWOzzwsBI1Bznts"
time="2025-04-04T18:10:18+08:00" level=info msg="address: 0xcE8De9742BBA3a5D039Cf7516fCC6a9eC0839B6A"
time="2025-04-04T18:10:18+08:00" level=info msg="roles: map[10:donor 4:starter 5:donor 6:donor 7:starter 9:starter]"
time="2025-04-04T18:10:23+08:00" level=info msg="Authorization: eyJhbGciOiJIUzI1NiIsInR5cCI6IkpXVCJ9.eyJhZGRyZXNzIjoiMHhjRThEZTk3NDJCQkEzYTVEMDM5Q2Y3NTE2ZkNDNmE5ZUMwODM5QjZBIiwiZXhwIjoxNzQzODQ2NDgzLCJpYXQiOjE3NDM3NjAwODMsInJvbGVzIjp7IjEwIjoiZG9ub3IiLCI0Ijoic3RhcnRlciIsIjUiOiJkb25vciIsIjYiOiJkb25vciIsIjciOiJzdGFydGVyIiwiOSI6InN0YXJ0ZXIifX0.J4fuTpZQ6Ez72hhGAnZ4PdBb2IoryWOzzwsBI1Bznts"
time="2025-04-04T18:10:23+08:00" level=info msg="address: 0xcE8De9742BBA3a5D039Cf7516fCC6a9eC0839B6A"
time="2025-04-04T18:10:23+08:00" level=info msg="roles: map[10:donor 4:starter 5:donor 6:donor 7:starter 9:starter]"
time="2025-04-04T18:40:14+08:00" level=info msg="l2 0xe64d1b63a1a8686f9287ed5f2131fb568644358c43a9166a1431414b6dd7139d(11429775) not recieve l1Hash,enter the next 1 30 minutes"
time="2025-04-04T19:10:14+08:00" level=info msg="l2 0xe64d1b63a1a8686f9287ed5f2131fb568644358c43a9166a1431414b6dd7139d(11429775) not recieve l1Hash,enter the next 2 30 minutes"
time="2025-04-04T19:40:14+08:00" level=info msg="l2 0xe64d1b63a1a8686f9287ed5f2131fb568644358c43a9166a1431414b6dd7139d(11429775) not recieve l1Hash,enter the next 3 30 minutes"
time="2025-04-04T20:10:14+08:00" level=info msg="l2 0xe64d1b63a1a8686f9287ed5f2131fb568644358c43a9166a1431414b6dd7139d(11429775) not recieve l1Hash,enter the next 4 30 minutes"
time="2025-04-04T20:40:14+08:00" level=info msg="l2 0xe64d1b63a1a8686f9287ed5f2131fb568644358c43a9166a1431414b6dd7139d(11429775) not recieve l1Hash,enter the next 5 30 minutes"
time="2025-04-04T21:10:14+08:00" level=info msg="l2 0xe64d1b63a1a8686f9287ed5f2131fb568644358c43a9166a1431414b6dd7139d(11429775) not recieve l1Hash,enter the next 6 30 minutes"
time="2025-04-04T22:13:54+08:00" level=info msg="l2 0xe64d1b63a1a8686f9287ed5f2131fb568644358c43a9166a1431414b6dd7139d(11429775) not recieve l1Hash,enter the next 7 30 minutes"
time="2025-04-04T22:16:59+08:00" level=info msg="Init EventDispatchers and Start WatchDataFinalizedV3"
time="2025-04-04T22:18:01+08:00" level=info msg="Authorization: eyJhbGciOiJIUzI1NiIsInR5cCI6IkpXVCJ9.eyJhZGRyZXNzIjoiMHhjRThEZTk3NDJCQkEzYTVEMDM5Q2Y3NTE2ZkNDNmE5ZUMwODM5QjZBIiwiZXhwIjoxNzQzODQ3ODI1LCJpYXQiOjE3NDM3NjE0MjUsInJvbGVzIjp7IjEwIjoiZG9ub3IiLCI0Ijoic3RhcnRlciIsIjUiOiJkb25vciIsIjYiOiJkb25vciIsIjciOiJzdGFydGVyIiwiOSI6InN0YXJ0ZXIifX0.70kaeI5n2Ul8b0iVDg6Emvas7z1yph9UEzBMYNRXf8c"
time="2025-04-04T22:18:01+08:00" level=info msg="address: 0xcE8De9742BBA3a5D039Cf7516fCC6a9eC0839B6A"
time="2025-04-04T22:18:01+08:00" level=info msg="roles: map[10:donor 4:starter 5:donor 6:donor 7:starter 9:starter]"
time="2025-04-04T22:18:08+08:00" level=info msg="Authorization: eyJhbGciOiJIUzI1NiIsInR5cCI6IkpXVCJ9.eyJhZGRyZXNzIjoiMHhjRThEZTk3NDJCQkEzYTVEMDM5Q2Y3NTE2ZkNDNmE5ZUMwODM5QjZBIiwiZXhwIjoxNzQzODQ3ODI1LCJpYXQiOjE3NDM3NjE0MjUsInJvbGVzIjp7IjEwIjoiZG9ub3IiLCI0Ijoic3RhcnRlciIsIjUiOiJkb25vciIsIjYiOiJkb25vciIsIjciOiJzdGFydGVyIiwiOSI6InN0YXJ0ZXIifX0.70kaeI5n2Ul8b0iVDg6Emvas7z1yph9UEzBMYNRXf8c"
time="2025-04-04T22:18:08+08:00" level=info msg="address: 0xcE8De9742BBA3a5D039Cf7516fCC6a9eC0839B6A"
time="2025-04-04T22:18:08+08:00" level=info msg="roles: map[10:donor 4:starter 5:donor 6:donor 7:starter 9:starter]"
time="2025-04-04T22:18:13+08:00" level=info msg="Authorization: eyJhbGciOiJIUzI1NiIsInR5cCI6IkpXVCJ9.eyJhZGRyZXNzIjoiMHhjRThEZTk3NDJCQkEzYTVEMDM5Q2Y3NTE2ZkNDNmE5ZUMwODM5QjZBIiwiZXhwIjoxNzQzODQ3ODI1LCJpYXQiOjE3NDM3NjE0MjUsInJvbGVzIjp7IjEwIjoiZG9ub3IiLCI0Ijoic3RhcnRlciIsIjUiOiJkb25vciIsIjYiOiJkb25vciIsIjciOiJzdGFydGVyIiwiOSI6InN0YXJ0ZXIifX0.70kaeI5n2Ul8b0iVDg6Emvas7z1yph9UEzBMYNRXf8c"
time="2025-04-04T22:18:13+08:00" level=info msg="address: 0xcE8De9742BBA3a5D039Cf7516fCC6a9eC0839B6A"
time="2025-04-04T22:18:13+08:00" level=info msg="roles: map[10:donor 4:starter 5:donor 6:donor 7:starter 9:starter]"
time="2025-04-04T22:18:36+08:00" level=info msg="l2BlockNum 11437070 subscribe L1 Verfify hash"
time="2025-04-04T22:18:42+08:00" level=info msg="Authorization: eyJhbGciOiJIUzI1NiIsInR5cCI6IkpXVCJ9.eyJhZGRyZXNzIjoiMHhjRThEZTk3NDJCQkEzYTVEMDM5Q2Y3NTE2ZkNDNmE5ZUMwODM5QjZBIiwiZXhwIjoxNzQzODQ3ODI1LCJpYXQiOjE3NDM3NjE0MjUsInJvbGVzIjp7IjEwIjoiZG9ub3IiLCI0Ijoic3RhcnRlciIsIjUiOiJkb25vciIsIjYiOiJkb25vciIsIjciOiJzdGFydGVyIiwiOSI6InN0YXJ0ZXIifX0.70kaeI5n2Ul8b0iVDg6Emvas7z1yph9UEzBMYNRXf8c"
time="2025-04-04T22:18:42+08:00" level=info msg="address: 0xcE8De9742BBA3a5D039Cf7516fCC6a9eC0839B6A"
time="2025-04-04T22:18:42+08:00" level=info msg="roles: map[10:donor 4:starter 5:donor 6:donor 7:starter 9:starter]"
time="2025-04-04T22:18:47+08:00" level=info msg="Authorization: eyJhbGciOiJIUzI1NiIsInR5cCI6IkpXVCJ9.eyJhZGRyZXNzIjoiMHhjRThEZTk3NDJCQkEzYTVEMDM5Q2Y3NTE2ZkNDNmE5ZUMwODM5QjZBIiwiZXhwIjoxNzQzODQ3ODI1LCJpYXQiOjE3NDM3NjE0MjUsInJvbGVzIjp7IjEwIjoiZG9ub3IiLCI0Ijoic3RhcnRlciIsIjUiOiJkb25vciIsIjYiOiJkb25vciIsIjciOiJzdGFydGVyIiwiOSI6InN0YXJ0ZXIifX0.70kaeI5n2Ul8b0iVDg6Emvas7z1yph9UEzBMYNRXf8c"
time="2025-04-04T22:18:47+08:00" level=info msg="address: 0xcE8De9742BBA3a5D039Cf7516fCC6a9eC0839B6A"
time="2025-04-04T22:18:47+08:00" level=info msg="roles: map[10:donor 4:starter 5:donor 6:donor 7:starter 9:starter]"
