time="2025-04-03T10:14:57+08:00" level=error msg="L1 confirmation failed: 获取交易收据失败: not found"
time="2025-04-03T10:21:16+08:00" level=error msg="GethWsClientVerifier.TransactionReceipt error: not found"
time="2025-04-03T10:21:16+08:00" level=error msg="getL1VerificationTx error: 获取交易收据失败: not found"
time="2025-04-03T10:21:16+08:00" level=error msg="L1 confirmation failed: 获取交易收据失败: not found"
time="2025-04-03T10:27:28+08:00" level=error msg="GethWsClientVerifier.TransactionReceipt error: not found"
time="2025-04-03T10:27:28+08:00" level=error msg="getL1VerificationTx error: 获取交易收据失败: not found"
time="2025-04-03T10:27:28+08:00" level=error msg="L1 confirmation failed: 获取交易收据失败: not found"
time="2025-04-03T10:31:16+08:00" level=error msg="GethWsClientVerifier.TransactionReceipt error: not found"
time="2025-04-03T10:31:16+08:00" level=error msg="getL1VerificationTx error: 获取交易收据失败: not found"
time="2025-04-03T10:31:16+08:00" level=error msg="L1 confirmation failed: 获取交易收据失败: not found"
time="2025-04-03T10:38:02+08:00" level=error msg="Subscription error: read tcp [2408:8471:b03:c40e:ad0d:c906:51f7:eb0b]:15697->[2606:4700::6813:9e0e]:443: i/o timeout"
time="2025-04-03T10:49:39+08:00" level=error msg="getL1VerificationTx error: 未找到对应L1验证交易"
time="2025-04-03T10:49:39+08:00" level=error msg="L1 confirmation failed: 未找到对应L1验证交易"
time="2025-04-03T10:54:55+08:00" level=error msg="getL1VerificationTx error: 未找到对应L1验证交易"
time="2025-04-03T10:54:55+08:00" level=error msg="L1 confirmation failed: 未找到对应L1验证交易"
time="2025-04-03T10:57:15+08:00" level=error msg="getL1VerificationTx error: 未找到对应L1验证交易"
time="2025-04-03T10:57:15+08:00" level=error msg="L1 confirmation failed: 未找到对应L1验证交易"
time="2025-04-03T11:07:42+08:00" level=error msg="getL1VerificationTx error: 未找到对应L1验证交易"
time="2025-04-03T11:07:42+08:00" level=error msg="L1 confirmation failed: 未找到对应L1验证交易"
time="2025-04-03T11:29:08+08:00" level=error msg="Subscription error: websocket: close 1006 (abnormal closure): unexpected EOF"
time="2025-04-03T11:35:42+08:00" level=error msg="getL1VerificationTx error: 未找到对应L1验证交易"
time="2025-04-03T11:35:42+08:00" level=error msg="L1 confirmation failed: 未找到对应L1验证交易"
time="2025-04-03T12:05:15+08:00" level=error msg="WatchDataFinalizedV3 error: notifications not supported"
time="2025-04-03T12:05:15+08:00" level=error msg="getL1VerificationTx error: WatchDataFinalizedV3 error: notifications not supported"
time="2025-04-03T12:05:15+08:00" level=error msg="L1 confirmation failed: WatchDataFinalizedV3 error: notifications not supported"
time="2025-04-03T15:04:46+08:00" level=error msg="Subscription error: read tcp [2408:8471:b03:c40e:a415:c403:9cdc:39f]:20794->[2606:4700::6813:9d0e]:443: wsarecv: An established connection was aborted by the software in your host machine."
time="2025-04-03T18:56:37+08:00" level=error msg="getL1VerificationTx error: 等待L1确认超时"
time="2025-04-03T18:56:37+08:00" level=error msg="L1 confirmation failed: 等待L1确认超时"
time="2025-04-03T19:15:30+08:00" level=error msg="Subscription error: read tcp [2408:8471:b03:c40e:94aa:d68:e8c4:2fe6]:25257->[2606:4700::6813:9d0e]:443: wsarecv: An established connection was aborted by the software in your host machine."
