time="2025-03-12T21:21:33+08:00" level=info msg="acquire lock for event event:0x3fcc2fe36c5d2e64521dab82c4c57457dae7e6d0de91e5dd89b4da8b169a225c:2"
time="2025-03-12T21:21:37+08:00" level=info msg="Authorization: eyJhbGciOiJIUzI1NiIsInR5cCI6IkpXVCJ9.eyJhZGRyZXNzIjoiMHhjZThkZTk3NDJiYmEzYTVkMDM5Y2Y3NTE2ZmNjNmE5ZWMwODM5YjZhIiwiZXhwIjoxNzQxODcyMDU2LCJpYXQiOjE3NDE3ODU2NTYsInJvbGVzIjp7IjQiOiJzdGFydGVyIiwiNSI6ImRvbm9yIiwiNiI6ImRvbm9yIiwiNyI6InN0YXJ0ZXIifX0.09YmoeXCXcT1ijKxXufV6b9NElqzUE8uOnEBQ4fCSl4"
time="2025-03-12T21:21:37+08:00" level=info msg="address: 0xce8de9742bba3a5d039cf7516fcc6a9ec0839b6a"
time="2025-03-12T21:21:37+08:00" level=info msg="roles: map[4:starter 5:donor 6:donor 7:starter]"
time="2025-03-12T21:21:49+08:00" level=info msg="Authorization: eyJhbGciOiJIUzI1NiIsInR5cCI6IkpXVCJ9.eyJhZGRyZXNzIjoiMHhjRThEZTk3NDJCQkEzYTVEMDM5Q2Y3NTE2ZkNDNmE5ZUMwODM5QjZBIiwiZXhwIjoxNzQxODcyMDk5LCJpYXQiOjE3NDE3ODU2OTksInJvbGVzIjp7IjQiOiJzdGFydGVyIiwiNSI6ImRvbm9yIiwiNiI6ImRvbm9yIiwiNyI6InN0YXJ0ZXIiLCI5Ijoic3RhcnRlciJ9fQ.H3yeXvwUzXNrSxCIxS3CRJXyaBPlC_ZTdf3aMTb4YGg"
time="2025-03-12T21:21:49+08:00" level=info msg="address: 0xcE8De9742BBA3a5D039Cf7516fCC6a9eC0839B6A"
time="2025-03-12T21:21:49+08:00" level=info msg="roles: map[4:starter 5:donor 6:donor 7:starter 9:starter]"
time="2025-03-12T21:21:53+08:00" level=info msg="Authorization: eyJhbGciOiJIUzI1NiIsInR5cCI6IkpXVCJ9.eyJhZGRyZXNzIjoiMHhjRThEZTk3NDJCQkEzYTVEMDM5Q2Y3NTE2ZkNDNmE5ZUMwODM5QjZBIiwiZXhwIjoxNzQxODcyMDk5LCJpYXQiOjE3NDE3ODU2OTksInJvbGVzIjp7IjQiOiJzdGFydGVyIiwiNSI6ImRvbm9yIiwiNiI6ImRvbm9yIiwiNyI6InN0YXJ0ZXIiLCI5Ijoic3RhcnRlciJ9fQ.H3yeXvwUzXNrSxCIxS3CRJXyaBPlC_ZTdf3aMTb4YGg"
time="2025-03-12T21:21:53+08:00" level=info msg="address: 0xcE8De9742BBA3a5D039Cf7516fCC6a9eC0839B6A"
time="2025-03-12T21:21:53+08:00" level=info msg="roles: map[4:starter 5:donor 6:donor 7:starter 9:starter]"
time="2025-03-12T21:21:58+08:00" level=info msg="Authorization: eyJhbGciOiJIUzI1NiIsInR5cCI6IkpXVCJ9.eyJhZGRyZXNzIjoiMHhjRThEZTk3NDJCQkEzYTVEMDM5Q2Y3NTE2ZkNDNmE5ZUMwODM5QjZBIiwiZXhwIjoxNzQxODcyMDk5LCJpYXQiOjE3NDE3ODU2OTksInJvbGVzIjp7IjQiOiJzdGFydGVyIiwiNSI6ImRvbm9yIiwiNiI6ImRvbm9yIiwiNyI6InN0YXJ0ZXIiLCI5Ijoic3RhcnRlciJ9fQ.H3yeXvwUzXNrSxCIxS3CRJXyaBPlC_ZTdf3aMTb4YGg"
time="2025-03-12T21:21:58+08:00" level=info msg="address: 0xcE8De9742BBA3a5D039Cf7516fCC6a9eC0839B6A"
time="2025-03-12T21:21:58+08:00" level=info msg="roles: map[4:starter 5:donor 6:donor 7:starter 9:starter]"
time="2025-03-12T21:22:40+08:00" level=info msg="acquire lock for event event:0x23562f834ff6b882953c5b26425a817145e0e856684db8379d15f39b604e7d3d:5"
time="2025-03-12T21:22:41+08:00" level=info msg="Authorization: eyJhbGciOiJIUzI1NiIsInR5cCI6IkpXVCJ9.eyJhZGRyZXNzIjoiMHhjZGY2ZDg3NjJhNTE5ZTJlMTVlMTJjOGY3ODE1NmFmMzBhNWYyNDcxIiwiZXhwIjoxNzQxODcyMTM3LCJpYXQiOjE3NDE3ODU3MzcsInJvbGVzIjp7IjQiOiJkb25vciIsIjUiOiJzdGFydGVyIn19.XevhCueMtFp0IOyR4wxaJkxNOKT-Pjt5tnk_ReUj54M"
time="2025-03-12T21:22:41+08:00" level=info msg="address: 0xcdf6d8762a519e2e15e12c8f78156af30a5f2471"
time="2025-03-12T21:22:41+08:00" level=info msg="roles: map[4:donor 5:starter]"
time="2025-03-12T21:22:45+08:00" level=info msg="Authorization: eyJhbGciOiJIUzI1NiIsInR5cCI6IkpXVCJ9.eyJhZGRyZXNzIjoiMHhjZGY2ZDg3NjJhNTE5ZTJlMTVlMTJjOGY3ODE1NmFmMzBhNWYyNDcxIiwiZXhwIjoxNzQxODcyMTM3LCJpYXQiOjE3NDE3ODU3MzcsInJvbGVzIjp7IjQiOiJkb25vciIsIjUiOiJzdGFydGVyIn19.XevhCueMtFp0IOyR4wxaJkxNOKT-Pjt5tnk_ReUj54M"
time="2025-03-12T21:22:45+08:00" level=info msg="address: 0xcdf6d8762a519e2e15e12c8f78156af30a5f2471"
time="2025-03-12T21:22:45+08:00" level=info msg="roles: map[4:donor 5:starter]"
time="2025-03-12T21:22:46+08:00" level=info msg="Authorization: eyJhbGciOiJIUzI1NiIsInR5cCI6IkpXVCJ9.eyJhZGRyZXNzIjoiMHhjZGY2ZDg3NjJhNTE5ZTJlMTVlMTJjOGY3ODE1NmFmMzBhNWYyNDcxIiwiZXhwIjoxNzQxODcyMTM3LCJpYXQiOjE3NDE3ODU3MzcsInJvbGVzIjp7IjQiOiJkb25vciIsIjUiOiJzdGFydGVyIn19.XevhCueMtFp0IOyR4wxaJkxNOKT-Pjt5tnk_ReUj54M"
time="2025-03-12T21:22:46+08:00" level=info msg="address: 0xcdf6d8762a519e2e15e12c8f78156af30a5f2471"
time="2025-03-12T21:22:46+08:00" level=info msg="roles: map[4:donor 5:starter]"
time="2025-03-12T21:22:49+08:00" level=info msg="Authorization: eyJhbGciOiJIUzI1NiIsInR5cCI6IkpXVCJ9.eyJhZGRyZXNzIjoiMHhDZEY2ZDg3NjJBNTE5ZTJlMTVFMTJDOGY3ODE1NkFGMzBBNUYyNDcxIiwiZXhwIjoxNzQxODcyMTY4LCJpYXQiOjE3NDE3ODU3NjgsInJvbGVzIjp7IjQiOiJkb25vciIsIjUiOiJzdGFydGVyIiwiOSI6ImRvbm9yIn19.VMZFnnZXt45Ms3qiaVDMh11-m-DLWoynFe2HSVA4xBU"
time="2025-03-12T21:22:49+08:00" level=info msg="address: 0xCdF6d8762A519e2e15E12C8f78156AF30A5F2471"
time="2025-03-12T21:22:49+08:00" level=info msg="roles: map[4:donor 5:starter 9:donor]"
time="2025-03-12T21:23:04+08:00" level=info msg="acquire lock for event event:0xdc77f967d7b31ede044bcf4ac690b69cf908d8ee5045886d8354e47b069df423:16"
time="2025-03-12T21:23:06+08:00" level=info msg="Minting NFT for Diamond at 80,donor :0xCdF6d8762A519e2e15E12C8f78156AF30A5F2471"
time="2025-03-12T21:23:09+08:00" level=info msg="acquire lock for event event:0x9242a63d2e040f528b9e208ea1629a329ba7cc4fb31f82b9da51862a556cf5c4:1"
time="2025-03-12T21:23:09+08:00" level=warning msg="Unhandled event signature: 0xf8e1a15aba9398e019f0b49df1a4fde98ee17ae345cb5f6b5e2c27f5033e8ce7"
time="2025-03-12T21:23:09+08:00" level=info msg="acquire lock for event event:0x9242a63d2e040f528b9e208ea1629a329ba7cc4fb31f82b9da51862a556cf5c4:2"
time="2025-03-12T21:23:09+08:00" level=warning msg="Unhandled event signature: 0xd35bb95e09c04b219e35047ce7b7b300e3384264ef84a40456943dbc0fc17c14"
time="2025-03-12T21:23:09+08:00" level=info msg="acquire lock for event event:0x9242a63d2e040f528b9e208ea1629a329ba7cc4fb31f82b9da51862a556cf5c4:0"
time="2025-03-12T21:23:09+08:00" level=warning msg="Unhandled event signature: 0xddf252ad1be2c89b69c2b068fc378daa952ba7f163c4a11628f55a4df523b3ef"
time="2025-03-12T21:23:10+08:00" level=info msg="Gas Used: 234416"
time="2025-03-12T21:23:20+08:00" level=info msg="Authorization: eyJhbGciOiJIUzI1NiIsInR5cCI6IkpXVCJ9.eyJhZGRyZXNzIjoiMHhjRThEZTk3NDJCQkEzYTVEMDM5Q2Y3NTE2ZkNDNmE5ZUMwODM5QjZBIiwiZXhwIjoxNzQxODcyMDk5LCJpYXQiOjE3NDE3ODU2OTksInJvbGVzIjp7IjQiOiJzdGFydGVyIiwiNSI6ImRvbm9yIiwiNiI6ImRvbm9yIiwiNyI6InN0YXJ0ZXIiLCI5Ijoic3RhcnRlciJ9fQ.H3yeXvwUzXNrSxCIxS3CRJXyaBPlC_ZTdf3aMTb4YGg"
time="2025-03-12T21:23:20+08:00" level=info msg="address: 0xcE8De9742BBA3a5D039Cf7516fCC6a9eC0839B6A"
time="2025-03-12T21:23:20+08:00" level=info msg="roles: map[4:starter 5:donor 6:donor 7:starter 9:starter]"
time="2025-03-12T21:23:25+08:00" level=info msg="Authorization: eyJhbGciOiJIUzI1NiIsInR5cCI6IkpXVCJ9.eyJhZGRyZXNzIjoiMHhjRThEZTk3NDJCQkEzYTVEMDM5Q2Y3NTE2ZkNDNmE5ZUMwODM5QjZBIiwiZXhwIjoxNzQxODcyMDk5LCJpYXQiOjE3NDE3ODU2OTksInJvbGVzIjp7IjQiOiJzdGFydGVyIiwiNSI6ImRvbm9yIiwiNiI6ImRvbm9yIiwiNyI6InN0YXJ0ZXIiLCI5Ijoic3RhcnRlciJ9fQ.H3yeXvwUzXNrSxCIxS3CRJXyaBPlC_ZTdf3aMTb4YGg"
time="2025-03-12T21:23:25+08:00" level=info msg="address: 0xcE8De9742BBA3a5D039Cf7516fCC6a9eC0839B6A"
time="2025-03-12T21:23:25+08:00" level=info msg="roles: map[4:starter 5:donor 6:donor 7:starter 9:starter]"
time="2025-03-12T21:23:29+08:00" level=info msg="Authorization: eyJhbGciOiJIUzI1NiIsInR5cCI6IkpXVCJ9.eyJhZGRyZXNzIjoiMHhjRThEZTk3NDJCQkEzYTVEMDM5Q2Y3NTE2ZkNDNmE5ZUMwODM5QjZBIiwiZXhwIjoxNzQxODcyMDk5LCJpYXQiOjE3NDE3ODU2OTksInJvbGVzIjp7IjQiOiJzdGFydGVyIiwiNSI6ImRvbm9yIiwiNiI6ImRvbm9yIiwiNyI6InN0YXJ0ZXIiLCI5Ijoic3RhcnRlciJ9fQ.H3yeXvwUzXNrSxCIxS3CRJXyaBPlC_ZTdf3aMTb4YGg"
time="2025-03-12T21:23:29+08:00" level=info msg="address: 0xcE8De9742BBA3a5D039Cf7516fCC6a9eC0839B6A"
time="2025-03-12T21:23:29+08:00" level=info msg="roles: map[4:starter 5:donor 6:donor 7:starter 9:starter]"
time="2025-03-12T21:23:33+08:00" level=info msg="Authorization: eyJhbGciOiJIUzI1NiIsInR5cCI6IkpXVCJ9.eyJhZGRyZXNzIjoiMHhjRThEZTk3NDJCQkEzYTVEMDM5Q2Y3NTE2ZkNDNmE5ZUMwODM5QjZBIiwiZXhwIjoxNzQxODcyMDk5LCJpYXQiOjE3NDE3ODU2OTksInJvbGVzIjp7IjQiOiJzdGFydGVyIiwiNSI6ImRvbm9yIiwiNiI6ImRvbm9yIiwiNyI6InN0YXJ0ZXIiLCI5Ijoic3RhcnRlciJ9fQ.H3yeXvwUzXNrSxCIxS3CRJXyaBPlC_ZTdf3aMTb4YGg"
time="2025-03-12T21:23:33+08:00" level=info msg="address: 0xcE8De9742BBA3a5D039Cf7516fCC6a9eC0839B6A"
time="2025-03-12T21:23:33+08:00" level=info msg="roles: map[4:starter 5:donor 6:donor 7:starter 9:starter]"
time="2025-03-12T21:23:52+08:00" level=info msg="Authorization: eyJhbGciOiJIUzI1NiIsInR5cCI6IkpXVCJ9.eyJhZGRyZXNzIjoiMHhDZEY2ZDg3NjJBNTE5ZTJlMTVFMTJDOGY3ODE1NkFGMzBBNUYyNDcxIiwiZXhwIjoxNzQxODcyMTY4LCJpYXQiOjE3NDE3ODU3NjgsInJvbGVzIjp7IjQiOiJkb25vciIsIjUiOiJzdGFydGVyIiwiOSI6ImRvbm9yIn19.VMZFnnZXt45Ms3qiaVDMh11-m-DLWoynFe2HSVA4xBU"
time="2025-03-12T21:23:52+08:00" level=info msg="address: 0xCdF6d8762A519e2e15E12C8f78156AF30A5F2471"
time="2025-03-12T21:23:52+08:00" level=info msg="Authorization: eyJhbGciOiJIUzI1NiIsInR5cCI6IkpXVCJ9.eyJhZGRyZXNzIjoiMHhDZEY2ZDg3NjJBNTE5ZTJlMTVFMTJDOGY3ODE1NkFGMzBBNUYyNDcxIiwiZXhwIjoxNzQxODcyMTY4LCJpYXQiOjE3NDE3ODU3NjgsInJvbGVzIjp7IjQiOiJkb25vciIsIjUiOiJzdGFydGVyIiwiOSI6ImRvbm9yIn19.VMZFnnZXt45Ms3qiaVDMh11-m-DLWoynFe2HSVA4xBU"
time="2025-03-12T21:23:52+08:00" level=info msg="roles: map[4:donor 5:starter 9:donor]"
time="2025-03-12T21:23:52+08:00" level=info msg="address: 0xCdF6d8762A519e2e15E12C8f78156AF30A5F2471"
time="2025-03-12T21:23:52+08:00" level=info msg="roles: map[4:donor 5:starter 9:donor]"
