time="2025-03-27T10:13:55+08:00" level=info msg="Authorization: eyJhbGciOiJIUzI1NiIsInR5cCI6IkpXVCJ9.eyJhZGRyZXNzIjoiMHhGMjFhN2U3MjU3ODdkN0YyQ2IxZDZjMzNlMjkwOTFDQUQ1MjIwMDhiIiwiZXhwIjoxNzQyNTI1OTgwLCJpYXQiOjE3NDI0Mzk1ODAsInJvbGVzIjp7IjYiOiJzdGFydGVyIiwiNyI6ImRvbm9yIiwiOCI6InN0YXJ0ZXIifX0.WIjSKnVHp9VRyEwG-GxUw2HiKHzyRXV1zRaowrt_5Bc"
time="2025-03-27T10:17:06+08:00" level=info msg="Authorization: eyJhbGciOiJIUzI1NiIsInR5cCI6IkpXVCJ9.eyJhZGRyZXNzIjoiMHhjZGY2ZDg3NjJhNTE5ZTJlMTVlMTJjOGY3ODE1NmFmMzBhNWYyNDcxIiwiZXhwIjoxNzQzMTI4MTgyLCJpYXQiOjE3NDMwNDE3ODIsInJvbGVzIjp7IjQiOiJkb25vciIsIjUiOiJzdGFydGVyIiwiNyI6ImRvbm9yIiwiOSI6ImRvbm9yIn19.LhXs3qOxqhvA-j7j1gvjB9NCG0aAgrfwTVkdqZ-Sedg"
time="2025-03-27T10:17:06+08:00" level=info msg="address: 0xcdf6d8762a519e2e15e12c8f78156af30a5f2471"
time="2025-03-27T10:17:06+08:00" level=info msg="roles: map[4:donor 5:starter 7:donor 9:donor]"
time="2025-03-27T10:17:18+08:00" level=info msg="Authorization: eyJhbGciOiJIUzI1NiIsInR5cCI6IkpXVCJ9.eyJhZGRyZXNzIjoiMHhDZEY2ZDg3NjJBNTE5ZTJlMTVFMTJDOGY3ODE1NkFGMzBBNUYyNDcxIiwiZXhwIjoxNzQzMTI4MjI4LCJpYXQiOjE3NDMwNDE4MjgsInJvbGVzIjp7IjQiOiJkb25vciIsIjUiOiJzdGFydGVyIiwiNyI6ImRvbm9yIiwiOSI6ImRvbm9yIn19.PV-2aAZ6np9TF-dD_cildUz0bfIq-4D1rCoM8Q5gH28"
time="2025-03-27T10:17:18+08:00" level=info msg="address: 0xCdF6d8762A519e2e15E12C8f78156AF30A5F2471"
time="2025-03-27T10:17:18+08:00" level=info msg="roles: map[4:donor 5:starter 7:donor 9:donor]"
time="2025-03-27T10:17:24+08:00" level=info msg="Authorization: eyJhbGciOiJIUzI1NiIsInR5cCI6IkpXVCJ9.eyJhZGRyZXNzIjoiMHhDZEY2ZDg3NjJBNTE5ZTJlMTVFMTJDOGY3ODE1NkFGMzBBNUYyNDcxIiwiZXhwIjoxNzQzMTI4MjI4LCJpYXQiOjE3NDMwNDE4MjgsInJvbGVzIjp7IjQiOiJkb25vciIsIjUiOiJzdGFydGVyIiwiNyI6ImRvbm9yIiwiOSI6ImRvbm9yIn19.PV-2aAZ6np9TF-dD_cildUz0bfIq-4D1rCoM8Q5gH28"
time="2025-03-27T10:17:24+08:00" level=info msg="address: 0xCdF6d8762A519e2e15E12C8f78156AF30A5F2471"
time="2025-03-27T10:17:24+08:00" level=info msg="roles: map[4:donor 5:starter 7:donor 9:donor]"
time="2025-03-27T10:17:28+08:00" level=info msg="Authorization: eyJhbGciOiJIUzI1NiIsInR5cCI6IkpXVCJ9.eyJhZGRyZXNzIjoiMHhDZEY2ZDg3NjJBNTE5ZTJlMTVFMTJDOGY3ODE1NkFGMzBBNUYyNDcxIiwiZXhwIjoxNzQzMTI4MjI4LCJpYXQiOjE3NDMwNDE4MjgsInJvbGVzIjp7IjQiOiJkb25vciIsIjUiOiJzdGFydGVyIiwiNyI6ImRvbm9yIiwiOSI6ImRvbm9yIn19.PV-2aAZ6np9TF-dD_cildUz0bfIq-4D1rCoM8Q5gH28"
time="2025-03-27T10:17:28+08:00" level=info msg="address: 0xCdF6d8762A519e2e15E12C8f78156AF30A5F2471"
time="2025-03-27T10:17:28+08:00" level=info msg="roles: map[4:donor 5:starter 7:donor 9:donor]"
time="2025-03-27T10:17:28+08:00" level=info msg="acquire lock for event event:0xddef5a6026751ca2df2c74515ced5d1013a8c81e43dbb293168ee49016853456:3"
time="2025-03-27T10:17:58+08:00" level=info msg="Authorization: eyJhbGciOiJIUzI1NiIsInR5cCI6IkpXVCJ9.eyJhZGRyZXNzIjoiMHhDZEY2ZDg3NjJBNTE5ZTJlMTVFMTJDOGY3ODE1NkFGMzBBNUYyNDcxIiwiZXhwIjoxNzQzMTI4MjI4LCJpYXQiOjE3NDMwNDE4MjgsInJvbGVzIjp7IjQiOiJkb25vciIsIjUiOiJzdGFydGVyIiwiNyI6ImRvbm9yIiwiOSI6ImRvbm9yIn19.PV-2aAZ6np9TF-dD_cildUz0bfIq-4D1rCoM8Q5gH28"
time="2025-03-27T10:17:58+08:00" level=info msg="address: 0xCdF6d8762A519e2e15E12C8f78156AF30A5F2471"
time="2025-03-27T10:17:58+08:00" level=info msg="roles: map[4:donor 5:starter 7:donor 9:donor]"
time="2025-03-27T10:18:01+08:00" level=info msg="Authorization: eyJhbGciOiJIUzI1NiIsInR5cCI6IkpXVCJ9.eyJhZGRyZXNzIjoiMHhDZEY2ZDg3NjJBNTE5ZTJlMTVFMTJDOGY3ODE1NkFGMzBBNUYyNDcxIiwiZXhwIjoxNzQzMTI4MjI4LCJpYXQiOjE3NDMwNDE4MjgsInJvbGVzIjp7IjQiOiJkb25vciIsIjUiOiJzdGFydGVyIiwiNyI6ImRvbm9yIiwiOSI6ImRvbm9yIn19.PV-2aAZ6np9TF-dD_cildUz0bfIq-4D1rCoM8Q5gH28"
time="2025-03-27T10:18:01+08:00" level=info msg="address: 0xCdF6d8762A519e2e15E12C8f78156AF30A5F2471"
time="2025-03-27T10:18:01+08:00" level=info msg="roles: map[4:donor 5:starter 7:donor 9:donor]"
time="2025-03-27T10:18:05+08:00" level=info msg="Authorization: eyJhbGciOiJIUzI1NiIsInR5cCI6IkpXVCJ9.eyJhZGRyZXNzIjoiMHhDZEY2ZDg3NjJBNTE5ZTJlMTVFMTJDOGY3ODE1NkFGMzBBNUYyNDcxIiwiZXhwIjoxNzQzMTI4MjI4LCJpYXQiOjE3NDMwNDE4MjgsInJvbGVzIjp7IjQiOiJkb25vciIsIjUiOiJzdGFydGVyIiwiNyI6ImRvbm9yIiwiOSI6ImRvbm9yIn19.PV-2aAZ6np9TF-dD_cildUz0bfIq-4D1rCoM8Q5gH28"
time="2025-03-27T10:18:05+08:00" level=info msg="address: 0xCdF6d8762A519e2e15E12C8f78156AF30A5F2471"
time="2025-03-27T10:18:05+08:00" level=info msg="roles: map[4:donor 5:starter 7:donor 9:donor]"
time="2025-03-27T10:18:53+08:00" level=info msg="Authorization: eyJhbGciOiJIUzI1NiIsInR5cCI6IkpXVCJ9.eyJhZGRyZXNzIjoiMHhjZThkZTk3NDJiYmEzYTVkMDM5Y2Y3NTE2ZmNjNmE5ZWMwODM5YjZhIiwiZXhwIjoxNzQzMTI4MzEwLCJpYXQiOjE3NDMwNDE5MTAsInJvbGVzIjp7IjQiOiJzdGFydGVyIiwiNSI6ImRvbm9yIiwiNiI6ImRvbm9yIiwiNyI6InN0YXJ0ZXIiLCI5Ijoic3RhcnRlciJ9fQ.uWIDGQf1xl6zzxsM8f3ibDhPNNBZc7PQTY8n-_L7ROM"
time="2025-03-27T10:18:53+08:00" level=info msg="address: 0xce8de9742bba3a5d039cf7516fcc6a9ec0839b6a"
time="2025-03-27T10:18:53+08:00" level=info msg="roles: map[4:starter 5:donor 6:donor 7:starter 9:starter]"
time="2025-03-27T10:18:58+08:00" level=info msg="Authorization: eyJhbGciOiJIUzI1NiIsInR5cCI6IkpXVCJ9.eyJhZGRyZXNzIjoiMHhjZThkZTk3NDJiYmEzYTVkMDM5Y2Y3NTE2ZmNjNmE5ZWMwODM5YjZhIiwiZXhwIjoxNzQzMTI4MzEwLCJpYXQiOjE3NDMwNDE5MTAsInJvbGVzIjp7IjQiOiJzdGFydGVyIiwiNSI6ImRvbm9yIiwiNiI6ImRvbm9yIiwiNyI6InN0YXJ0ZXIiLCI5Ijoic3RhcnRlciJ9fQ.uWIDGQf1xl6zzxsM8f3ibDhPNNBZc7PQTY8n-_L7ROM"
time="2025-03-27T10:18:58+08:00" level=info msg="address: 0xce8de9742bba3a5d039cf7516fcc6a9ec0839b6a"
time="2025-03-27T10:18:58+08:00" level=info msg="roles: map[4:starter 5:donor 6:donor 7:starter 9:starter]"
time="2025-03-27T10:19:09+08:00" level=info msg="Authorization: eyJhbGciOiJIUzI1NiIsInR5cCI6IkpXVCJ9.eyJhZGRyZXNzIjoiMHhjRThEZTk3NDJCQkEzYTVEMDM5Q2Y3NTE2ZkNDNmE5ZUMwODM5QjZBIiwiZXhwIjoxNzQzMTI4MzQwLCJpYXQiOjE3NDMwNDE5NDAsInJvbGVzIjp7IjQiOiJzdGFydGVyIiwiNSI6ImRvbm9yIiwiNiI6ImRvbm9yIiwiNyI6InN0YXJ0ZXIiLCI5Ijoic3RhcnRlciJ9fQ.ip5B8JgtxkSYS5GaRTDRLAS7sy15BwbpsChjIumBKR0"
time="2025-03-27T10:19:09+08:00" level=info msg="address: 0xcE8De9742BBA3a5D039Cf7516fCC6a9eC0839B6A"
time="2025-03-27T10:19:09+08:00" level=info msg="roles: map[4:starter 5:donor 6:donor 7:starter 9:starter]"
time="2025-03-27T10:19:15+08:00" level=info msg="Authorization: eyJhbGciOiJIUzI1NiIsInR5cCI6IkpXVCJ9.eyJhZGRyZXNzIjoiMHhjRThEZTk3NDJCQkEzYTVEMDM5Q2Y3NTE2ZkNDNmE5ZUMwODM5QjZBIiwiZXhwIjoxNzQzMTI4MzQwLCJpYXQiOjE3NDMwNDE5NDAsInJvbGVzIjp7IjQiOiJzdGFydGVyIiwiNSI6ImRvbm9yIiwiNiI6ImRvbm9yIiwiNyI6InN0YXJ0ZXIiLCI5Ijoic3RhcnRlciJ9fQ.ip5B8JgtxkSYS5GaRTDRLAS7sy15BwbpsChjIumBKR0"
time="2025-03-27T10:19:15+08:00" level=info msg="address: 0xcE8De9742BBA3a5D039Cf7516fCC6a9eC0839B6A"
time="2025-03-27T10:19:15+08:00" level=info msg="roles: map[4:starter 5:donor 6:donor 7:starter 9:starter]"
time="2025-03-27T10:19:20+08:00" level=info msg="acquire lock for event event:0x5f4c6c91bf8b280d9b1b74148c97f06c0b956405ebbbb39db50e5e138cb4a5da:1"
time="2025-03-27T10:19:27+08:00" level=info msg="Authorization: eyJhbGciOiJIUzI1NiIsInR5cCI6IkpXVCJ9.eyJhZGRyZXNzIjoiMHhjRThEZTk3NDJCQkEzYTVEMDM5Q2Y3NTE2ZkNDNmE5ZUMwODM5QjZBIiwiZXhwIjoxNzQzMTI4MzQwLCJpYXQiOjE3NDMwNDE5NDAsInJvbGVzIjp7IjQiOiJzdGFydGVyIiwiNSI6ImRvbm9yIiwiNiI6ImRvbm9yIiwiNyI6InN0YXJ0ZXIiLCI5Ijoic3RhcnRlciJ9fQ.ip5B8JgtxkSYS5GaRTDRLAS7sy15BwbpsChjIumBKR0"
time="2025-03-27T10:19:27+08:00" level=info msg="address: 0xcE8De9742BBA3a5D039Cf7516fCC6a9eC0839B6A"
time="2025-03-27T10:19:27+08:00" level=info msg="roles: map[4:starter 5:donor 6:donor 7:starter 9:starter]"
time="2025-03-27T10:19:33+08:00" level=info msg="Authorization: eyJhbGciOiJIUzI1NiIsInR5cCI6IkpXVCJ9.eyJhZGRyZXNzIjoiMHhjRThEZTk3NDJCQkEzYTVEMDM5Q2Y3NTE2ZkNDNmE5ZUMwODM5QjZBIiwiZXhwIjoxNzQzMTI4MzQwLCJpYXQiOjE3NDMwNDE5NDAsInJvbGVzIjp7IjQiOiJzdGFydGVyIiwiNSI6ImRvbm9yIiwiNiI6ImRvbm9yIiwiNyI6InN0YXJ0ZXIiLCI5Ijoic3RhcnRlciJ9fQ.ip5B8JgtxkSYS5GaRTDRLAS7sy15BwbpsChjIumBKR0"
time="2025-03-27T10:19:33+08:00" level=info msg="address: 0xcE8De9742BBA3a5D039Cf7516fCC6a9eC0839B6A"
time="2025-03-27T10:19:33+08:00" level=info msg="roles: map[4:starter 5:donor 6:donor 7:starter 9:starter]"
time="2025-03-27T10:19:45+08:00" level=info msg="Authorization: eyJhbGciOiJIUzI1NiIsInR5cCI6IkpXVCJ9.eyJhZGRyZXNzIjoiMHhjRThEZTk3NDJCQkEzYTVEMDM5Q2Y3NTE2ZkNDNmE5ZUMwODM5QjZBIiwiZXhwIjoxNzQzMTI4MzQwLCJpYXQiOjE3NDMwNDE5NDAsInJvbGVzIjp7IjQiOiJzdGFydGVyIiwiNSI6ImRvbm9yIiwiNiI6ImRvbm9yIiwiNyI6InN0YXJ0ZXIiLCI5Ijoic3RhcnRlciJ9fQ.ip5B8JgtxkSYS5GaRTDRLAS7sy15BwbpsChjIumBKR0"
time="2025-03-27T10:19:45+08:00" level=info msg="address: 0xcE8De9742BBA3a5D039Cf7516fCC6a9eC0839B6A"
time="2025-03-27T10:19:45+08:00" level=info msg="roles: map[4:starter 5:donor 6:donor 7:starter 9:starter]"
time="2025-03-27T10:19:48+08:00" level=info msg="Authorization: eyJhbGciOiJIUzI1NiIsInR5cCI6IkpXVCJ9.eyJhZGRyZXNzIjoiMHhjRThEZTk3NDJCQkEzYTVEMDM5Q2Y3NTE2ZkNDNmE5ZUMwODM5QjZBIiwiZXhwIjoxNzQzMTI4MzQwLCJpYXQiOjE3NDMwNDE5NDAsInJvbGVzIjp7IjQiOiJzdGFydGVyIiwiNSI6ImRvbm9yIiwiNiI6ImRvbm9yIiwiNyI6InN0YXJ0ZXIiLCI5Ijoic3RhcnRlciJ9fQ.ip5B8JgtxkSYS5GaRTDRLAS7sy15BwbpsChjIumBKR0"
time="2025-03-27T10:19:48+08:00" level=info msg="address: 0xcE8De9742BBA3a5D039Cf7516fCC6a9eC0839B6A"
time="2025-03-27T10:19:48+08:00" level=info msg="roles: map[4:starter 5:donor 6:donor 7:starter 9:starter]"
time="2025-03-27T10:19:52+08:00" level=info msg="Authorization: eyJhbGciOiJIUzI1NiIsInR5cCI6IkpXVCJ9.eyJhZGRyZXNzIjoiMHhjRThEZTk3NDJCQkEzYTVEMDM5Q2Y3NTE2ZkNDNmE5ZUMwODM5QjZBIiwiZXhwIjoxNzQzMTI4MzQwLCJpYXQiOjE3NDMwNDE5NDAsInJvbGVzIjp7IjQiOiJzdGFydGVyIiwiNSI6ImRvbm9yIiwiNiI6ImRvbm9yIiwiNyI6InN0YXJ0ZXIiLCI5Ijoic3RhcnRlciJ9fQ.ip5B8JgtxkSYS5GaRTDRLAS7sy15BwbpsChjIumBKR0"
time="2025-03-27T10:19:52+08:00" level=info msg="address: 0xcE8De9742BBA3a5D039Cf7516fCC6a9eC0839B6A"
time="2025-03-27T10:19:52+08:00" level=info msg="roles: map[4:starter 5:donor 6:donor 7:starter 9:starter]"
