time="2025-04-05T09:09:31+08:00" level=info msg="Init EventDispatchers and Start WatchDataFinalizedV3"
time="2025-04-05T09:09:57+08:00" level=info msg="Authorization: eyJhbGciOiJIUzI1NiIsInR5cCI6IkpXVCJ9.eyJhZGRyZXNzIjoiMHhjRThEZTk3NDJCQkEzYTVEMDM5Q2Y3NTE2ZkNDNmE5ZUMwODM5QjZBIiwiZXhwIjoxNzQzODYyNzI5LCJpYXQiOjE3NDM3NzYzMjksInJvbGVzIjp7IjEwIjoiZG9ub3IiLCI0Ijoic3RhcnRlciIsIjUiOiJkb25vciIsIjYiOiJkb25vciIsIjciOiJzdGFydGVyIiwiOSI6InN0YXJ0ZXIifX0.1DGHHwwhgoL31lef4j0GMuz0QM37PCbjJp1XGQgr_K4"
time="2025-04-05T09:09:57+08:00" level=info msg="address: 0xcE8De9742BBA3a5D039Cf7516fCC6a9eC0839B6A"
time="2025-04-05T09:09:57+08:00" level=info msg="roles: map[10:donor 4:starter 5:donor 6:donor 7:starter 9:starter]"
time="2025-04-05T09:10:00+08:00" level=info msg="Authorization: eyJhbGciOiJIUzI1NiIsInR5cCI6IkpXVCJ9.eyJhZGRyZXNzIjoiMHhjRThEZTk3NDJCQkEzYTVEMDM5Q2Y3NTE2ZkNDNmE5ZUMwODM5QjZBIiwiZXhwIjoxNzQzODYyNzI5LCJpYXQiOjE3NDM3NzYzMjksInJvbGVzIjp7IjEwIjoiZG9ub3IiLCI0Ijoic3RhcnRlciIsIjUiOiJkb25vciIsIjYiOiJkb25vciIsIjciOiJzdGFydGVyIiwiOSI6InN0YXJ0ZXIifX0.1DGHHwwhgoL31lef4j0GMuz0QM37PCbjJp1XGQgr_K4"
time="2025-04-05T09:10:00+08:00" level=info msg="address: 0xcE8De9742BBA3a5D039Cf7516fCC6a9eC0839B6A"
time="2025-04-05T09:10:00+08:00" level=info msg="roles: map[10:donor 4:starter 5:donor 6:donor 7:starter 9:starter]"
time="2025-04-05T09:10:04+08:00" level=info msg="Authorization: eyJhbGciOiJIUzI1NiIsInR5cCI6IkpXVCJ9.eyJhZGRyZXNzIjoiMHhjRThEZTk3NDJCQkEzYTVEMDM5Q2Y3NTE2ZkNDNmE5ZUMwODM5QjZBIiwiZXhwIjoxNzQzODYyNzI5LCJpYXQiOjE3NDM3NzYzMjksInJvbGVzIjp7IjEwIjoiZG9ub3IiLCI0Ijoic3RhcnRlciIsIjUiOiJkb25vciIsIjYiOiJkb25vciIsIjciOiJzdGFydGVyIiwiOSI6InN0YXJ0ZXIifX0.1DGHHwwhgoL31lef4j0GMuz0QM37PCbjJp1XGQgr_K4"
time="2025-04-05T09:10:04+08:00" level=info msg="address: 0xcE8De9742BBA3a5D039Cf7516fCC6a9eC0839B6A"
time="2025-04-05T09:10:04+08:00" level=info msg="roles: map[10:donor 4:starter 5:donor 6:donor 7:starter 9:starter]"
time="2025-04-05T09:10:25+08:00" level=info msg="l2BlockNum 11456205 subscribe L1 Verfify hash"
time="2025-04-05T09:10:29+08:00" level=info msg="Authorization: eyJhbGciOiJIUzI1NiIsInR5cCI6IkpXVCJ9.eyJhZGRyZXNzIjoiMHhjRThEZTk3NDJCQkEzYTVEMDM5Q2Y3NTE2ZkNDNmE5ZUMwODM5QjZBIiwiZXhwIjoxNzQzODYyNzI5LCJpYXQiOjE3NDM3NzYzMjksInJvbGVzIjp7IjEwIjoiZG9ub3IiLCI0Ijoic3RhcnRlciIsIjUiOiJkb25vciIsIjYiOiJkb25vciIsIjciOiJzdGFydGVyIiwiOSI6InN0YXJ0ZXIifX0.1DGHHwwhgoL31lef4j0GMuz0QM37PCbjJp1XGQgr_K4"
time="2025-04-05T09:10:29+08:00" level=info msg="address: 0xcE8De9742BBA3a5D039Cf7516fCC6a9eC0839B6A"
time="2025-04-05T09:10:29+08:00" level=info msg="roles: map[10:donor 4:starter 5:donor 6:donor 7:starter 9:starter]"
time="2025-04-05T09:10:34+08:00" level=info msg="Authorization: eyJhbGciOiJIUzI1NiIsInR5cCI6IkpXVCJ9.eyJhZGRyZXNzIjoiMHhjRThEZTk3NDJCQkEzYTVEMDM5Q2Y3NTE2ZkNDNmE5ZUMwODM5QjZBIiwiZXhwIjoxNzQzODYyNzI5LCJpYXQiOjE3NDM3NzYzMjksInJvbGVzIjp7IjEwIjoiZG9ub3IiLCI0Ijoic3RhcnRlciIsIjUiOiJkb25vciIsIjYiOiJkb25vciIsIjciOiJzdGFydGVyIiwiOSI6InN0YXJ0ZXIifX0.1DGHHwwhgoL31lef4j0GMuz0QM37PCbjJp1XGQgr_K4"
time="2025-04-05T09:10:34+08:00" level=info msg="address: 0xcE8De9742BBA3a5D039Cf7516fCC6a9eC0839B6A"
time="2025-04-05T09:10:34+08:00" level=info msg="roles: map[10:donor 4:starter 5:donor 6:donor 7:starter 9:starter]"
time="2025-04-05T09:40:25+08:00" level=info msg="l2 0x6183f6862162601cc2acc8aa0d0818893ca65f20ec645210d3a6706a60770e17(11456205) not recieve l1Hash,enter the next 1 30 minutes"
time="2025-04-05T10:10:25+08:00" level=info msg="l2 0x6183f6862162601cc2acc8aa0d0818893ca65f20ec645210d3a6706a60770e17(11456205) not recieve l1Hash,enter the next 2 30 minutes"
time="2025-04-05T10:40:25+08:00" level=info msg="l2 0x6183f6862162601cc2acc8aa0d0818893ca65f20ec645210d3a6706a60770e17(11456205) not recieve l1Hash,enter the next 3 30 minutes"
time="2025-04-05T10:42:12+08:00" level=info msg="Init EventDispatchers and Start WatchDataFinalizedV3"
time="2025-04-05T10:42:21+08:00" level=info msg="Authorization: eyJhbGciOiJIUzI1NiIsInR5cCI6IkpXVCJ9.eyJhZGRyZXNzIjoiMHhjRThEZTk3NDJCQkEzYTVEMDM5Q2Y3NTE2ZkNDNmE5ZUMwODM5QjZBIiwiZXhwIjoxNzQzOTAxODM3LCJpYXQiOjE3NDM4MTU0MzcsInJvbGVzIjp7IjEwIjoiZG9ub3IiLCI0Ijoic3RhcnRlciIsIjUiOiJkb25vciIsIjYiOiJkb25vciIsIjciOiJzdGFydGVyIiwiOSI6InN0YXJ0ZXIifX0.Ww3D3eX8L9vRHH5frusuO-RMMVd0YmJOE9Obma_3W10"
time="2025-04-05T10:42:21+08:00" level=info msg="address: 0xcE8De9742BBA3a5D039Cf7516fCC6a9eC0839B6A"
time="2025-04-05T10:42:21+08:00" level=info msg="roles: map[10:donor 4:starter 5:donor 6:donor 7:starter 9:starter]"
time="2025-04-05T10:42:24+08:00" level=info msg="Authorization: eyJhbGciOiJIUzI1NiIsInR5cCI6IkpXVCJ9.eyJhZGRyZXNzIjoiMHhjRThEZTk3NDJCQkEzYTVEMDM5Q2Y3NTE2ZkNDNmE5ZUMwODM5QjZBIiwiZXhwIjoxNzQzOTAxODM3LCJpYXQiOjE3NDM4MTU0MzcsInJvbGVzIjp7IjEwIjoiZG9ub3IiLCI0Ijoic3RhcnRlciIsIjUiOiJkb25vciIsIjYiOiJkb25vciIsIjciOiJzdGFydGVyIiwiOSI6InN0YXJ0ZXIifX0.Ww3D3eX8L9vRHH5frusuO-RMMVd0YmJOE9Obma_3W10"
time="2025-04-05T10:42:24+08:00" level=info msg="address: 0xcE8De9742BBA3a5D039Cf7516fCC6a9eC0839B6A"
time="2025-04-05T10:42:24+08:00" level=info msg="roles: map[10:donor 4:starter 5:donor 6:donor 7:starter 9:starter]"
time="2025-04-05T10:42:43+08:00" level=info msg="l2BlockNum 11458911 subscribe L1 Verfify hash"
time="2025-04-05T10:42:47+08:00" level=info msg="Authorization: eyJhbGciOiJIUzI1NiIsInR5cCI6IkpXVCJ9.eyJhZGRyZXNzIjoiMHhjRThEZTk3NDJCQkEzYTVEMDM5Q2Y3NTE2ZkNDNmE5ZUMwODM5QjZBIiwiZXhwIjoxNzQzOTAxODM3LCJpYXQiOjE3NDM4MTU0MzcsInJvbGVzIjp7IjEwIjoiZG9ub3IiLCI0Ijoic3RhcnRlciIsIjUiOiJkb25vciIsIjYiOiJkb25vciIsIjciOiJzdGFydGVyIiwiOSI6InN0YXJ0ZXIifX0.Ww3D3eX8L9vRHH5frusuO-RMMVd0YmJOE9Obma_3W10"
time="2025-04-05T10:42:47+08:00" level=info msg="address: 0xcE8De9742BBA3a5D039Cf7516fCC6a9eC0839B6A"
time="2025-04-05T10:42:47+08:00" level=info msg="roles: map[10:donor 4:starter 5:donor 6:donor 7:starter 9:starter]"
time="2025-04-05T10:42:52+08:00" level=info msg="Authorization: eyJhbGciOiJIUzI1NiIsInR5cCI6IkpXVCJ9.eyJhZGRyZXNzIjoiMHhjRThEZTk3NDJCQkEzYTVEMDM5Q2Y3NTE2ZkNDNmE5ZUMwODM5QjZBIiwiZXhwIjoxNzQzOTAxODM3LCJpYXQiOjE3NDM4MTU0MzcsInJvbGVzIjp7IjEwIjoiZG9ub3IiLCI0Ijoic3RhcnRlciIsIjUiOiJkb25vciIsIjYiOiJkb25vciIsIjciOiJzdGFydGVyIiwiOSI6InN0YXJ0ZXIifX0.Ww3D3eX8L9vRHH5frusuO-RMMVd0YmJOE9Obma_3W10"
time="2025-04-05T10:42:52+08:00" level=info msg="address: 0xcE8De9742BBA3a5D039Cf7516fCC6a9eC0839B6A"
time="2025-04-05T10:42:52+08:00" level=info msg="roles: map[10:donor 4:starter 5:donor 6:donor 7:starter 9:starter]"
time="2025-04-05T11:12:43+08:00" level=info msg="l2 0x8589c2c91f91af851a27b36f3f67f6fd46e6d8cd26ded5f19bfddd2478e6549d(11458911) not recieve l1Hash,enter the next 1 30 minutes"
time="2025-04-05T11:42:43+08:00" level=info msg="l2 0x8589c2c91f91af851a27b36f3f67f6fd46e6d8cd26ded5f19bfddd2478e6549d(11458911) not recieve l1Hash,enter the next 2 30 minutes"
time="2025-04-05T12:12:43+08:00" level=info msg="l2 0x8589c2c91f91af851a27b36f3f67f6fd46e6d8cd26ded5f19bfddd2478e6549d(11458911) not recieve l1Hash,enter the next 3 30 minutes"
time="2025-04-05T12:41:27+08:00" level=info msg="dispatch event,contains L2 blocks from : 11452242  to : 11458867"
time="2025-04-05T12:42:43+08:00" level=info msg="l2 0x8589c2c91f91af851a27b36f3f67f6fd46e6d8cd26ded5f19bfddd2478e6549d(11458911) not recieve l1Hash,enter the next 4 30 minutes"
time="2025-04-05T13:12:43+08:00" level=info msg="l2 0x8589c2c91f91af851a27b36f3f67f6fd46e6d8cd26ded5f19bfddd2478e6549d(11458911) not recieve l1Hash,enter the next 5 30 minutes"
time="2025-04-05T13:42:43+08:00" level=info msg="l2 0x8589c2c91f91af851a27b36f3f67f6fd46e6d8cd26ded5f19bfddd2478e6549d(11458911) not recieve l1Hash,enter the next 6 30 minutes"
time="2025-04-05T14:12:42+08:00" level=info msg="l2 0x8589c2c91f91af851a27b36f3f67f6fd46e6d8cd26ded5f19bfddd2478e6549d(11458911) not recieve l1Hash,enter the next 7 30 minutes"
time="2025-04-05T14:42:42+08:00" level=info msg="l2 0x8589c2c91f91af851a27b36f3f67f6fd46e6d8cd26ded5f19bfddd2478e6549d(11458911) not recieve l1Hash,enter the next 8 30 minutes"
time="2025-04-05T15:12:42+08:00" level=info msg="l2 0x8589c2c91f91af851a27b36f3f67f6fd46e6d8cd26ded5f19bfddd2478e6549d(11458911) not recieve l1Hash,enter the next 9 30 minutes"
time="2025-04-05T15:42:42+08:00" level=info msg="l2 0x8589c2c91f91af851a27b36f3f67f6fd46e6d8cd26ded5f19bfddd2478e6549d(11458911) not recieve l1Hash,enter the next 10 30 minutes"
time="2025-04-05T15:44:19+08:00" level=info msg="ConfimationMode(hard),Init EventDispatchers and Start WatchDataFinalizedV3"
time="2025-04-05T15:45:04+08:00" level=info msg="Authorization: eyJhbGciOiJIUzI1NiIsInR5cCI6IkpXVCJ9.eyJhZGRyZXNzIjoiMHhjRThEZTk3NDJCQkEzYTVEMDM5Q2Y3NTE2ZkNDNmE5ZUMwODM5QjZBIiwiZXhwIjoxNzQzOTA3Mzc0LCJpYXQiOjE3NDM4MjA5NzQsInJvbGVzIjp7IjEwIjoiZG9ub3IiLCI0Ijoic3RhcnRlciIsIjUiOiJkb25vciIsIjYiOiJkb25vciIsIjciOiJzdGFydGVyIiwiOSI6InN0YXJ0ZXIifX0.yR3el_wpSJk-U7u4slDpcebQtvmnIunbHRlMBDXkuag"
time="2025-04-05T15:45:04+08:00" level=info msg="address: 0xcE8De9742BBA3a5D039Cf7516fCC6a9eC0839B6A"
time="2025-04-05T15:45:04+08:00" level=info msg="roles: map[10:donor 4:starter 5:donor 6:donor 7:starter 9:starter]"
time="2025-04-05T15:45:14+08:00" level=info msg="Authorization: eyJhbGciOiJIUzI1NiIsInR5cCI6IkpXVCJ9.eyJhZGRyZXNzIjoiMHhjRThEZTk3NDJCQkEzYTVEMDM5Q2Y3NTE2ZkNDNmE5ZUMwODM5QjZBIiwiZXhwIjoxNzQzOTA3Mzc0LCJpYXQiOjE3NDM4MjA5NzQsInJvbGVzIjp7IjEwIjoiZG9ub3IiLCI0Ijoic3RhcnRlciIsIjUiOiJkb25vciIsIjYiOiJkb25vciIsIjciOiJzdGFydGVyIiwiOSI6InN0YXJ0ZXIifX0.yR3el_wpSJk-U7u4slDpcebQtvmnIunbHRlMBDXkuag"
time="2025-04-05T15:45:14+08:00" level=info msg="address: 0xcE8De9742BBA3a5D039Cf7516fCC6a9eC0839B6A"
time="2025-04-05T15:45:14+08:00" level=info msg="roles: map[10:donor 4:starter 5:donor 6:donor 7:starter 9:starter]"
time="2025-04-05T15:45:19+08:00" level=info msg="Authorization: eyJhbGciOiJIUzI1NiIsInR5cCI6IkpXVCJ9.eyJhZGRyZXNzIjoiMHhjRThEZTk3NDJCQkEzYTVEMDM5Q2Y3NTE2ZkNDNmE5ZUMwODM5QjZBIiwiZXhwIjoxNzQzOTA3Mzc0LCJpYXQiOjE3NDM4MjA5NzQsInJvbGVzIjp7IjEwIjoiZG9ub3IiLCI0Ijoic3RhcnRlciIsIjUiOiJkb25vciIsIjYiOiJkb25vciIsIjciOiJzdGFydGVyIiwiOSI6InN0YXJ0ZXIifX0.yR3el_wpSJk-U7u4slDpcebQtvmnIunbHRlMBDXkuag"
time="2025-04-05T15:45:19+08:00" level=info msg="address: 0xcE8De9742BBA3a5D039Cf7516fCC6a9eC0839B6A"
time="2025-04-05T15:45:19+08:00" level=info msg="roles: map[10:donor 4:starter 5:donor 6:donor 7:starter 9:starter]"
time="2025-04-05T15:45:37+08:00" level=info msg="l2BlockNum 11467822 subscribe L1 Verfify hash"
time="2025-04-05T15:45:41+08:00" level=info msg="Authorization: eyJhbGciOiJIUzI1NiIsInR5cCI6IkpXVCJ9.eyJhZGRyZXNzIjoiMHhjRThEZTk3NDJCQkEzYTVEMDM5Q2Y3NTE2ZkNDNmE5ZUMwODM5QjZBIiwiZXhwIjoxNzQzOTA3Mzc0LCJpYXQiOjE3NDM4MjA5NzQsInJvbGVzIjp7IjEwIjoiZG9ub3IiLCI0Ijoic3RhcnRlciIsIjUiOiJkb25vciIsIjYiOiJkb25vciIsIjciOiJzdGFydGVyIiwiOSI6InN0YXJ0ZXIifX0.yR3el_wpSJk-U7u4slDpcebQtvmnIunbHRlMBDXkuag"
time="2025-04-05T15:45:41+08:00" level=info msg="address: 0xcE8De9742BBA3a5D039Cf7516fCC6a9eC0839B6A"
time="2025-04-05T15:45:41+08:00" level=info msg="roles: map[10:donor 4:starter 5:donor 6:donor 7:starter 9:starter]"
time="2025-04-05T15:45:46+08:00" level=info msg="Authorization: eyJhbGciOiJIUzI1NiIsInR5cCI6IkpXVCJ9.eyJhZGRyZXNzIjoiMHhjRThEZTk3NDJCQkEzYTVEMDM5Q2Y3NTE2ZkNDNmE5ZUMwODM5QjZBIiwiZXhwIjoxNzQzOTA3Mzc0LCJpYXQiOjE3NDM4MjA5NzQsInJvbGVzIjp7IjEwIjoiZG9ub3IiLCI0Ijoic3RhcnRlciIsIjUiOiJkb25vciIsIjYiOiJkb25vciIsIjciOiJzdGFydGVyIiwiOSI6InN0YXJ0ZXIifX0.yR3el_wpSJk-U7u4slDpcebQtvmnIunbHRlMBDXkuag"
time="2025-04-05T15:45:46+08:00" level=info msg="address: 0xcE8De9742BBA3a5D039Cf7516fCC6a9eC0839B6A"
time="2025-04-05T15:45:46+08:00" level=info msg="roles: map[10:donor 4:starter 5:donor 6:donor 7:starter 9:starter]"
time="2025-04-05T16:45:37+08:00" level=info msg="l2 0x7589590332cb03b656755f30e2476a0b16b62cf44858b73f5a874a4f63131c30(11467822) not recieve l1Hash,enter the next 1 1 hour"
time="2025-04-05T17:45:37+08:00" level=info msg="l2 0x7589590332cb03b656755f30e2476a0b16b62cf44858b73f5a874a4f63131c30(11467822) not recieve l1Hash,enter the next 2 1 hour"
time="2025-04-05T18:45:37+08:00" level=info msg="l2 0x7589590332cb03b656755f30e2476a0b16b62cf44858b73f5a874a4f63131c30(11467822) not recieve l1Hash,enter the next 3 1 hour"
time="2025-04-05T19:45:37+08:00" level=info msg="l2 0x7589590332cb03b656755f30e2476a0b16b62cf44858b73f5a874a4f63131c30(11467822) not recieve l1Hash,enter the next 4 1 hour"
