time="2025-03-03T11:29:29+08:00" level=info msg="Authorization: "
time="2025-03-03T11:30:04+08:00" level=info msg="Authorization: "
time="2025-03-03T11:35:20+08:00" level=info msg="Authorization: eyJhbGciOiJIUzI1NiIsInR5cCI6IkpXVCJ9.eyJhZGRyZXNzIjoiMHhmMjFhN2U3MjU3ODdkN2YyY2IxZDZjMzNlMjkwOTFjYWQ1MjIwMDhiIiwiZXhwIjoxNzQxMDU4OTQ2LCJpYXQiOjE3NDA5NzI1NDYsInJvbGVzIjp7fX0.A-VmwX_dCdjpBruNQplFRSNbmPjyozM_O2ucvdQ1tJM"
time="2025-03-03T11:35:20+08:00" level=info msg="address: 0xf21a7e725787d7f2cb1d6c33e29091cad522008b"
time="2025-03-03T11:35:20+08:00" level=info msg="roles: map[]"
time="2025-03-03T11:35:29+08:00" level=info msg="Authorization: eyJhbGciOiJIUzI1NiIsInR5cCI6IkpXVCJ9.eyJhZGRyZXNzIjoiMHhmMjFhN2U3MjU3ODdkN2YyY2IxZDZjMzNlMjkwOTFjYWQ1MjIwMDhiIiwiZXhwIjoxNzQxMDU4OTQ2LCJpYXQiOjE3NDA5NzI1NDYsInJvbGVzIjp7fX0.A-VmwX_dCdjpBruNQplFRSNbmPjyozM_O2ucvdQ1tJM"
time="2025-03-03T11:35:29+08:00" level=info msg="address: 0xf21a7e725787d7f2cb1d6c33e29091cad522008b"
time="2025-03-03T11:35:29+08:00" level=info msg="roles: map[]"
time="2025-03-03T11:36:25+08:00" level=info msg="Failed to acquire lock for event event:0x58055d0c6a13ead1d90b9e8f7551c64a2131f43309622ee899d0930c8bfe2d36:0: <nil>"
time="2025-03-03T11:36:32+08:00" level=info msg="Authorization: eyJhbGciOiJIUzI1NiIsInR5cCI6IkpXVCJ9.eyJhZGRyZXNzIjoiMHhmMjFhN2U3MjU3ODdkN2YyY2IxZDZjMzNlMjkwOTFjYWQ1MjIwMDhiIiwiZXhwIjoxNzQxMDU4OTQ2LCJpYXQiOjE3NDA5NzI1NDYsInJvbGVzIjp7fX0.A-VmwX_dCdjpBruNQplFRSNbmPjyozM_O2ucvdQ1tJM"
time="2025-03-03T11:36:32+08:00" level=info msg="address: 0xf21a7e725787d7f2cb1d6c33e29091cad522008b"
time="2025-03-03T11:36:32+08:00" level=info msg="roles: map[]"
time="2025-03-03T11:54:00+08:00" level=info msg="Authorization: eyJhbGciOiJIUzI1NiIsInR5cCI6IkpXVCJ9.eyJhZGRyZXNzIjoiMHhjZThkZTk3NDJiYmEzYTVkMDM5Y2Y3NTE2ZmNjNmE5ZWMwODM5YjZhIiwiZXhwIjoxNzQxMDYwMzA2LCJpYXQiOjE3NDA5NzM5MDYsInJvbGVzIjp7IjQiOiJzdGFydGVyIn19.HMfQ208KXAgfZVLnHaEVwEDE48XHvZUrtwAlBkATq-0"
time="2025-03-03T11:54:00+08:00" level=info msg="address: 0xce8de9742bba3a5d039cf7516fcc6a9ec0839b6a"
time="2025-03-03T11:54:00+08:00" level=info msg="roles: map[4:starter]"
time="2025-03-03T11:54:44+08:00" level=info msg="Authorization: eyJhbGciOiJIUzI1NiIsInR5cCI6IkpXVCJ9.eyJhZGRyZXNzIjoiMHhjZThkZTk3NDJiYmEzYTVkMDM5Y2Y3NTE2ZmNjNmE5ZWMwODM5YjZhIiwiZXhwIjoxNzQxMDYwMzA2LCJpYXQiOjE3NDA5NzM5MDYsInJvbGVzIjp7IjQiOiJzdGFydGVyIn19.HMfQ208KXAgfZVLnHaEVwEDE48XHvZUrtwAlBkATq-0"
time="2025-03-03T11:54:44+08:00" level=info msg="address: 0xce8de9742bba3a5d039cf7516fcc6a9ec0839b6a"
time="2025-03-03T11:54:44+08:00" level=info msg="roles: map[4:starter]"
time="2025-03-03T11:54:46+08:00" level=info msg="Authorization: eyJhbGciOiJIUzI1NiIsInR5cCI6IkpXVCJ9.eyJhZGRyZXNzIjoiMHhjZThkZTk3NDJiYmEzYTVkMDM5Y2Y3NTE2ZmNjNmE5ZWMwODM5YjZhIiwiZXhwIjoxNzQxMDYwMzA2LCJpYXQiOjE3NDA5NzM5MDYsInJvbGVzIjp7IjQiOiJzdGFydGVyIn19.HMfQ208KXAgfZVLnHaEVwEDE48XHvZUrtwAlBkATq-0"
time="2025-03-03T11:54:46+08:00" level=info msg="address: 0xce8de9742bba3a5d039cf7516fcc6a9ec0839b6a"
time="2025-03-03T11:54:46+08:00" level=info msg="roles: map[4:starter]"
time="2025-03-03T11:55:35+08:00" level=info msg="acquire lock for event event:0x8066e74b5884a970647de287008b675b08904454a6f2435d79c0ad61490665a8:0"
time="2025-03-03T11:55:35+08:00" level=info msg="Failed to acquire lock for event event:0x8066e74b5884a970647de287008b675b08904454a6f2435d79c0ad61490665a8:0: <nil>"
time="2025-03-03T11:55:38+08:00" level=info msg="Authorization: eyJhbGciOiJIUzI1NiIsInR5cCI6IkpXVCJ9.eyJhZGRyZXNzIjoiMHhjZThkZTk3NDJiYmEzYTVkMDM5Y2Y3NTE2ZmNjNmE5ZWMwODM5YjZhIiwiZXhwIjoxNzQxMDYwMzA2LCJpYXQiOjE3NDA5NzM5MDYsInJvbGVzIjp7IjQiOiJzdGFydGVyIn19.HMfQ208KXAgfZVLnHaEVwEDE48XHvZUrtwAlBkATq-0"
time="2025-03-03T11:55:38+08:00" level=info msg="address: 0xce8de9742bba3a5d039cf7516fcc6a9ec0839b6a"
time="2025-03-03T11:55:38+08:00" level=info msg="roles: map[4:starter]"
