time="2025-03-11T09:44:08+08:00" level=info msg="Authorization: eyJhbGciOiJIUzI1NiIsInR5cCI6IkpXVCJ9.eyJhZGRyZXNzIjoiMHhjRThEZTk3NDJCQkEzYTVEMDM5Q2Y3NTE2ZkNDNmE5ZUMwODM5QjZBIiwiZXhwIjoxNzQxNjU1ODMyLCJpYXQiOjE3NDE1Njk0MzIsInJvbGVzIjp7IjQiOiJzdGFydGVyIiwiNSI6ImRvbm9yIiwiNyI6InN0YXJ0ZXIifX0.P1Qa6zZNviXXRlSZdKspjzvGW9BuESrS8Ya0nvVtYNw"
time="2025-03-11T09:44:20+08:00" level=info msg="Authorization: eyJhbGciOiJIUzI1NiIsInR5cCI6IkpXVCJ9.eyJhZGRyZXNzIjoiMHhjRThEZTk3NDJCQkEzYTVEMDM5Q2Y3NTE2ZkNDNmE5ZUMwODM5QjZBIiwiZXhwIjoxNzQxNjU1ODMyLCJpYXQiOjE3NDE1Njk0MzIsInJvbGVzIjp7IjQiOiJzdGFydGVyIiwiNSI6ImRvbm9yIiwiNyI6InN0YXJ0ZXIifX0.P1Qa6zZNviXXRlSZdKspjzvGW9BuESrS8Ya0nvVtYNw"
time="2025-03-11T09:48:12+08:00" level=info msg="Authorization: eyJhbGciOiJIUzI1NiIsInR5cCI6IkpXVCJ9.eyJhZGRyZXNzIjoiMHhjZThkZTk3NDJiYmEzYTVkMDM5Y2Y3NTE2ZmNjNmE5ZWMwODM5YjZhIiwiZXhwIjoxNzQxNzQ0MDg2LCJpYXQiOjE3NDE2NTc2ODYsInJvbGVzIjp7IjQiOiJzdGFydGVyIiwiNSI6ImRvbm9yIiwiNyI6InN0YXJ0ZXIifX0.B6Z108gxFvPHWPSemyliR7D_jLI6ZyQn_nDAzUrEe1c"
time="2025-03-11T09:48:12+08:00" level=info msg="address: 0xce8de9742bba3a5d039cf7516fcc6a9ec0839b6a"
time="2025-03-11T09:48:12+08:00" level=info msg="roles: map[4:starter 5:donor 7:starter]"
time="2025-03-11T09:48:21+08:00" level=info msg="Authorization: eyJhbGciOiJIUzI1NiIsInR5cCI6IkpXVCJ9.eyJhZGRyZXNzIjoiMHhjZThkZTk3NDJiYmEzYTVkMDM5Y2Y3NTE2ZmNjNmE5ZWMwODM5YjZhIiwiZXhwIjoxNzQxNzQ0MDg2LCJpYXQiOjE3NDE2NTc2ODYsInJvbGVzIjp7IjQiOiJzdGFydGVyIiwiNSI6ImRvbm9yIiwiNyI6InN0YXJ0ZXIifX0.B6Z108gxFvPHWPSemyliR7D_jLI6ZyQn_nDAzUrEe1c"
time="2025-03-11T09:48:21+08:00" level=info msg="address: 0xce8de9742bba3a5d039cf7516fcc6a9ec0839b6a"
time="2025-03-11T09:48:21+08:00" level=info msg="roles: map[4:starter 5:donor 7:starter]"
time="2025-03-11T09:49:37+08:00" level=info msg="Authorization: eyJhbGciOiJIUzI1NiIsInR5cCI6IkpXVCJ9.eyJhZGRyZXNzIjoiMHhjZThkZTk3NDJiYmEzYTVkMDM5Y2Y3NTE2ZmNjNmE5ZWMwODM5YjZhIiwiZXhwIjoxNzQxNzQ0MDg2LCJpYXQiOjE3NDE2NTc2ODYsInJvbGVzIjp7IjQiOiJzdGFydGVyIiwiNSI6ImRvbm9yIiwiNyI6InN0YXJ0ZXIifX0.B6Z108gxFvPHWPSemyliR7D_jLI6ZyQn_nDAzUrEe1c"
time="2025-03-11T09:49:37+08:00" level=info msg="address: 0xce8de9742bba3a5d039cf7516fcc6a9ec0839b6a"
time="2025-03-11T09:49:37+08:00" level=info msg="roles: map[4:starter 5:donor 7:starter]"
time="2025-03-11T09:49:41+08:00" level=info msg="Authorization: eyJhbGciOiJIUzI1NiIsInR5cCI6IkpXVCJ9.eyJhZGRyZXNzIjoiMHhjZThkZTk3NDJiYmEzYTVkMDM5Y2Y3NTE2ZmNjNmE5ZWMwODM5YjZhIiwiZXhwIjoxNzQxNzQ0MDg2LCJpYXQiOjE3NDE2NTc2ODYsInJvbGVzIjp7IjQiOiJzdGFydGVyIiwiNSI6ImRvbm9yIiwiNyI6InN0YXJ0ZXIifX0.B6Z108gxFvPHWPSemyliR7D_jLI6ZyQn_nDAzUrEe1c"
time="2025-03-11T09:49:41+08:00" level=info msg="address: 0xce8de9742bba3a5d039cf7516fcc6a9ec0839b6a"
time="2025-03-11T09:49:41+08:00" level=info msg="roles: map[4:starter 5:donor 7:starter]"
time="2025-03-11T09:49:56+08:00" level=info msg="acquire lock for event event:0xbbabba0289e016aad083abc3ecaad63452728d7c574fa46e1d13e520a6824d52:2"
time="2025-03-11T09:49:59+08:00" level=info msg="Authorization: eyJhbGciOiJIUzI1NiIsInR5cCI6IkpXVCJ9.eyJhZGRyZXNzIjoiMHhjZThkZTk3NDJiYmEzYTVkMDM5Y2Y3NTE2ZmNjNmE5ZWMwODM5YjZhIiwiZXhwIjoxNzQxNzQ0MDg2LCJpYXQiOjE3NDE2NTc2ODYsInJvbGVzIjp7IjQiOiJzdGFydGVyIiwiNSI6ImRvbm9yIiwiNyI6InN0YXJ0ZXIifX0.B6Z108gxFvPHWPSemyliR7D_jLI6ZyQn_nDAzUrEe1c"
time="2025-03-11T09:49:59+08:00" level=info msg="address: 0xce8de9742bba3a5d039cf7516fcc6a9ec0839b6a"
time="2025-03-11T09:49:59+08:00" level=info msg="roles: map[4:starter 5:donor 7:starter]"
time="2025-03-11T09:50:04+08:00" level=info msg="Authorization: eyJhbGciOiJIUzI1NiIsInR5cCI6IkpXVCJ9.eyJhZGRyZXNzIjoiMHhjZThkZTk3NDJiYmEzYTVkMDM5Y2Y3NTE2ZmNjNmE5ZWMwODM5YjZhIiwiZXhwIjoxNzQxNzQ0MDg2LCJpYXQiOjE3NDE2NTc2ODYsInJvbGVzIjp7IjQiOiJzdGFydGVyIiwiNSI6ImRvbm9yIiwiNyI6InN0YXJ0ZXIifX0.B6Z108gxFvPHWPSemyliR7D_jLI6ZyQn_nDAzUrEe1c"
time="2025-03-11T09:50:04+08:00" level=info msg="address: 0xce8de9742bba3a5d039cf7516fcc6a9ec0839b6a"
time="2025-03-11T09:50:04+08:00" level=info msg="roles: map[4:starter 5:donor 7:starter]"
time="2025-03-11T09:50:11+08:00" level=info msg="Authorization: eyJhbGciOiJIUzI1NiIsInR5cCI6IkpXVCJ9.eyJhZGRyZXNzIjoiMHhjRThEZTk3NDJCQkEzYTVEMDM5Q2Y3NTE2ZkNDNmE5ZUMwODM5QjZBIiwiZXhwIjoxNzQxNzQ0MjA2LCJpYXQiOjE3NDE2NTc4MDYsInJvbGVzIjp7IjQiOiJzdGFydGVyIiwiNSI6ImRvbm9yIiwiNiI6ImRvbm9yIiwiNyI6InN0YXJ0ZXIifX0.fL4HMLFkiXpnf2srL8rK5QVv9kMt44TQ1dz7zMNC03Q"
time="2025-03-11T09:50:11+08:00" level=info msg="address: 0xcE8De9742BBA3a5D039Cf7516fCC6a9eC0839B6A"
time="2025-03-11T09:50:11+08:00" level=info msg="roles: map[4:starter 5:donor 6:donor 7:starter]"
time="2025-03-11T09:50:31+08:00" level=info msg="Authorization: eyJhbGciOiJIUzI1NiIsInR5cCI6IkpXVCJ9.eyJhZGRyZXNzIjoiMHhmMjFhN2U3MjU3ODdkN2YyY2IxZDZjMzNlMjkwOTFjYWQ1MjIwMDhiIiwiZXhwIjoxNzQxNzQ0MjI5LCJpYXQiOjE3NDE2NTc4MjksInJvbGVzIjp7IjYiOiJzdGFydGVyIiwiOCI6InN0YXJ0ZXIifX0.DuBYiYdwnfQlEqSfljP9rX0UxBIZxp7TL5tegXQNit4"
time="2025-03-11T09:50:31+08:00" level=info msg="address: 0xf21a7e725787d7f2cb1d6c33e29091cad522008b"
time="2025-03-11T09:50:31+08:00" level=info msg="roles: map[6:starter 8:starter]"
time="2025-03-11T09:50:44+08:00" level=info msg="acquire lock for event event:0xc1c89ef588f9366c6fe23cd8ea9fc258592ee301fbfd2b6dbb6fa5ae609bd675:0"
time="2025-03-11T09:50:46+08:00" level=info msg="Minting NFT for Diamond at 80,donor :0xcE8De9742BBA3a5D039Cf7516fCC6a9eC0839B6A"
time="2025-03-11T09:50:50+08:00" level=info msg="Authorization: eyJhbGciOiJIUzI1NiIsInR5cCI6IkpXVCJ9.eyJhZGRyZXNzIjoiMHhmMjFhN2U3MjU3ODdkN2YyY2IxZDZjMzNlMjkwOTFjYWQ1MjIwMDhiIiwiZXhwIjoxNzQxNzQ0MjI5LCJpYXQiOjE3NDE2NTc4MjksInJvbGVzIjp7IjYiOiJzdGFydGVyIiwiOCI6InN0YXJ0ZXIifX0.DuBYiYdwnfQlEqSfljP9rX0UxBIZxp7TL5tegXQNit4"
time="2025-03-11T09:50:50+08:00" level=info msg="address: 0xf21a7e725787d7f2cb1d6c33e29091cad522008b"
time="2025-03-11T09:50:50+08:00" level=info msg="roles: map[6:starter 8:starter]"
time="2025-03-11T09:50:50+08:00" level=info msg="acquire lock for event event:0x4b01f9e7aff0bd015eb38403c9e6cbe26152f48b01b3db376cbe0d26b27fab57:1"
time="2025-03-11T09:50:50+08:00" level=warning msg="Unhandled event signature: 0xf8e1a15aba9398e019f0b49df1a4fde98ee17ae345cb5f6b5e2c27f5033e8ce7"
time="2025-03-11T09:50:50+08:00" level=info msg="acquire lock for event event:0x4b01f9e7aff0bd015eb38403c9e6cbe26152f48b01b3db376cbe0d26b27fab57:0"
time="2025-03-11T09:50:50+08:00" level=warning msg="Unhandled event signature: 0xddf252ad1be2c89b69c2b068fc378daa952ba7f163c4a11628f55a4df523b3ef"
time="2025-03-11T09:50:50+08:00" level=info msg="acquire lock for event event:0x4b01f9e7aff0bd015eb38403c9e6cbe26152f48b01b3db376cbe0d26b27fab57:2"
time="2025-03-11T09:50:50+08:00" level=warning msg="Unhandled event signature: 0xd35bb95e09c04b219e35047ce7b7b300e3384264ef84a40456943dbc0fc17c14"
time="2025-03-11T09:50:54+08:00" level=info msg="Authorization: eyJhbGciOiJIUzI1NiIsInR5cCI6IkpXVCJ9.eyJhZGRyZXNzIjoiMHhmMjFhN2U3MjU3ODdkN2YyY2IxZDZjMzNlMjkwOTFjYWQ1MjIwMDhiIiwiZXhwIjoxNzQxNzQ0MjI5LCJpYXQiOjE3NDE2NTc4MjksInJvbGVzIjp7IjYiOiJzdGFydGVyIiwiOCI6InN0YXJ0ZXIifX0.DuBYiYdwnfQlEqSfljP9rX0UxBIZxp7TL5tegXQNit4"
time="2025-03-11T09:50:54+08:00" level=info msg="address: 0xf21a7e725787d7f2cb1d6c33e29091cad522008b"
time="2025-03-11T09:50:54+08:00" level=info msg="roles: map[6:starter 8:starter]"
time="2025-03-11T09:51:05+08:00" level=info msg="Authorization: eyJhbGciOiJIUzI1NiIsInR5cCI6IkpXVCJ9.eyJhZGRyZXNzIjoiMHhjRThEZTk3NDJCQkEzYTVEMDM5Q2Y3NTE2ZkNDNmE5ZUMwODM5QjZBIiwiZXhwIjoxNzQxNzQ0MjA2LCJpYXQiOjE3NDE2NTc4MDYsInJvbGVzIjp7IjQiOiJzdGFydGVyIiwiNSI6ImRvbm9yIiwiNiI6ImRvbm9yIiwiNyI6InN0YXJ0ZXIifX0.fL4HMLFkiXpnf2srL8rK5QVv9kMt44TQ1dz7zMNC03Q"
time="2025-03-11T09:51:05+08:00" level=info msg="address: 0xcE8De9742BBA3a5D039Cf7516fCC6a9eC0839B6A"
time="2025-03-11T09:51:05+08:00" level=info msg="roles: map[4:starter 5:donor 6:donor 7:starter]"
time="2025-03-11T09:51:05+08:00" level=info msg="Authorization: eyJhbGciOiJIUzI1NiIsInR5cCI6IkpXVCJ9.eyJhZGRyZXNzIjoiMHhjRThEZTk3NDJCQkEzYTVEMDM5Q2Y3NTE2ZkNDNmE5ZUMwODM5QjZBIiwiZXhwIjoxNzQxNzQ0MjA2LCJpYXQiOjE3NDE2NTc4MDYsInJvbGVzIjp7IjQiOiJzdGFydGVyIiwiNSI6ImRvbm9yIiwiNiI6ImRvbm9yIiwiNyI6InN0YXJ0ZXIifX0.fL4HMLFkiXpnf2srL8rK5QVv9kMt44TQ1dz7zMNC03Q"
time="2025-03-11T09:51:05+08:00" level=info msg="address: 0xcE8De9742BBA3a5D039Cf7516fCC6a9eC0839B6A"
time="2025-03-11T09:51:05+08:00" level=info msg="roles: map[4:starter 5:donor 6:donor 7:starter]"
