time="2025-04-17T08:38:01+08:00" level=info msg="ConfimationMode(hard),Init EventDispatchers and Start WatchDataFinalizedV3"
time="2025-04-17T08:39:21+08:00" level=info msg="Authorization: eyJhbGciOiJIUzI1NiIsInR5cCI6IkpXVCJ9.eyJhZGRyZXNzIjoiMHhjRThEZTk3NDJCQkEzYTVEMDM5Q2Y3NTE2ZkNDNmE5ZUMwODM5QjZBIiwiZXhwIjoxNzQzOTI1NTQ4LCJpYXQiOjE3NDM4MzkxNDgsInJvbGVzIjp7IjEwIjoiZG9ub3IiLCI0Ijoic3RhcnRlciIsIjUiOiJkb25vciIsIjYiOiJkb25vciIsIjciOiJzdGFydGVyIiwiOSI6InN0YXJ0ZXIifX0.9rl5AcsoJgyRy5-ee6Hjz52cG_SJW18n1ZCwm5QKMsQ"
time="2025-04-17T08:40:06+08:00" level=info msg="Authorization: eyJhbGciOiJIUzI1NiIsInR5cCI6IkpXVCJ9.eyJhZGRyZXNzIjoiMHhjZGY2ZDg3NjJhNTE5ZTJlMTVlMTJjOGY3ODE1NmFmMzBhNWYyNDcxIiwiZXhwIjoxNzQ0OTM2NzgzLCJpYXQiOjE3NDQ4NTAzODMsInJvbGVzIjp7IjEwIjoic3RhcnRlciIsIjQiOiJkb25vciIsIjUiOiJzdGFydGVyIiwiNyI6ImRvbm9yIiwiOSI6ImRvbm9yIn19.phE4-6hYq1GWieoUGrc4iORUGbzfG9WcEgbAn52yVkU"
time="2025-04-17T08:40:06+08:00" level=info msg="address: 0xcdf6d8762a519e2e15e12c8f78156af30a5f2471"
time="2025-04-17T08:40:06+08:00" level=info msg="roles: map[10:starter 4:donor 5:starter 7:donor 9:donor]"
time="2025-04-17T08:40:11+08:00" level=info msg="Authorization: eyJhbGciOiJIUzI1NiIsInR5cCI6IkpXVCJ9.eyJhZGRyZXNzIjoiMHhjZGY2ZDg3NjJhNTE5ZTJlMTVlMTJjOGY3ODE1NmFmMzBhNWYyNDcxIiwiZXhwIjoxNzQ0OTM2NzgzLCJpYXQiOjE3NDQ4NTAzODMsInJvbGVzIjp7IjEwIjoic3RhcnRlciIsIjQiOiJkb25vciIsIjUiOiJzdGFydGVyIiwiNyI6ImRvbm9yIiwiOSI6ImRvbm9yIn19.phE4-6hYq1GWieoUGrc4iORUGbzfG9WcEgbAn52yVkU"
time="2025-04-17T08:40:11+08:00" level=info msg="address: 0xcdf6d8762a519e2e15e12c8f78156af30a5f2471"
time="2025-04-17T08:40:11+08:00" level=info msg="roles: map[10:starter 4:donor 5:starter 7:donor 9:donor]"
time="2025-04-17T08:40:15+08:00" level=info msg="Authorization: eyJhbGciOiJIUzI1NiIsInR5cCI6IkpXVCJ9.eyJhZGRyZXNzIjoiMHhjZGY2ZDg3NjJhNTE5ZTJlMTVlMTJjOGY3ODE1NmFmMzBhNWYyNDcxIiwiZXhwIjoxNzQ0OTM2NzgzLCJpYXQiOjE3NDQ4NTAzODMsInJvbGVzIjp7IjEwIjoic3RhcnRlciIsIjQiOiJkb25vciIsIjUiOiJzdGFydGVyIiwiNyI6ImRvbm9yIiwiOSI6ImRvbm9yIn19.phE4-6hYq1GWieoUGrc4iORUGbzfG9WcEgbAn52yVkU"
time="2025-04-17T08:40:15+08:00" level=info msg="address: 0xcdf6d8762a519e2e15e12c8f78156af30a5f2471"
time="2025-04-17T08:40:15+08:00" level=info msg="roles: map[10:starter 4:donor 5:starter 7:donor 9:donor]"
time="2025-04-17T08:40:27+08:00" level=info msg="Authorization: eyJhbGciOiJIUzI1NiIsInR5cCI6IkpXVCJ9.eyJhZGRyZXNzIjoiMHhjRThEZTk3NDJCQkEzYTVEMDM5Q2Y3NTE2ZkNDNmE5ZUMwODM5QjZBIiwiZXhwIjoxNzQzOTI1NTQ4LCJpYXQiOjE3NDM4MzkxNDgsInJvbGVzIjp7IjEwIjoiZG9ub3IiLCI0Ijoic3RhcnRlciIsIjUiOiJkb25vciIsIjYiOiJkb25vciIsIjciOiJzdGFydGVyIiwiOSI6InN0YXJ0ZXIifX0.9rl5AcsoJgyRy5-ee6Hjz52cG_SJW18n1ZCwm5QKMsQ"
time="2025-04-17T08:40:29+08:00" level=info msg="Authorization: eyJhbGciOiJIUzI1NiIsInR5cCI6IkpXVCJ9.eyJhZGRyZXNzIjoiMHhjRThEZTk3NDJCQkEzYTVEMDM5Q2Y3NTE2ZkNDNmE5ZUMwODM5QjZBIiwiZXhwIjoxNzQzOTI1NTQ4LCJpYXQiOjE3NDM4MzkxNDgsInJvbGVzIjp7IjEwIjoiZG9ub3IiLCI0Ijoic3RhcnRlciIsIjUiOiJkb25vciIsIjYiOiJkb25vciIsIjciOiJzdGFydGVyIiwiOSI6InN0YXJ0ZXIifX0.9rl5AcsoJgyRy5-ee6Hjz52cG_SJW18n1ZCwm5QKMsQ"
time="2025-04-17T08:40:30+08:00" level=info msg="Authorization: eyJhbGciOiJIUzI1NiIsInR5cCI6IkpXVCJ9.eyJhZGRyZXNzIjoiMHhjRThEZTk3NDJCQkEzYTVEMDM5Q2Y3NTE2ZkNDNmE5ZUMwODM5QjZBIiwiZXhwIjoxNzQzOTI1NTQ4LCJpYXQiOjE3NDM4MzkxNDgsInJvbGVzIjp7IjEwIjoiZG9ub3IiLCI0Ijoic3RhcnRlciIsIjUiOiJkb25vciIsIjYiOiJkb25vciIsIjciOiJzdGFydGVyIiwiOSI6InN0YXJ0ZXIifX0.9rl5AcsoJgyRy5-ee6Hjz52cG_SJW18n1ZCwm5QKMsQ"
time="2025-04-17T08:41:31+08:00" level=info msg="Authorization: eyJhbGciOiJIUzI1NiIsInR5cCI6IkpXVCJ9.eyJhZGRyZXNzIjoiMHhjRThEZTk3NDJCQkEzYTVEMDM5Q2Y3NTE2ZkNDNmE5ZUMwODM5QjZBIiwiZXhwIjoxNzQzOTI1NTQ4LCJpYXQiOjE3NDM4MzkxNDgsInJvbGVzIjp7IjEwIjoiZG9ub3IiLCI0Ijoic3RhcnRlciIsIjUiOiJkb25vciIsIjYiOiJkb25vciIsIjciOiJzdGFydGVyIiwiOSI6InN0YXJ0ZXIifX0.9rl5AcsoJgyRy5-ee6Hjz52cG_SJW18n1ZCwm5QKMsQ"
time="2025-04-17T08:45:26+08:00" level=info msg="ConfimationMode(hard),Init EventDispatchers and Start WatchDataFinalizedV3"
time="2025-04-17T08:45:36+08:00" level=info msg="Authorization: eyJhbGciOiJIUzI1NiIsInR5cCI6IkpXVCJ9.eyJhZGRyZXNzIjoiMHhjRThEZTk3NDJCQkEzYTVEMDM5Q2Y3NTE2ZkNDNmE5ZUMwODM5QjZBIiwiZXhwIjoxNzQzOTI1NTQ4LCJpYXQiOjE3NDM4MzkxNDgsInJvbGVzIjp7IjEwIjoiZG9ub3IiLCI0Ijoic3RhcnRlciIsIjUiOiJkb25vciIsIjYiOiJkb25vciIsIjciOiJzdGFydGVyIiwiOSI6InN0YXJ0ZXIifX0.9rl5AcsoJgyRy5-ee6Hjz52cG_SJW18n1ZCwm5QKMsQ"
time="2025-04-17T10:08:25+08:00" level=info msg="ConfimationMode(hard),Init EventDispatchers and Start WatchDataFinalizedV3"
time="2025-04-17T11:40:47+08:00" level=info msg="Authorization: Bearer eyJhbGciOiJIUzI1NiIsInR5cCI6IkpXVCJ9.eyJhZGRyZXNzIjoiMHhjZThkZTk3NDJiYmEzYTVkMDM5Y2Y3NTE2ZmNjNmE5ZWMwODM5YjZhIiwiZXhwIjoxNzQ1NDYwNTQwLCJpYXQiOjE3NDQ4NTU3NDAsInJvbGVzIjp7IjEwIjoiZG9ub3IiLCI0Ijoic3RhcnRlciIsIjUiOiJkb25vciIsIjYiOiJkb25vciIsIjciOiJzdGFydGVyIiwiOSI6InN0YXJ0ZXIifSwidHlwZSI6InJlZnJlc2gifQ.scMuDp1loL4q-dVHkOrs3elascnl8Pp5qOJYRm2y8pQ"
time="2025-04-17T11:40:58+08:00" level=info msg="Authorization: Bearer eyJhbGciOiJIUzI1NiIsInR5cCI6IkpXVCJ9.eyJhZGRyZXNzIjoiMHhjZThkZTk3NDJiYmEzYTVkMDM5Y2Y3NTE2ZmNjNmE5ZWMwODM5YjZhIiwiZXhwIjoxNzQ1NDY2MDU4LCJpYXQiOjE3NDQ4NjEyNTgsInJvbGVzIjp7IjEwIjoiZG9ub3IiLCI0Ijoic3RhcnRlciIsIjUiOiJkb25vciIsIjYiOiJkb25vciIsIjciOiJzdGFydGVyIiwiOSI6InN0YXJ0ZXIifSwidHlwZSI6InJlZnJlc2gifQ.-lut2YjtF89vEpTsoSv_4IV-e2q2Cg2oEnp-LQodmtk"
time="2025-04-17T11:41:05+08:00" level=info msg="Authorization: Bearer eyJhbGciOiJIUzI1NiIsInR5cCI6IkpXVCJ9.eyJhZGRyZXNzIjoiMHhjZThkZTk3NDJiYmEzYTVkMDM5Y2Y3NTE2ZmNjNmE5ZWMwODM5YjZhIiwiZXhwIjoxNzQ1NDY2MDY1LCJpYXQiOjE3NDQ4NjEyNjUsInJvbGVzIjp7IjEwIjoiZG9ub3IiLCI0Ijoic3RhcnRlciIsIjUiOiJkb25vciIsIjYiOiJkb25vciIsIjciOiJzdGFydGVyIiwiOSI6InN0YXJ0ZXIifSwidHlwZSI6InJlZnJlc2gifQ.aeNF1E7BiUFD85UtDE33jSCVBVnIRy4Yph2TO5T2WXI"
time="2025-04-17T11:43:23+08:00" level=info msg="ConfimationMode(hard),Init EventDispatchers and Start WatchDataFinalizedV3"
time="2025-04-17T18:54:11+08:00" level=info msg="ConfimationMode(hard),Init EventDispatchers and Start WatchDataFinalizedV3"
time="2025-04-17T19:02:06+08:00" level=info msg="ConfimationMode(hard),Init EventDispatchers and Start WatchDataFinalizedV3"
