time="2025-03-10T09:14:29+08:00" level=info msg="Authorization: "
time="2025-03-10T09:14:35+08:00" level=info msg="Authorization: eyJhbGciOiJIUzI1NiIsInR5cCI6IkpXVCJ9.eyJhZGRyZXNzIjoiMHhmMjFhN2U3MjU3ODdkN2YyY2IxZDZjMzNlMjkwOTFjYWQ1MjIwMDhiIiwiZXhwIjoxNzQxNjU1NjcwLCJpYXQiOjE3NDE1NjkyNzAsInJvbGVzIjp7IjYiOiJzdGFydGVyIiwiOCI6InN0YXJ0ZXIifX0.jtwDAvEcBitpyEYH-sRdJcXDADo25DAIZ-UTHtM0LR4"
time="2025-03-10T09:14:35+08:00" level=info msg="address: 0xf21a7e725787d7f2cb1d6c33e29091cad522008b"
time="2025-03-10T09:14:35+08:00" level=info msg="roles: map[6:starter 8:starter]"
time="2025-03-10T09:15:27+08:00" level=info msg="acquire lock for event event:0x1f8b4c4a138360ae6d76f1b4f4d7c8b3066935737377f824984b88827c302db6:12"
time="2025-03-10T09:15:29+08:00" level=info msg="Authorization: eyJhbGciOiJIUzI1NiIsInR5cCI6IkpXVCJ9.eyJhZGRyZXNzIjoiMHhjZThkZTk3NDJiYmEzYTVkMDM5Y2Y3NTE2ZmNjNmE5ZWMwODM5YjZhIiwiZXhwIjoxNzQxNjU1NzE2LCJpYXQiOjE3NDE1NjkzMTYsInJvbGVzIjp7IjQiOiJzdGFydGVyIiwiNyI6InN0YXJ0ZXIifX0.mA6QGkt3hO4UYKb5Mbimqx_RlPMhDgdPbArw_nUw_X4"
time="2025-03-10T09:15:29+08:00" level=info msg="address: 0xce8de9742bba3a5d039cf7516fcc6a9ec0839b6a"
time="2025-03-10T09:15:29+08:00" level=info msg="roles: map[4:starter 7:starter]"
time="2025-03-10T09:15:36+08:00" level=info msg="Authorization: eyJhbGciOiJIUzI1NiIsInR5cCI6IkpXVCJ9.eyJhZGRyZXNzIjoiMHhjZThkZTk3NDJiYmEzYTVkMDM5Y2Y3NTE2ZmNjNmE5ZWMwODM5YjZhIiwiZXhwIjoxNzQxNjU1NzE2LCJpYXQiOjE3NDE1NjkzMTYsInJvbGVzIjp7IjQiOiJzdGFydGVyIiwiNyI6InN0YXJ0ZXIifX0.mA6QGkt3hO4UYKb5Mbimqx_RlPMhDgdPbArw_nUw_X4"
time="2025-03-10T09:15:36+08:00" level=info msg="address: 0xce8de9742bba3a5d039cf7516fcc6a9ec0839b6a"
time="2025-03-10T09:15:36+08:00" level=info msg="roles: map[4:starter 7:starter]"
time="2025-03-10T09:16:24+08:00" level=info msg="acquire lock for event event:0x384c1fc4d1844bb2a02ef99deedd4e11b016ee9d35e878910c4052fc6e6d89e1:0"
time="2025-03-10T09:16:27+08:00" level=info msg="Authorization: eyJhbGciOiJIUzI1NiIsInR5cCI6IkpXVCJ9.eyJhZGRyZXNzIjoiMHhjZGY2ZDg3NjJhNTE5ZTJlMTVlMTJjOGY3ODE1NmFmMzBhNWYyNDcxIiwiZXhwIjoxNzQxNjU1NzY0LCJpYXQiOjE3NDE1NjkzNjQsInJvbGVzIjp7IjQiOiJkb25vciIsIjUiOiJzdGFydGVyIn19.MpTbcFY0p2W_IrVPKKljkYEj11rYeZzt695qBYUubS4"
time="2025-03-10T09:16:27+08:00" level=info msg="address: 0xcdf6d8762a519e2e15e12c8f78156af30a5f2471"
time="2025-03-10T09:16:27+08:00" level=info msg="roles: map[4:donor 5:starter]"
time="2025-03-10T09:16:33+08:00" level=info msg="Authorization: eyJhbGciOiJIUzI1NiIsInR5cCI6IkpXVCJ9.eyJhZGRyZXNzIjoiMHhjZGY2ZDg3NjJhNTE5ZTJlMTVlMTJjOGY3ODE1NmFmMzBhNWYyNDcxIiwiZXhwIjoxNzQxNjU1NzY0LCJpYXQiOjE3NDE1NjkzNjQsInJvbGVzIjp7IjQiOiJkb25vciIsIjUiOiJzdGFydGVyIn19.MpTbcFY0p2W_IrVPKKljkYEj11rYeZzt695qBYUubS4"
time="2025-03-10T09:16:33+08:00" level=info msg="address: 0xcdf6d8762a519e2e15e12c8f78156af30a5f2471"
time="2025-03-10T09:16:33+08:00" level=info msg="roles: map[4:donor 5:starter]"
time="2025-03-10T09:17:00+08:00" level=info msg="acquire lock for event event:0xbc299689271886424dbefa62beb8ca9ffbf1e11629e31349189c785f74e6897c:1"
time="2025-03-10T09:17:04+08:00" level=info msg="Authorization: eyJhbGciOiJIUzI1NiIsInR5cCI6IkpXVCJ9.eyJhZGRyZXNzIjoiMHhjZThkZTk3NDJiYmEzYTVkMDM5Y2Y3NTE2ZmNjNmE5ZWMwODM5YjZhIiwiZXhwIjoxNzQxNjU1NzE2LCJpYXQiOjE3NDE1NjkzMTYsInJvbGVzIjp7IjQiOiJzdGFydGVyIiwiNyI6InN0YXJ0ZXIifX0.mA6QGkt3hO4UYKb5Mbimqx_RlPMhDgdPbArw_nUw_X4"
time="2025-03-10T09:17:04+08:00" level=info msg="address: 0xce8de9742bba3a5d039cf7516fcc6a9ec0839b6a"
time="2025-03-10T09:17:04+08:00" level=info msg="roles: map[4:starter 7:starter]"
time="2025-03-10T09:17:10+08:00" level=info msg="Authorization: eyJhbGciOiJIUzI1NiIsInR5cCI6IkpXVCJ9.eyJhZGRyZXNzIjoiMHhjZThkZTk3NDJiYmEzYTVkMDM5Y2Y3NTE2ZmNjNmE5ZWMwODM5YjZhIiwiZXhwIjoxNzQxNjU1NzE2LCJpYXQiOjE3NDE1NjkzMTYsInJvbGVzIjp7IjQiOiJzdGFydGVyIiwiNyI6InN0YXJ0ZXIifX0.mA6QGkt3hO4UYKb5Mbimqx_RlPMhDgdPbArw_nUw_X4"
time="2025-03-10T09:17:10+08:00" level=info msg="address: 0xce8de9742bba3a5d039cf7516fcc6a9ec0839b6a"
time="2025-03-10T09:17:10+08:00" level=info msg="roles: map[4:starter 7:starter]"
time="2025-03-10T09:17:27+08:00" level=info msg="Authorization: eyJhbGciOiJIUzI1NiIsInR5cCI6IkpXVCJ9.eyJhZGRyZXNzIjoiMHhjRThEZTk3NDJCQkEzYTVEMDM5Q2Y3NTE2ZkNDNmE5ZUMwODM5QjZBIiwiZXhwIjoxNzQxNjU1ODMyLCJpYXQiOjE3NDE1Njk0MzIsInJvbGVzIjp7IjQiOiJzdGFydGVyIiwiNSI6ImRvbm9yIiwiNyI6InN0YXJ0ZXIifX0.P1Qa6zZNviXXRlSZdKspjzvGW9BuESrS8Ya0nvVtYNw"
time="2025-03-10T09:17:27+08:00" level=info msg="address: 0xcE8De9742BBA3a5D039Cf7516fCC6a9eC0839B6A"
time="2025-03-10T09:17:27+08:00" level=info msg="roles: map[4:starter 5:donor 7:starter]"
time="2025-03-10T09:17:46+08:00" level=info msg="acquire lock for event event:0xce50ebcb77c1d629d691d23f5daff3718d1bf1892ae2079795ff8bd1045160de:0"
time="2025-03-10T09:17:49+08:00" level=info msg="Minting NFT for Diamond at 80,donor :0xcE8De9742BBA3a5D039Cf7516fCC6a9eC0839B6A"
time="2025-03-10T09:17:52+08:00" level=info msg="Authorization: eyJhbGciOiJIUzI1NiIsInR5cCI6IkpXVCJ9.eyJhZGRyZXNzIjoiMHhjZGY2ZDg3NjJhNTE5ZTJlMTVlMTJjOGY3ODE1NmFmMzBhNWYyNDcxIiwiZXhwIjoxNzQxNjU1NzY0LCJpYXQiOjE3NDE1NjkzNjQsInJvbGVzIjp7IjQiOiJkb25vciIsIjUiOiJzdGFydGVyIn19.MpTbcFY0p2W_IrVPKKljkYEj11rYeZzt695qBYUubS4"
time="2025-03-10T09:17:52+08:00" level=info msg="address: 0xcdf6d8762a519e2e15e12c8f78156af30a5f2471"
time="2025-03-10T09:17:52+08:00" level=info msg="roles: map[4:donor 5:starter]"
time="2025-03-10T09:17:52+08:00" level=info msg="acquire lock for event event:0x08286108df8f13065bd027e7f6a71929f5e5b12e079ead11d24b174cb400d3e4:1"
time="2025-03-10T09:17:52+08:00" level=warning msg="Unhandled event signature: 0xf8e1a15aba9398e019f0b49df1a4fde98ee17ae345cb5f6b5e2c27f5033e8ce7"
time="2025-03-10T09:17:52+08:00" level=info msg="acquire lock for event event:0x08286108df8f13065bd027e7f6a71929f5e5b12e079ead11d24b174cb400d3e4:0"
time="2025-03-10T09:17:52+08:00" level=info msg="acquire lock for event event:0x08286108df8f13065bd027e7f6a71929f5e5b12e079ead11d24b174cb400d3e4:2"
time="2025-03-10T09:17:52+08:00" level=warning msg="Unhandled event signature: 0xddf252ad1be2c89b69c2b068fc378daa952ba7f163c4a11628f55a4df523b3ef"
time="2025-03-10T09:17:52+08:00" level=warning msg="Unhandled event signature: 0xd35bb95e09c04b219e35047ce7b7b300e3384264ef84a40456943dbc0fc17c14"
time="2025-03-10T09:18:01+08:00" level=info msg="Authorization: eyJhbGciOiJIUzI1NiIsInR5cCI6IkpXVCJ9.eyJhZGRyZXNzIjoiMHhjZGY2ZDg3NjJhNTE5ZTJlMTVlMTJjOGY3ODE1NmFmMzBhNWYyNDcxIiwiZXhwIjoxNzQxNjU1NzY0LCJpYXQiOjE3NDE1NjkzNjQsInJvbGVzIjp7IjQiOiJkb25vciIsIjUiOiJzdGFydGVyIn19.MpTbcFY0p2W_IrVPKKljkYEj11rYeZzt695qBYUubS4"
time="2025-03-10T09:18:01+08:00" level=info msg="address: 0xcdf6d8762a519e2e15e12c8f78156af30a5f2471"
time="2025-03-10T09:18:01+08:00" level=info msg="roles: map[4:donor 5:starter]"
time="2025-03-10T09:18:23+08:00" level=info msg="Authorization: "
time="2025-03-10T09:18:23+08:00" level=info msg="Authorization: "
time="2025-03-10T09:18:31+08:00" level=info msg="Authorization: eyJhbGciOiJIUzI1NiIsInR5cCI6IkpXVCJ9.eyJhZGRyZXNzIjoiMHhjRThEZTk3NDJCQkEzYTVEMDM5Q2Y3NTE2ZkNDNmE5ZUMwODM5QjZBIiwiZXhwIjoxNzQxNjU1ODMyLCJpYXQiOjE3NDE1Njk0MzIsInJvbGVzIjp7IjQiOiJzdGFydGVyIiwiNSI6ImRvbm9yIiwiNyI6InN0YXJ0ZXIifX0.P1Qa6zZNviXXRlSZdKspjzvGW9BuESrS8Ya0nvVtYNw"
time="2025-03-10T09:18:31+08:00" level=info msg="address: 0xcE8De9742BBA3a5D039Cf7516fCC6a9eC0839B6A"
time="2025-03-10T09:18:31+08:00" level=info msg="roles: map[4:starter 5:donor 7:starter]"
time="2025-03-10T09:18:35+08:00" level=info msg="Authorization: "
time="2025-03-10T09:18:35+08:00" level=info msg="Authorization: "
time="2025-03-10T09:22:06+08:00" level=info msg="Authorization: eyJhbGciOiJIUzI1NiIsInR5cCI6IkpXVCJ9.eyJhZGRyZXNzIjoiMHhjRThEZTk3NDJCQkEzYTVEMDM5Q2Y3NTE2ZkNDNmE5ZUMwODM5QjZBIiwiZXhwIjoxNzQxNjU1ODMyLCJpYXQiOjE3NDE1Njk0MzIsInJvbGVzIjp7IjQiOiJzdGFydGVyIiwiNSI6ImRvbm9yIiwiNyI6InN0YXJ0ZXIifX0.P1Qa6zZNviXXRlSZdKspjzvGW9BuESrS8Ya0nvVtYNw"
time="2025-03-10T09:22:06+08:00" level=info msg="address: 0xcE8De9742BBA3a5D039Cf7516fCC6a9eC0839B6A"
time="2025-03-10T09:22:06+08:00" level=info msg="roles: map[4:starter 5:donor 7:starter]"
time="2025-03-10T09:22:34+08:00" level=info msg="Authorization: eyJhbGciOiJIUzI1NiIsInR5cCI6IkpXVCJ9.eyJhZGRyZXNzIjoiMHhjRThEZTk3NDJCQkEzYTVEMDM5Q2Y3NTE2ZkNDNmE5ZUMwODM5QjZBIiwiZXhwIjoxNzQxNjU1ODMyLCJpYXQiOjE3NDE1Njk0MzIsInJvbGVzIjp7IjQiOiJzdGFydGVyIiwiNSI6ImRvbm9yIiwiNyI6InN0YXJ0ZXIifX0.P1Qa6zZNviXXRlSZdKspjzvGW9BuESrS8Ya0nvVtYNw"
time="2025-03-10T09:22:34+08:00" level=info msg="address: 0xcE8De9742BBA3a5D039Cf7516fCC6a9eC0839B6A"
time="2025-03-10T09:22:34+08:00" level=info msg="roles: map[4:starter 5:donor 7:starter]"
time="2025-03-10T09:23:15+08:00" level=info msg="Authorization: eyJhbGciOiJIUzI1NiIsInR5cCI6IkpXVCJ9.eyJhZGRyZXNzIjoiMHhjRThEZTk3NDJCQkEzYTVEMDM5Q2Y3NTE2ZkNDNmE5ZUMwODM5QjZBIiwiZXhwIjoxNzQxNjU1ODMyLCJpYXQiOjE3NDE1Njk0MzIsInJvbGVzIjp7IjQiOiJzdGFydGVyIiwiNSI6ImRvbm9yIiwiNyI6InN0YXJ0ZXIifX0.P1Qa6zZNviXXRlSZdKspjzvGW9BuESrS8Ya0nvVtYNw"
time="2025-03-10T09:23:15+08:00" level=info msg="address: 0xcE8De9742BBA3a5D039Cf7516fCC6a9eC0839B6A"
time="2025-03-10T09:23:15+08:00" level=info msg="roles: map[4:starter 5:donor 7:starter]"
time="2025-03-10T09:23:18+08:00" level=info msg="Authorization: eyJhbGciOiJIUzI1NiIsInR5cCI6IkpXVCJ9.eyJhZGRyZXNzIjoiMHhjRThEZTk3NDJCQkEzYTVEMDM5Q2Y3NTE2ZkNDNmE5ZUMwODM5QjZBIiwiZXhwIjoxNzQxNjU1ODMyLCJpYXQiOjE3NDE1Njk0MzIsInJvbGVzIjp7IjQiOiJzdGFydGVyIiwiNSI6ImRvbm9yIiwiNyI6InN0YXJ0ZXIifX0.P1Qa6zZNviXXRlSZdKspjzvGW9BuESrS8Ya0nvVtYNw"
time="2025-03-10T09:23:18+08:00" level=info msg="Authorization: eyJhbGciOiJIUzI1NiIsInR5cCI6IkpXVCJ9.eyJhZGRyZXNzIjoiMHhjRThEZTk3NDJCQkEzYTVEMDM5Q2Y3NTE2ZkNDNmE5ZUMwODM5QjZBIiwiZXhwIjoxNzQxNjU1ODMyLCJpYXQiOjE3NDE1Njk0MzIsInJvbGVzIjp7IjQiOiJzdGFydGVyIiwiNSI6ImRvbm9yIiwiNyI6InN0YXJ0ZXIifX0.P1Qa6zZNviXXRlSZdKspjzvGW9BuESrS8Ya0nvVtYNw"
time="2025-03-10T09:23:18+08:00" level=info msg="address: 0xcE8De9742BBA3a5D039Cf7516fCC6a9eC0839B6A"
time="2025-03-10T09:23:18+08:00" level=info msg="address: 0xcE8De9742BBA3a5D039Cf7516fCC6a9eC0839B6A"
time="2025-03-10T09:23:18+08:00" level=info msg="roles: map[4:starter 5:donor 7:starter]"
time="2025-03-10T09:23:18+08:00" level=info msg="roles: map[4:starter 5:donor 7:starter]"
